Using pre-set license
Built from '2021.1/release' branch; Version is '2021.1.4f1 (4cd64a618c1b) revision 5035594'; Using compiler version '192528614'; Build Type 'Release'
OS: 'Windows 10 Home; OS build 19043.1288; Version 2009; 64bit' Language: 'es' Physical Memory: 16260 MB
BatchMode: 1, IsHumanControllingUs: 0, StartBugReporterOnCrash: 0, Is64bit: 1, IsPro: 0

 COMMAND LINE ARGUMENTS:
D:\Unity Editor\2021.1.4f1\Editor\Unity.exe
-adb2
-batchMode
-noUpm
-name
AssetImportWorker5
-projectPath
D:/Proyectos/Juegos/Proyecto3Prototype2
-logFile
Logs/AssetImportWorker5.log
-srvPort
57904
Successfully changed project path to: D:/Proyectos/Juegos/Proyecto3Prototype2
D:/Proyectos/Juegos/Proyecto3Prototype2
Using Asset Import Pipeline V2.
Refreshing native plugins compatible for Editor in 83.24 ms, found 0 plugins.
Preloading 0 native plugins for Editor in 0.00 ms.
Initialize engine version: 2021.1.4f1 (4cd64a618c1b)
[Subsystems] Discovering subsystems at path D:/Unity Editor/2021.1.4f1/Editor/Data/Resources/UnitySubsystems
[Subsystems] Discovering subsystems at path D:/Proyectos/Juegos/Proyecto3Prototype2/Assets
GfxDevice: creating device client; threaded=0; jobified=0
Direct3D:
    Version:  Direct3D 11.0 [level 11.1]
    Renderer: NVIDIA GeForce GTX 1060 (ID=0x1c20)
    Vendor:   NVIDIA
    VRAM:     6052 MB
    Driver:   27.21.14.6611
Initialize mono
Mono path[0] = 'D:/Unity Editor/2021.1.4f1/Editor/Data/Managed'
Mono path[1] = 'D:/Unity Editor/2021.1.4f1/Editor/Data/MonoBleedingEdge/lib/mono/unityjit'
Mono config path = 'D:/Unity Editor/2021.1.4f1/Editor/Data/MonoBleedingEdge/etc'
Using monoOptions --debugger-agent=transport=dt_socket,embedding=1,server=y,suspend=n,address=127.0.0.1:56840
Begin MonoManager ReloadAssembly
Registering precompiled unity dll's ...
Register platform support module: D:/Unity Editor/2021.1.4f1/Editor/Data/PlaybackEngines/WindowsStandaloneSupport/UnityEditor.WindowsStandalone.Extensions.dll
Registered in 0.001171 seconds.
Native extension for WindowsStandalone target not found
Refreshing native plugins compatible for Editor in 83.61 ms, found 0 plugins.
Preloading 0 native plugins for Editor in 0.00 ms.
Mono: successfully reloaded assembly
- Completed reload, in  1.516 seconds
Platform modules already initialized, skipping
Registering precompiled user dll's ...
Registered in 0.001740 seconds.
Begin MonoManager ReloadAssembly
Native extension for WindowsStandalone target not found
Refreshing native plugins compatible for Editor in 89.74 ms, found 0 plugins.
Preloading 0 native plugins for Editor in 0.00 ms.
Mono: successfully reloaded assembly
- Completed reload, in  1.266 seconds
Platform modules already initialized, skipping
========================================================================
Worker process is ready to serve import requests
Launched and connected shader compiler UnityShaderCompiler.exe after 0.31 seconds
Refreshing native plugins compatible for Editor in 0.91 ms, found 0 plugins.
Preloading 0 native plugins for Editor in 0.00 ms.
Unloading 2760 Unused Serialized files (Serialized files now loaded: 0)
System memory in use before: 127.5 MB.
System memory in use after: 127.4 MB.

Unloading 43 unused Assets to reduce memory usage. Loaded Objects now: 3223.
Total: 9.924500 ms (FindLiveObjects: 0.358400 ms CreateObjectMapping: 0.211700 ms MarkObjects: 8.908100 ms  DeleteObjects: 0.444900 ms)

========================================================================
Received Import Request.
  path: Assets/Sci-Fi Modular Pack v1.23/Rooms Scene - Baked.unity
  artifactKey: Guid(638c85a96160a0f4cb6f4f50f3f596be) Importer(815301076,1909f56bfc062723c751e8b465ee728b)
Start importing Assets/Sci-Fi Modular Pack v1.23/Rooms Scene - Baked.unity using Guid(638c85a96160a0f4cb6f4f50f3f596be) Importer(815301076,1909f56bfc062723c751e8b465ee728b)  -> (artifact id: '11e08643dc78f6f768e4183b0e6627c1') in 0.020791 seconds 
========================================================================
Received Prepare
Refreshing native plugins compatible for Editor in 11.35 ms, found 0 plugins.
Preloading 0 native plugins for Editor in 0.00 ms.
Unloading 32 Unused Serialized files (Serialized files now loaded: 0)
System memory in use before: 68.4 MB.
System memory in use after: 68.4 MB.

Unloading 32 unused Assets to reduce memory usage. Loaded Objects now: 3223.
Total: 9.133100 ms (FindLiveObjects: 0.384900 ms CreateObjectMapping: 0.237700 ms MarkObjects: 8.315900 ms  DeleteObjects: 0.193000 ms)

========================================================================
Received Import Request.
  Time since last request: 235.313323 seconds.
  path: Assets/Sci-Fi Modular Pack v1.23/Rooms Scene - Realtime.unity
  artifactKey: Guid(1b95637ad62a858469d56d421f1ad8eb) Importer(815301076,1909f56bfc062723c751e8b465ee728b)
Start importing Assets/Sci-Fi Modular Pack v1.23/Rooms Scene - Realtime.unity using Guid(1b95637ad62a858469d56d421f1ad8eb) Importer(815301076,1909f56bfc062723c751e8b465ee728b)  -> (artifact id: '1a00eaf4ffa532b2f19ed858145aa8c2') in 0.043858 seconds 
========================================================================
Received Prepare
Registering precompiled user dll's ...
Registered in 0.002780 seconds.
Begin MonoManager ReloadAssembly
Native extension for WindowsStandalone target not found
Refreshing native plugins compatible for Editor in 0.82 ms, found 0 plugins.
Preloading 0 native plugins for Editor in 0.00 ms.
Mono: successfully reloaded assembly
- Completed reload, in  0.900 seconds
Platform modules already initialized, skipping
Refreshing native plugins compatible for Editor in 0.88 ms, found 0 plugins.
Preloading 0 native plugins for Editor in 0.00 ms.
Unloading 2696 Unused Serialized files (Serialized files now loaded: 0)
System memory in use before: 121.5 MB.
System memory in use after: 121.4 MB.

Unloading 34 unused Assets to reduce memory usage. Loaded Objects now: 3226.
Total: 6.617200 ms (FindLiveObjects: 0.231400 ms CreateObjectMapping: 0.111200 ms MarkObjects: 6.067400 ms  DeleteObjects: 0.206300 ms)

========================================================================
Received Import Request.
  Time since last request: 612.392139 seconds.
  path: Assets/Sci-Fi Modular Pack v1.23/Rooms Scene - Baked
  artifactKey: Guid(874bfaac59961c14ba2ea88f1bbf9beb) Importer(815301076,1909f56bfc062723c751e8b465ee728b)
Start importing Assets/Sci-Fi Modular Pack v1.23/Rooms Scene - Baked using Guid(874bfaac59961c14ba2ea88f1bbf9beb) Importer(815301076,1909f56bfc062723c751e8b465ee728b)  -> (artifact id: '7a3c9c602b70b24a75ede4bd949e5eb3') in 0.007887 seconds 
========================================================================
Received Import Request.
  Time since last request: 0.000302 seconds.
  path: Assets/Sci-Fi Modular Pack v1.23/Scripts
  artifactKey: Guid(33533a0fbfe09ee428f37e26b85d130a) Importer(815301076,1909f56bfc062723c751e8b465ee728b)
Start importing Assets/Sci-Fi Modular Pack v1.23/Scripts using Guid(33533a0fbfe09ee428f37e26b85d130a) Importer(815301076,1909f56bfc062723c751e8b465ee728b)  -> (artifact id: 'e7a5dcbf38f3e41ecb1cc16c8dc92b32') in 0.021131 seconds 
========================================================================
Received Import Request.
  Time since last request: 0.000369 seconds.
  path: Assets/Sci-Fi Modular Pack v1.23/Rooms Scene - Baked_Profiles/MainCamera Profile.asset
  artifactKey: Guid(780e21b788db9624785539678b24283b) Importer(815301076,1909f56bfc062723c751e8b465ee728b)
Start importing Assets/Sci-Fi Modular Pack v1.23/Rooms Scene - Baked_Profiles/MainCamera Profile.asset using Guid(780e21b788db9624785539678b24283b) Importer(815301076,1909f56bfc062723c751e8b465ee728b)  -> (artifact id: '7284fde70b7c5bfac626bc270bb72956') in 0.117991 seconds 
========================================================================
Received Import Request.
  Time since last request: 0.000319 seconds.
  path: Assets/Sci-Fi Modular Pack v1.23/Rooms Scene - Baked_Profiles
  artifactKey: Guid(cb137d4c5172cc54d9f482675e911e53) Importer(815301076,1909f56bfc062723c751e8b465ee728b)
Start importing Assets/Sci-Fi Modular Pack v1.23/Rooms Scene - Baked_Profiles using Guid(cb137d4c5172cc54d9f482675e911e53) Importer(815301076,1909f56bfc062723c751e8b465ee728b)  -> (artifact id: '45057587ae4ff93a1ac03b91686c2749') in 0.006853 seconds 
========================================================================
Received Import Request.
  Time since last request: 0.000358 seconds.
  path: Assets/Sci-Fi Modular Pack v1.23/Rooms Scene - Baked/OcclusionCullingData.asset
  artifactKey: Guid(28c98f5a4bc66514992f3cad8382d926) Importer(815301076,1909f56bfc062723c751e8b465ee728b)
Start importing Assets/Sci-Fi Modular Pack v1.23/Rooms Scene - Baked/OcclusionCullingData.asset using Guid(28c98f5a4bc66514992f3cad8382d926) Importer(815301076,1909f56bfc062723c751e8b465ee728b)  -> (artifact id: 'ca4e359783fb260f9b43bb829c617216') in 0.039684 seconds 
========================================================================
Received Prepare
Registering precompiled user dll's ...
Registered in 0.001961 seconds.
Begin MonoManager ReloadAssembly
Native extension for WindowsStandalone target not found
Refreshing native plugins compatible for Editor in 1.00 ms, found 0 plugins.
Preloading 0 native plugins for Editor in 0.00 ms.
Mono: successfully reloaded assembly
- Completed reload, in  1.299 seconds
Platform modules already initialized, skipping
Refreshing native plugins compatible for Editor in 1.12 ms, found 0 plugins.
Preloading 0 native plugins for Editor in 0.00 ms.
Unloading 2696 Unused Serialized files (Serialized files now loaded: 0)
System memory in use before: 121.5 MB.
System memory in use after: 121.5 MB.

Unloading 34 unused Assets to reduce memory usage. Loaded Objects now: 3229.
Total: 9.180700 ms (FindLiveObjects: 0.996900 ms CreateObjectMapping: 0.344600 ms MarkObjects: 7.639000 ms  DeleteObjects: 0.198800 ms)

========================================================================
Received Prepare
Registering precompiled user dll's ...
Registered in 0.001867 seconds.
Begin MonoManager ReloadAssembly
Native extension for WindowsStandalone target not found
Refreshing native plugins compatible for Editor in 1.09 ms, found 0 plugins.
Preloading 0 native plugins for Editor in 0.00 ms.
Mono: successfully reloaded assembly
- Completed reload, in  0.991 seconds
Platform modules already initialized, skipping
Refreshing native plugins compatible for Editor in 0.95 ms, found 0 plugins.
Preloading 0 native plugins for Editor in 0.00 ms.
Unloading 2696 Unused Serialized files (Serialized files now loaded: 0)
System memory in use before: 121.6 MB.
System memory in use after: 121.5 MB.

Unloading 34 unused Assets to reduce memory usage. Loaded Objects now: 3232.
Total: 5.793400 ms (FindLiveObjects: 0.244000 ms CreateObjectMapping: 0.113900 ms MarkObjects: 5.244800 ms  DeleteObjects: 0.189800 ms)

AssetImportWorkerClient::OnTransportError - code=2 error=End of file
