Using pre-set license
Built from '2021.1/release' branch; Version is '2021.1.4f1 (4cd64a618c1b) revision 5035594'; Using compiler version '192528614'; Build Type 'Release'
OS: 'Windows 10 Home; OS build 19043.1288; Version 2009; 64bit' Language: 'es' Physical Memory: 16260 MB
BatchMode: 1, IsHumanControllingUs: 0, StartBugReporterOnCrash: 0, Is64bit: 1, IsPro: 0

 COMMAND LINE ARGUMENTS:
D:\Unity Editor\2021.1.4f1\Editor\Unity.exe
-adb2
-batchMode
-noUpm
-name
AssetImportWorker0
-projectPath
D:/Proyectos/Juegos/Proyecto3Prototype2
-logFile
Logs/AssetImportWorker0.log
-srvPort
50257
Successfully changed project path to: D:/Proyectos/Juegos/Proyecto3Prototype2
D:/Proyectos/Juegos/Proyecto3Prototype2
Using Asset Import Pipeline V2.
Refreshing native plugins compatible for Editor in 57.58 ms, found 0 plugins.
Preloading 0 native plugins for Editor in 0.00 ms.
Initialize engine version: 2021.1.4f1 (4cd64a618c1b)
[Subsystems] Discovering subsystems at path D:/Unity Editor/2021.1.4f1/Editor/Data/Resources/UnitySubsystems
[Subsystems] Discovering subsystems at path D:/Proyectos/Juegos/Proyecto3Prototype2/Assets
GfxDevice: creating device client; threaded=0; jobified=0
Direct3D:
    Version:  Direct3D 11.0 [level 11.1]
    Renderer: NVIDIA GeForce GTX 1060 (ID=0x1c20)
    Vendor:   NVIDIA
    VRAM:     6052 MB
    Driver:   27.21.14.6611
Initialize mono
Mono path[0] = 'D:/Unity Editor/2021.1.4f1/Editor/Data/Managed'
Mono path[1] = 'D:/Unity Editor/2021.1.4f1/Editor/Data/MonoBleedingEdge/lib/mono/unityjit'
Mono config path = 'D:/Unity Editor/2021.1.4f1/Editor/Data/MonoBleedingEdge/etc'
Using monoOptions --debugger-agent=transport=dt_socket,embedding=1,server=y,suspend=n,address=127.0.0.1:56808
Begin MonoManager ReloadAssembly
Registering precompiled unity dll's ...
Register platform support module: D:/Unity Editor/2021.1.4f1/Editor/Data/PlaybackEngines/WindowsStandaloneSupport/UnityEditor.WindowsStandalone.Extensions.dll
Registered in 0.000998 seconds.
Native extension for WindowsStandalone target not found
Refreshing native plugins compatible for Editor in 55.31 ms, found 0 plugins.
Preloading 0 native plugins for Editor in 0.00 ms.
Mono: successfully reloaded assembly
- Completed reload, in  1.385 seconds
Platform modules already initialized, skipping
Registering precompiled user dll's ...
Registered in 0.001688 seconds.
Begin MonoManager ReloadAssembly
Native extension for WindowsStandalone target not found
Refreshing native plugins compatible for Editor in 55.32 ms, found 0 plugins.
Preloading 0 native plugins for Editor in 0.00 ms.
Mono: successfully reloaded assembly
- Completed reload, in  1.016 seconds
Platform modules already initialized, skipping
========================================================================
Worker process is ready to serve import requests
Launched and connected shader compiler UnityShaderCompiler.exe after 0.06 seconds
Refreshing native plugins compatible for Editor in 0.74 ms, found 0 plugins.
Preloading 0 native plugins for Editor in 0.00 ms.
Unloading 2741 Unused Serialized files (Serialized files now loaded: 0)
System memory in use before: 123.4 MB.
System memory in use after: 123.3 MB.

Unloading 43 unused Assets to reduce memory usage. Loaded Objects now: 3202.
Total: 5.949600 ms (FindLiveObjects: 0.224500 ms CreateObjectMapping: 0.109700 ms MarkObjects: 5.376600 ms  DeleteObjects: 0.238000 ms)

========================================================================
Received Import Request.
  path: Assets/Scripts/Menus
  artifactKey: Guid(6950ed5e26322cb4fb7acdfda840633b) Importer(815301076,1909f56bfc062723c751e8b465ee728b)
Start importing Assets/Scripts/Menus using Guid(6950ed5e26322cb4fb7acdfda840633b) Importer(815301076,1909f56bfc062723c751e8b465ee728b)  -> (artifact id: 'ff2a752dcde49174cb3a36786b69bdb0') in 0.010443 seconds 
========================================================================
Received Import Request.
  Time since last request: 0.000337 seconds.
  path: Assets/Scripts/Utilitis
  artifactKey: Guid(a809133014f68c5479f7f7923c0493dd) Importer(815301076,1909f56bfc062723c751e8b465ee728b)
Start importing Assets/Scripts/Utilitis using Guid(a809133014f68c5479f7f7923c0493dd) Importer(815301076,1909f56bfc062723c751e8b465ee728b)  -> (artifact id: '38ad3b24401b470563bb6d517e102966') in 0.005424 seconds 
========================================================================
Received Prepare
Registering precompiled user dll's ...
Registered in 0.002128 seconds.
Begin MonoManager ReloadAssembly
Native extension for WindowsStandalone target not found
Refreshing native plugins compatible for Editor in 0.75 ms, found 0 plugins.
Preloading 0 native plugins for Editor in 0.00 ms.
Mono: successfully reloaded assembly
- Completed reload, in  1.069 seconds
Platform modules already initialized, skipping
Refreshing native plugins compatible for Editor in 0.95 ms, found 0 plugins.
Preloading 0 native plugins for Editor in 0.00 ms.
Unloading 2678 Unused Serialized files (Serialized files now loaded: 0)
System memory in use before: 117.4 MB.
System memory in use after: 117.3 MB.

Unloading 34 unused Assets to reduce memory usage. Loaded Objects now: 3206.
Total: 6.008900 ms (FindLiveObjects: 0.208200 ms CreateObjectMapping: 0.121700 ms MarkObjects: 5.505400 ms  DeleteObjects: 0.172300 ms)

========================================================================
Received Import Request.
  Time since last request: 294.848449 seconds.
  path: Assets/Textures/Icon.png
  artifactKey: Guid(96051da8e12a13f4cb66582f4c4b4c18) Importer(815301076,1909f56bfc062723c751e8b465ee728b)
Start importing Assets/Textures/Icon.png using Guid(96051da8e12a13f4cb66582f4c4b4c18) Importer(815301076,1909f56bfc062723c751e8b465ee728b)  -> (artifact id: 'daee62594de1dae50424e891ae4d8641') in 0.408996 seconds 
========================================================================
Received Import Request.
  Time since last request: 6.435115 seconds.
  path: Assets/Textures/Icon.png
  artifactKey: Guid(96051da8e12a13f4cb66582f4c4b4c18) Importer(815301076,1909f56bfc062723c751e8b465ee728b)
Start importing Assets/Textures/Icon.png using Guid(96051da8e12a13f4cb66582f4c4b4c18) Importer(815301076,1909f56bfc062723c751e8b465ee728b)  -> (artifact id: '3c3c1d3017b563262fa306dc7d641be9') in 0.119788 seconds 
========================================================================
Received Import Request.
  Time since last request: 60.670369 seconds.
  path: Assets/Textures/Icon.png
  artifactKey: Guid(96051da8e12a13f4cb66582f4c4b4c18) Importer(815301076,1909f56bfc062723c751e8b465ee728b)
Start importing Assets/Textures/Icon.png using Guid(96051da8e12a13f4cb66582f4c4b4c18) Importer(815301076,1909f56bfc062723c751e8b465ee728b)  -> (artifact id: '60f0b827570ec46dd8e71fd1b7b23f12') in 0.013876 seconds 
========================================================================
Received Import Request.
  Time since last request: 21.720112 seconds.
  path: Assets/Textures/Loading Screen.png
  artifactKey: Guid(d1a0042ab7191a441a016d30fa68cd24) Importer(815301076,1909f56bfc062723c751e8b465ee728b)
Start importing Assets/Textures/Loading Screen.png using Guid(d1a0042ab7191a441a016d30fa68cd24) Importer(815301076,1909f56bfc062723c751e8b465ee728b)  -> (artifact id: 'f686bf3469a07ab70c2b2d4fecd3fe47') in 0.017087 seconds 
========================================================================
Received Import Request.
  Time since last request: 12.339953 seconds.
  path: Assets/Textures/Loading Screen.png
  artifactKey: Guid(d1a0042ab7191a441a016d30fa68cd24) Importer(815301076,1909f56bfc062723c751e8b465ee728b)
Start importing Assets/Textures/Loading Screen.png using Guid(d1a0042ab7191a441a016d30fa68cd24) Importer(815301076,1909f56bfc062723c751e8b465ee728b)  -> (artifact id: '18a8aa43465b24cc39ebfc6a7131a56f') in 0.023593 seconds 
========================================================================
Received Prepare
Registering precompiled user dll's ...
Registered in 0.001660 seconds.
Begin MonoManager ReloadAssembly
Native extension for WindowsStandalone target not found
Refreshing native plugins compatible for Editor in 0.82 ms, found 0 plugins.
Preloading 0 native plugins for Editor in 0.00 ms.
Mono: successfully reloaded assembly
- Completed reload, in  0.903 seconds
Platform modules already initialized, skipping
Refreshing native plugins compatible for Editor in 0.68 ms, found 0 plugins.
Preloading 0 native plugins for Editor in 0.00 ms.
Unloading 2680 Unused Serialized files (Serialized files now loaded: 0)
System memory in use before: 124.3 MB.
System memory in use after: 124.2 MB.

Unloading 34 unused Assets to reduce memory usage. Loaded Objects now: 3290.
Total: 6.378200 ms (FindLiveObjects: 0.232700 ms CreateObjectMapping: 0.104200 ms MarkObjects: 5.819100 ms  DeleteObjects: 0.221200 ms)

========================================================================
Received Prepare
Registering precompiled user dll's ...
Registered in 0.001710 seconds.
Begin MonoManager ReloadAssembly
Native extension for WindowsStandalone target not found
Refreshing native plugins compatible for Editor in 0.68 ms, found 0 plugins.
Preloading 0 native plugins for Editor in 0.00 ms.
Mono: successfully reloaded assembly
- Completed reload, in  1.021 seconds
Platform modules already initialized, skipping
Refreshing native plugins compatible for Editor in 0.71 ms, found 0 plugins.
Preloading 0 native plugins for Editor in 0.00 ms.
Unloading 2679 Unused Serialized files (Serialized files now loaded: 0)
System memory in use before: 124.2 MB.
System memory in use after: 124.2 MB.

Unloading 34 unused Assets to reduce memory usage. Loaded Objects now: 3294.
Total: 6.133700 ms (FindLiveObjects: 0.231400 ms CreateObjectMapping: 0.110500 ms MarkObjects: 5.592600 ms  DeleteObjects: 0.198300 ms)

========================================================================
Received Prepare
Registering precompiled user dll's ...
Registered in 0.001724 seconds.
Begin MonoManager ReloadAssembly
Native extension for WindowsStandalone target not found
Refreshing native plugins compatible for Editor in 0.68 ms, found 0 plugins.
Preloading 0 native plugins for Editor in 0.00 ms.
Mono: successfully reloaded assembly
- Completed reload, in  0.876 seconds
Platform modules already initialized, skipping
Refreshing native plugins compatible for Editor in 0.69 ms, found 0 plugins.
Preloading 0 native plugins for Editor in 0.00 ms.
Unloading 2679 Unused Serialized files (Serialized files now loaded: 0)
System memory in use before: 124.3 MB.
System memory in use after: 124.2 MB.

Unloading 34 unused Assets to reduce memory usage. Loaded Objects now: 3297.
Total: 5.902500 ms (FindLiveObjects: 0.233500 ms CreateObjectMapping: 0.131000 ms MarkObjects: 5.357300 ms  DeleteObjects: 0.179600 ms)

========================================================================
Received Prepare
Registering precompiled user dll's ...
Registered in 0.001741 seconds.
Begin MonoManager ReloadAssembly
Native extension for WindowsStandalone target not found
Refreshing native plugins compatible for Editor in 0.71 ms, found 0 plugins.
Preloading 0 native plugins for Editor in 0.00 ms.
Mono: successfully reloaded assembly
- Completed reload, in  0.930 seconds
Platform modules already initialized, skipping
Refreshing native plugins compatible for Editor in 0.71 ms, found 0 plugins.
Preloading 0 native plugins for Editor in 0.00 ms.
Unloading 2679 Unused Serialized files (Serialized files now loaded: 0)
System memory in use before: 124.3 MB.
System memory in use after: 124.2 MB.

Unloading 34 unused Assets to reduce memory usage. Loaded Objects now: 3300.
Total: 6.667200 ms (FindLiveObjects: 0.227800 ms CreateObjectMapping: 0.129900 ms MarkObjects: 6.114100 ms  DeleteObjects: 0.194400 ms)

========================================================================
Received Prepare
Registering precompiled user dll's ...
Registered in 0.001620 seconds.
Begin MonoManager ReloadAssembly
Native extension for WindowsStandalone target not found
Refreshing native plugins compatible for Editor in 0.73 ms, found 0 plugins.
Preloading 0 native plugins for Editor in 0.00 ms.
Mono: successfully reloaded assembly
- Completed reload, in  0.880 seconds
Platform modules already initialized, skipping
Refreshing native plugins compatible for Editor in 0.69 ms, found 0 plugins.
Preloading 0 native plugins for Editor in 0.00 ms.
Unloading 2679 Unused Serialized files (Serialized files now loaded: 0)
System memory in use before: 124.3 MB.
System memory in use after: 124.2 MB.

Unloading 34 unused Assets to reduce memory usage. Loaded Objects now: 3303.
Total: 6.314400 ms (FindLiveObjects: 0.226800 ms CreateObjectMapping: 0.104900 ms MarkObjects: 5.795100 ms  DeleteObjects: 0.186300 ms)

========================================================================
Received Prepare
Registering precompiled user dll's ...
Registered in 0.001648 seconds.
Begin MonoManager ReloadAssembly
Native extension for WindowsStandalone target not found
Refreshing native plugins compatible for Editor in 0.76 ms, found 0 plugins.
Preloading 0 native plugins for Editor in 0.00 ms.
Mono: successfully reloaded assembly
- Completed reload, in  0.903 seconds
Platform modules already initialized, skipping
Refreshing native plugins compatible for Editor in 0.74 ms, found 0 plugins.
Preloading 0 native plugins for Editor in 0.00 ms.
Unloading 2679 Unused Serialized files (Serialized files now loaded: 0)
System memory in use before: 124.3 MB.
System memory in use after: 124.2 MB.

Unloading 34 unused Assets to reduce memory usage. Loaded Objects now: 3306.
Total: 6.661100 ms (FindLiveObjects: 0.237100 ms CreateObjectMapping: 0.108100 ms MarkObjects: 6.136200 ms  DeleteObjects: 0.178900 ms)

========================================================================
Received Prepare
Registering precompiled user dll's ...
Registered in 0.001727 seconds.
Begin MonoManager ReloadAssembly
Native extension for WindowsStandalone target not found
Refreshing native plugins compatible for Editor in 0.67 ms, found 0 plugins.
Preloading 0 native plugins for Editor in 0.00 ms.
Mono: successfully reloaded assembly
- Completed reload, in  0.955 seconds
Platform modules already initialized, skipping
Refreshing native plugins compatible for Editor in 0.69 ms, found 0 plugins.
Preloading 0 native plugins for Editor in 0.00 ms.
Unloading 2680 Unused Serialized files (Serialized files now loaded: 0)
System memory in use before: 124.3 MB.
System memory in use after: 124.3 MB.

Unloading 34 unused Assets to reduce memory usage. Loaded Objects now: 3310.
Total: 6.087200 ms (FindLiveObjects: 0.228400 ms CreateObjectMapping: 0.108100 ms MarkObjects: 5.510800 ms  DeleteObjects: 0.239100 ms)

========================================================================
Received Import Request.
  Time since last request: 643.046424 seconds.
  path: Assets/Scenes/Demo Scene.unity
  artifactKey: Guid(8356292e3905abd4db4efd53f13d43de) Importer(815301076,1909f56bfc062723c751e8b465ee728b)
Start importing Assets/Scenes/Demo Scene.unity using Guid(8356292e3905abd4db4efd53f13d43de) Importer(815301076,1909f56bfc062723c751e8b465ee728b)  -> (artifact id: 'a04688bfc8dc35405f92c9fcf765e551') in 0.214932 seconds 
========================================================================
Received Prepare
Registering precompiled user dll's ...
Registered in 0.001703 seconds.
Begin MonoManager ReloadAssembly
Native extension for WindowsStandalone target not found
Refreshing native plugins compatible for Editor in 0.75 ms, found 0 plugins.
Preloading 0 native plugins for Editor in 0.00 ms.
Mono: successfully reloaded assembly
- Completed reload, in  0.919 seconds
Platform modules already initialized, skipping
Refreshing native plugins compatible for Editor in 0.69 ms, found 0 plugins.
Preloading 0 native plugins for Editor in 0.00 ms.
Unloading 2681 Unused Serialized files (Serialized files now loaded: 0)
System memory in use before: 124.4 MB.
System memory in use after: 124.3 MB.

Unloading 34 unused Assets to reduce memory usage. Loaded Objects now: 3314.
Total: 6.509500 ms (FindLiveObjects: 0.298000 ms CreateObjectMapping: 0.132800 ms MarkObjects: 5.873300 ms  DeleteObjects: 0.204400 ms)

========================================================================
Received Import Request.
  Time since last request: 151.597287 seconds.
  path: Assets/Scenes/NewBehaviourScript.cs
  artifactKey: Guid(65f5ccc518eb97b45bc360e4c520260d) Importer(815301076,1909f56bfc062723c751e8b465ee728b)
Start importing Assets/Scenes/NewBehaviourScript.cs using Guid(65f5ccc518eb97b45bc360e4c520260d) Importer(815301076,1909f56bfc062723c751e8b465ee728b)  -> (artifact id: '1975aaa125d0f7ee44af4c77ad8d7e07') in 0.015807 seconds 
========================================================================
Received Prepare
Registering precompiled user dll's ...
Registered in 0.001796 seconds.
Begin MonoManager ReloadAssembly
Native extension for WindowsStandalone target not found
Refreshing native plugins compatible for Editor in 0.67 ms, found 0 plugins.
Preloading 0 native plugins for Editor in 0.00 ms.
Mono: successfully reloaded assembly
- Completed reload, in  0.908 seconds
Platform modules already initialized, skipping
Refreshing native plugins compatible for Editor in 0.71 ms, found 0 plugins.
Preloading 0 native plugins for Editor in 0.00 ms.
Unloading 2680 Unused Serialized files (Serialized files now loaded: 0)
System memory in use before: 124.4 MB.
System memory in use after: 124.3 MB.

Unloading 35 unused Assets to reduce memory usage. Loaded Objects now: 3316.
Total: 7.235300 ms (FindLiveObjects: 0.271200 ms CreateObjectMapping: 0.189400 ms MarkObjects: 6.506700 ms  DeleteObjects: 0.266700 ms)

========================================================================
Received Import Request.
  Time since last request: 18.594679 seconds.
  path: Assets/Scenes/Main Menu.unity
  artifactKey: Guid(4926013148946244ab4d24c32ced068b) Importer(815301076,1909f56bfc062723c751e8b465ee728b)
Start importing Assets/Scenes/Main Menu.unity using Guid(4926013148946244ab4d24c32ced068b) Importer(815301076,1909f56bfc062723c751e8b465ee728b)  -> (artifact id: '675f7b7288e0ce660f4e22dc167e3d8f') in 0.064488 seconds 
========================================================================
Received Import Request.
  Time since last request: 59.177576 seconds.
  path: Assets/Scenes/Main Menu.unity
  artifactKey: Guid(4926013148946244ab4d24c32ced068b) Importer(815301076,1909f56bfc062723c751e8b465ee728b)
Start importing Assets/Scenes/Main Menu.unity using Guid(4926013148946244ab4d24c32ced068b) Importer(815301076,1909f56bfc062723c751e8b465ee728b)  -> (artifact id: 'd1d0ebce1c2587517dd55ad1ddef8658') in 0.001760 seconds 
========================================================================
Received Prepare
Registering precompiled user dll's ...
Registered in 0.001702 seconds.
Begin MonoManager ReloadAssembly
Native extension for WindowsStandalone target not found
Refreshing native plugins compatible for Editor in 0.67 ms, found 0 plugins.
Preloading 0 native plugins for Editor in 0.00 ms.
Mono: successfully reloaded assembly
- Completed reload, in  0.897 seconds
Platform modules already initialized, skipping
Refreshing native plugins compatible for Editor in 0.67 ms, found 0 plugins.
Preloading 0 native plugins for Editor in 0.00 ms.
Unloading 2680 Unused Serialized files (Serialized files now loaded: 0)
System memory in use before: 124.4 MB.
System memory in use after: 124.3 MB.

Unloading 34 unused Assets to reduce memory usage. Loaded Objects now: 3319.
Total: 6.360400 ms (FindLiveObjects: 0.235400 ms CreateObjectMapping: 0.101100 ms MarkObjects: 5.827700 ms  DeleteObjects: 0.195200 ms)

========================================================================
Received Import Request.
  Time since last request: 121.144147 seconds.
  path: Assets/Textures/Tittle.png
  artifactKey: Guid(2d7894a523d2ad04aac48fd6278aad45) Importer(815301076,1909f56bfc062723c751e8b465ee728b)
Start importing Assets/Textures/Tittle.png using Guid(2d7894a523d2ad04aac48fd6278aad45) Importer(815301076,1909f56bfc062723c751e8b465ee728b)  -> (artifact id: 'd09ed2e0544fe91813bcd74fd938fb18') in 0.060350 seconds 
========================================================================
Received Import Request.
  Time since last request: 3.322105 seconds.
  path: Assets/Textures/Tittle.png
  artifactKey: Guid(2d7894a523d2ad04aac48fd6278aad45) Importer(815301076,1909f56bfc062723c751e8b465ee728b)
Start importing Assets/Textures/Tittle.png using Guid(2d7894a523d2ad04aac48fd6278aad45) Importer(815301076,1909f56bfc062723c751e8b465ee728b)  -> (artifact id: 'dc2608c458578461d399706503c6467e') in 0.025340 seconds 
========================================================================
Received Prepare
Registering precompiled user dll's ...
Registered in 0.001691 seconds.
Begin MonoManager ReloadAssembly
Native extension for WindowsStandalone target not found
Refreshing native plugins compatible for Editor in 0.68 ms, found 0 plugins.
Preloading 0 native plugins for Editor in 0.00 ms.
Mono: successfully reloaded assembly
- Completed reload, in  0.888 seconds
Platform modules already initialized, skipping
Refreshing native plugins compatible for Editor in 0.68 ms, found 0 plugins.
Preloading 0 native plugins for Editor in 0.00 ms.
Unloading 2681 Unused Serialized files (Serialized files now loaded: 0)
System memory in use before: 127.2 MB.
System memory in use after: 127.2 MB.

Unloading 34 unused Assets to reduce memory usage. Loaded Objects now: 3352.
Total: 6.581800 ms (FindLiveObjects: 0.242300 ms CreateObjectMapping: 0.167700 ms MarkObjects: 5.974100 ms  DeleteObjects: 0.196900 ms)

========================================================================
Received Import Request.
  Time since last request: 175.069722 seconds.
  path: Assets/Scenes/Main Menu.unity
  artifactKey: Guid(4926013148946244ab4d24c32ced068b) Importer(815301076,1909f56bfc062723c751e8b465ee728b)
Start importing Assets/Scenes/Main Menu.unity using Guid(4926013148946244ab4d24c32ced068b) Importer(815301076,1909f56bfc062723c751e8b465ee728b)  -> (artifact id: '5a98e151b3956c10c53111811b6a213c') in 0.034995 seconds 
========================================================================
Received Prepare
Registering precompiled user dll's ...
Registered in 0.001600 seconds.
Begin MonoManager ReloadAssembly
Native extension for WindowsStandalone target not found
Refreshing native plugins compatible for Editor in 0.78 ms, found 0 plugins.
Preloading 0 native plugins for Editor in 0.00 ms.
Mono: successfully reloaded assembly
- Completed reload, in  0.890 seconds
Platform modules already initialized, skipping
Refreshing native plugins compatible for Editor in 0.78 ms, found 0 plugins.
Preloading 0 native plugins for Editor in 0.00 ms.
Unloading 2680 Unused Serialized files (Serialized files now loaded: 0)
System memory in use before: 127.2 MB.
System memory in use after: 127.2 MB.

Unloading 34 unused Assets to reduce memory usage. Loaded Objects now: 3355.
Total: 6.397600 ms (FindLiveObjects: 0.280100 ms CreateObjectMapping: 0.105700 ms MarkObjects: 5.816500 ms  DeleteObjects: 0.194500 ms)

========================================================================
Received Import Request.
  Time since last request: 48.400210 seconds.
  path: Assets/Scenes/Main Menu.unity
  artifactKey: Guid(4926013148946244ab4d24c32ced068b) Importer(815301076,1909f56bfc062723c751e8b465ee728b)
Start importing Assets/Scenes/Main Menu.unity using Guid(4926013148946244ab4d24c32ced068b) Importer(815301076,1909f56bfc062723c751e8b465ee728b)  -> (artifact id: '127f81da03d33eebc047ed2d75b5d85b') in 0.032094 seconds 
========================================================================
Received Import Request.
  Time since last request: 4.587642 seconds.
  path: Assets/Scenes/Demo Scene.unity
  artifactKey: Guid(8356292e3905abd4db4efd53f13d43de) Importer(815301076,1909f56bfc062723c751e8b465ee728b)
Start importing Assets/Scenes/Demo Scene.unity using Guid(8356292e3905abd4db4efd53f13d43de) Importer(815301076,1909f56bfc062723c751e8b465ee728b)  -> (artifact id: '5771ac06aaf158226d2fa0a9ae5d683e') in 0.001973 seconds 
========================================================================
Received Prepare
Registering precompiled user dll's ...
Registered in 0.001607 seconds.
Begin MonoManager ReloadAssembly
Native extension for WindowsStandalone target not found
Refreshing native plugins compatible for Editor in 0.71 ms, found 0 plugins.
Preloading 0 native plugins for Editor in 0.00 ms.
Mono: successfully reloaded assembly
- Completed reload, in  0.891 seconds
Platform modules already initialized, skipping
Refreshing native plugins compatible for Editor in 0.69 ms, found 0 plugins.
Preloading 0 native plugins for Editor in 0.00 ms.
Unloading 2680 Unused Serialized files (Serialized files now loaded: 0)
System memory in use before: 127.2 MB.
System memory in use after: 127.2 MB.

Unloading 34 unused Assets to reduce memory usage. Loaded Objects now: 3358.
Total: 6.332800 ms (FindLiveObjects: 0.232100 ms CreateObjectMapping: 0.103900 ms MarkObjects: 5.752300 ms  DeleteObjects: 0.243600 ms)

========================================================================
Received Import Request.
  Time since last request: 45.693587 seconds.
  path: Assets/Scenes/Demo Scene.unity
  artifactKey: Guid(8356292e3905abd4db4efd53f13d43de) Importer(815301076,1909f56bfc062723c751e8b465ee728b)
Start importing Assets/Scenes/Demo Scene.unity using Guid(8356292e3905abd4db4efd53f13d43de) Importer(815301076,1909f56bfc062723c751e8b465ee728b)  -> (artifact id: '0280f0d6637e31da62759573690fd142') in 0.030977 seconds 
========================================================================
Received Import Request.
  Time since last request: 18.714534 seconds.
  path: Assets/[Akishaqs] Characters/Demo/Demo.unity
  artifactKey: Guid(a30df66cca7adea42bc853ea1e8199a4) Importer(815301076,1909f56bfc062723c751e8b465ee728b)
Start importing Assets/[Akishaqs] Characters/Demo/Demo.unity using Guid(a30df66cca7adea42bc853ea1e8199a4) Importer(815301076,1909f56bfc062723c751e8b465ee728b)  -> (artifact id: '7847a5fac6c8bc3c6c98109752c4b046') in 0.005720 seconds 
========================================================================
Received Prepare
Registering precompiled user dll's ...
Registered in 0.001708 seconds.
Begin MonoManager ReloadAssembly
Native extension for WindowsStandalone target not found
Refreshing native plugins compatible for Editor in 0.68 ms, found 0 plugins.
Preloading 0 native plugins for Editor in 0.00 ms.
Mono: successfully reloaded assembly
- Completed reload, in  0.913 seconds
Platform modules already initialized, skipping
Refreshing native plugins compatible for Editor in 0.73 ms, found 0 plugins.
Preloading 0 native plugins for Editor in 0.00 ms.
Unloading 2680 Unused Serialized files (Serialized files now loaded: 0)
System memory in use before: 127.3 MB.
System memory in use after: 127.2 MB.

Unloading 34 unused Assets to reduce memory usage. Loaded Objects now: 3361.
Total: 5.956600 ms (FindLiveObjects: 0.247600 ms CreateObjectMapping: 0.129100 ms MarkObjects: 5.363800 ms  DeleteObjects: 0.214900 ms)

========================================================================
Received Prepare
Registering precompiled user dll's ...
Registered in 0.001628 seconds.
Begin MonoManager ReloadAssembly
Native extension for WindowsStandalone target not found
Refreshing native plugins compatible for Editor in 1.10 ms, found 0 plugins.
Preloading 0 native plugins for Editor in 0.00 ms.
Mono: successfully reloaded assembly
- Completed reload, in  0.959 seconds
Platform modules already initialized, skipping
Refreshing native plugins compatible for Editor in 0.86 ms, found 0 plugins.
Preloading 0 native plugins for Editor in 0.00 ms.
Unloading 2680 Unused Serialized files (Serialized files now loaded: 0)
System memory in use before: 127.3 MB.
System memory in use after: 127.2 MB.

Unloading 34 unused Assets to reduce memory usage. Loaded Objects now: 3364.
Total: 5.605700 ms (FindLiveObjects: 0.221100 ms CreateObjectMapping: 0.111400 ms MarkObjects: 5.051200 ms  DeleteObjects: 0.221200 ms)

========================================================================
Received Import Request.
  Time since last request: 307.533879 seconds.
  path: Assets/Scenes/Main Menu.unity
  artifactKey: Guid(4926013148946244ab4d24c32ced068b) Importer(815301076,1909f56bfc062723c751e8b465ee728b)
Start importing Assets/Scenes/Main Menu.unity using Guid(4926013148946244ab4d24c32ced068b) Importer(815301076,1909f56bfc062723c751e8b465ee728b)  -> (artifact id: '64b70b59ffee9c166858e92a5c94cd94') in 0.065784 seconds 
========================================================================
Received Import Request.
  Time since last request: 9.612958 seconds.
  path: Assets/Scenes/Puzzles/Prova1.unity
  artifactKey: Guid(ab7c48cf559c8c44a9e70327749d07d2) Importer(815301076,1909f56bfc062723c751e8b465ee728b)
Start importing Assets/Scenes/Puzzles/Prova1.unity using Guid(ab7c48cf559c8c44a9e70327749d07d2) Importer(815301076,1909f56bfc062723c751e8b465ee728b)  -> (artifact id: 'c2c6a1004ee5d57b2e2186d953dba9b1') in 0.006057 seconds 
========================================================================
Received Prepare
Registering precompiled user dll's ...
Registered in 0.001589 seconds.
Begin MonoManager ReloadAssembly
Native extension for WindowsStandalone target not found
Refreshing native plugins compatible for Editor in 0.67 ms, found 0 plugins.
Preloading 0 native plugins for Editor in 0.00 ms.
Mono: successfully reloaded assembly
- Completed reload, in  0.961 seconds
Platform modules already initialized, skipping
Refreshing native plugins compatible for Editor in 0.77 ms, found 0 plugins.
Preloading 0 native plugins for Editor in 0.00 ms.
Unloading 2680 Unused Serialized files (Serialized files now loaded: 0)
System memory in use before: 127.4 MB.
System memory in use after: 127.2 MB.

Unloading 34 unused Assets to reduce memory usage. Loaded Objects now: 3367.
Total: 5.887700 ms (FindLiveObjects: 0.235700 ms CreateObjectMapping: 0.133500 ms MarkObjects: 5.296500 ms  DeleteObjects: 0.220800 ms)

========================================================================
Received Import Request.
  Time since last request: 71.778083 seconds.
  path: Assets/Scripts/SceneChanger.cs
  artifactKey: Guid(f97d4ba4c81b9944bb360ce0c9578a3b) Importer(815301076,1909f56bfc062723c751e8b465ee728b)
Start importing Assets/Scripts/SceneChanger.cs using Guid(f97d4ba4c81b9944bb360ce0c9578a3b) Importer(815301076,1909f56bfc062723c751e8b465ee728b)  -> (artifact id: 'f0d01df8a1f96916f7cdb9a2ad9c8eff') in 0.095649 seconds 
========================================================================
Received Import Request.
  Time since last request: 10.094734 seconds.
  path: Assets/Scenes/Demo Scene_Profiles/PlayerCamera Profile 1.asset
  artifactKey: Guid(b6fb4c3eac9541a4b9f113bd804f0570) Importer(815301076,1909f56bfc062723c751e8b465ee728b)
Start importing Assets/Scenes/Demo Scene_Profiles/PlayerCamera Profile 1.asset using Guid(b6fb4c3eac9541a4b9f113bd804f0570) Importer(815301076,1909f56bfc062723c751e8b465ee728b)  -> (artifact id: 'bafa02e354f63b6d3e4cbf8ac57008d5') in 0.047517 seconds 
========================================================================
Received Prepare
Refreshing native plugins compatible for Editor in 6.26 ms, found 0 plugins.
Preloading 0 native plugins for Editor in 0.00 ms.
Unloading 32 Unused Serialized files (Serialized files now loaded: 0)
System memory in use before: 75.0 MB.
System memory in use after: 75.0 MB.

Unloading 32 unused Assets to reduce memory usage. Loaded Objects now: 3367.
Total: 6.264200 ms (FindLiveObjects: 0.236800 ms CreateObjectMapping: 0.143500 ms MarkObjects: 5.662200 ms  DeleteObjects: 0.220600 ms)

========================================================================
Received Prepare
Registering precompiled user dll's ...
Registered in 0.002217 seconds.
Begin MonoManager ReloadAssembly
Native extension for WindowsStandalone target not found
Refreshing native plugins compatible for Editor in 0.74 ms, found 0 plugins.
Preloading 0 native plugins for Editor in 0.00 ms.
Mono: successfully reloaded assembly
- Completed reload, in  0.952 seconds
Platform modules already initialized, skipping
Refreshing native plugins compatible for Editor in 0.81 ms, found 0 plugins.
Preloading 0 native plugins for Editor in 0.00 ms.
Unloading 2680 Unused Serialized files (Serialized files now loaded: 0)
System memory in use before: 127.3 MB.
System memory in use after: 127.3 MB.

Unloading 34 unused Assets to reduce memory usage. Loaded Objects now: 3370.
Total: 6.896000 ms (FindLiveObjects: 0.389000 ms CreateObjectMapping: 0.299100 ms MarkObjects: 5.966900 ms  DeleteObjects: 0.240100 ms)

========================================================================
Received Prepare
Registering precompiled user dll's ...
Registered in 0.001646 seconds.
Begin MonoManager ReloadAssembly
Native extension for WindowsStandalone target not found
Refreshing native plugins compatible for Editor in 0.71 ms, found 0 plugins.
Preloading 0 native plugins for Editor in 0.00 ms.
Mono: successfully reloaded assembly
- Completed reload, in  0.995 seconds
Platform modules already initialized, skipping
Refreshing native plugins compatible for Editor in 0.75 ms, found 0 plugins.
Preloading 0 native plugins for Editor in 0.00 ms.
Unloading 2680 Unused Serialized files (Serialized files now loaded: 0)
System memory in use before: 127.4 MB.
System memory in use after: 127.3 MB.

Unloading 34 unused Assets to reduce memory usage. Loaded Objects now: 3373.
Total: 6.788500 ms (FindLiveObjects: 0.235300 ms CreateObjectMapping: 0.098000 ms MarkObjects: 6.186500 ms  DeleteObjects: 0.267800 ms)

========================================================================
Received Import Request.
  Time since last request: 373.258124 seconds.
  path: Assets/Scenes/Demo Scene.unity
  artifactKey: Guid(8356292e3905abd4db4efd53f13d43de) Importer(815301076,1909f56bfc062723c751e8b465ee728b)
Start importing Assets/Scenes/Demo Scene.unity using Guid(8356292e3905abd4db4efd53f13d43de) Importer(815301076,1909f56bfc062723c751e8b465ee728b)  -> (artifact id: '7050fae4cf9a4074ea17eaf8b41a82d3') in 0.093285 seconds 
========================================================================
Received Prepare
Refreshing native plugins compatible for Editor in 10.45 ms, found 0 plugins.
Preloading 0 native plugins for Editor in 0.00 ms.
Unloading 32 Unused Serialized files (Serialized files now loaded: 0)
System memory in use before: 74.9 MB.
System memory in use after: 74.8 MB.

Unloading 32 unused Assets to reduce memory usage. Loaded Objects now: 3373.
Total: 8.177600 ms (FindLiveObjects: 0.436300 ms CreateObjectMapping: 0.324600 ms MarkObjects: 7.138400 ms  DeleteObjects: 0.277100 ms)

========================================================================
Received Import Request.
  Time since last request: 154.381158 seconds.
  path: Assets/Scenes/Main Menu.unity
  artifactKey: Guid(4926013148946244ab4d24c32ced068b) Importer(815301076,1909f56bfc062723c751e8b465ee728b)
Start importing Assets/Scenes/Main Menu.unity using Guid(4926013148946244ab4d24c32ced068b) Importer(815301076,1909f56bfc062723c751e8b465ee728b)  -> (artifact id: 'f2c031219a4270600063db105344c4ec') in 0.028538 seconds 
========================================================================
Received Prepare
Registering precompiled user dll's ...
Registered in 0.001910 seconds.
Begin MonoManager ReloadAssembly
Native extension for WindowsStandalone target not found
Refreshing native plugins compatible for Editor in 0.79 ms, found 0 plugins.
Preloading 0 native plugins for Editor in 0.00 ms.
Mono: successfully reloaded assembly
- Completed reload, in  0.944 seconds
Platform modules already initialized, skipping
Refreshing native plugins compatible for Editor in 0.72 ms, found 0 plugins.
Preloading 0 native plugins for Editor in 0.00 ms.
Unloading 2680 Unused Serialized files (Serialized files now loaded: 0)
System memory in use before: 127.3 MB.
System memory in use after: 127.3 MB.

Unloading 34 unused Assets to reduce memory usage. Loaded Objects now: 3376.
Total: 10.216600 ms (FindLiveObjects: 0.406300 ms CreateObjectMapping: 0.329100 ms MarkObjects: 9.255100 ms  DeleteObjects: 0.224600 ms)

========================================================================
Received Prepare
Registering precompiled user dll's ...
Registered in 0.001631 seconds.
Begin MonoManager ReloadAssembly
Native extension for WindowsStandalone target not found
Refreshing native plugins compatible for Editor in 0.74 ms, found 0 plugins.
Preloading 0 native plugins for Editor in 0.00 ms.
Mono: successfully reloaded assembly
- Completed reload, in  0.933 seconds
Platform modules already initialized, skipping
Refreshing native plugins compatible for Editor in 0.72 ms, found 0 plugins.
Preloading 0 native plugins for Editor in 0.00 ms.
Unloading 2680 Unused Serialized files (Serialized files now loaded: 0)
System memory in use before: 127.3 MB.
System memory in use after: 127.3 MB.

Unloading 34 unused Assets to reduce memory usage. Loaded Objects now: 3379.
Total: 6.207400 ms (FindLiveObjects: 0.235200 ms CreateObjectMapping: 0.127100 ms MarkObjects: 5.634800 ms  DeleteObjects: 0.209300 ms)

========================================================================
Received Prepare
Registering precompiled user dll's ...
Registered in 0.001682 seconds.
Begin MonoManager ReloadAssembly
Native extension for WindowsStandalone target not found
Refreshing native plugins compatible for Editor in 0.76 ms, found 0 plugins.
Preloading 0 native plugins for Editor in 0.00 ms.
Mono: successfully reloaded assembly
- Completed reload, in  1.391 seconds
Platform modules already initialized, skipping
Refreshing native plugins compatible for Editor in 1.01 ms, found 0 plugins.
Preloading 0 native plugins for Editor in 0.00 ms.
Unloading 2680 Unused Serialized files (Serialized files now loaded: 0)
System memory in use before: 127.4 MB.
System memory in use after: 127.3 MB.

Unloading 34 unused Assets to reduce memory usage. Loaded Objects now: 3382.
Total: 7.602500 ms (FindLiveObjects: 0.293500 ms CreateObjectMapping: 0.156100 ms MarkObjects: 6.901000 ms  DeleteObjects: 0.250600 ms)

========================================================================
Received Prepare
Refreshing native plugins compatible for Editor in 6.23 ms, found 0 plugins.
Preloading 0 native plugins for Editor in 0.00 ms.
Unloading 32 Unused Serialized files (Serialized files now loaded: 0)
System memory in use before: 74.9 MB.
System memory in use after: 74.8 MB.

Unloading 32 unused Assets to reduce memory usage. Loaded Objects now: 3382.
Total: 6.476900 ms (FindLiveObjects: 0.251100 ms CreateObjectMapping: 0.148000 ms MarkObjects: 5.855800 ms  DeleteObjects: 0.220800 ms)

AssetImportWorkerClient::OnTransportError - code=2 error=End of file
