Using pre-set license
Built from '2021.1/release' branch; Version is '2021.1.4f1 (4cd64a618c1b) revision 5035594'; Using compiler version '192528614'; Build Type 'Release'
OS: 'Windows 10 Home; OS build 22000.434; Version 2009; 64bit' Language: 'es' Physical Memory: 16260 MB
BatchMode: 1, IsHumanControllingUs: 0, StartBugReporterOnCrash: 0, Is64bit: 1, IsPro: 0

 COMMAND LINE ARGUMENTS:
D:\Unity Editor\2021.1.4f1\Editor\Unity.exe
-adb2
-batchMode
-noUpm
-name
AssetImportWorker3
-projectPath
D:/Proyectos/Juegos/Proyecto3Prototype2
-logFile
Logs/AssetImportWorker3.log
-srvPort
54620
Successfully changed project path to: D:/Proyectos/Juegos/Proyecto3Prototype2
D:/Proyectos/Juegos/Proyecto3Prototype2
Using Asset Import Pipeline V2.
Refreshing native plugins compatible for Editor in 170.75 ms, found 0 plugins.
Preloading 0 native plugins for Editor in 0.00 ms.
Initialize engine version: 2021.1.4f1 (4cd64a618c1b)
[Subsystems] Discovering subsystems at path D:/Unity Editor/2021.1.4f1/Editor/Data/Resources/UnitySubsystems
[Subsystems] Discovering subsystems at path D:/Proyectos/Juegos/Proyecto3Prototype2/Assets
GfxDevice: creating device client; threaded=0; jobified=0
Direct3D:
    Version:  Direct3D 11.0 [level 11.1]
    Renderer: NVIDIA GeForce GTX 1060 (ID=0x1c20)
    Vendor:   NVIDIA
    VRAM:     6052 MB
    Driver:   27.21.14.6611
Shader 'Nature/Terrain/StylizedTerrain': dependency 'BaseMapShader' shader 'ASESampleShaders/SimpleTerrainBase' not found
Shader 'Nature/Terrain/StylizedTerrain': dependency 'AddPassShader' shader 'ASESampleShaders/Terrain/SimpleTerrainAddPass' not found
Initialize mono
Mono path[0] = 'D:/Unity Editor/2021.1.4f1/Editor/Data/Managed'
Mono path[1] = 'D:/Unity Editor/2021.1.4f1/Editor/Data/MonoBleedingEdge/lib/mono/unityjit'
Mono config path = 'D:/Unity Editor/2021.1.4f1/Editor/Data/MonoBleedingEdge/etc'
Using monoOptions --debugger-agent=transport=dt_socket,embedding=1,server=y,suspend=n,address=127.0.0.1:56528
Begin MonoManager ReloadAssembly
Registering precompiled unity dll's ...
Register platform support module: D:/Unity Editor/2021.1.4f1/Editor/Data/PlaybackEngines/WindowsStandaloneSupport/UnityEditor.WindowsStandalone.Extensions.dll
Registered in 0.000902 seconds.
Native extension for WindowsStandalone target not found
Refreshing native plugins compatible for Editor in 179.96 ms, found 0 plugins.
Preloading 0 native plugins for Editor in 0.00 ms.
Mono: successfully reloaded assembly
- Completed reload, in  1.502 seconds
Platform modules already initialized, skipping
Registering precompiled user dll's ...
Registered in 0.002528 seconds.
Begin MonoManager ReloadAssembly
Native extension for WindowsStandalone target not found
Refreshing native plugins compatible for Editor in 245.88 ms, found 0 plugins.
Preloading 0 native plugins for Editor in 0.00 ms.
Mono: successfully reloaded assembly
- Completed reload, in  1.733 seconds
Platform modules already initialized, skipping
========================================================================
Worker process is ready to serve import requests
Shader 'Nature/Terrain/StylizedTerrain': dependency 'BaseMapShader' shader 'ASESampleShaders/SimpleTerrainBase' not found
Shader 'Nature/Terrain/StylizedTerrain': dependency 'AddPassShader' shader 'ASESampleShaders/Terrain/SimpleTerrainAddPass' not found
Launched and connected shader compiler UnityShaderCompiler.exe after 0.11 seconds
Refreshing native plugins compatible for Editor in 2.59 ms, found 0 plugins.
Preloading 0 native plugins for Editor in 0.00 ms.
Unloading 3281 Unused Serialized files (Serialized files now loaded: 0)
System memory in use before: 285.1 MB.
System memory in use after: 285.3 MB.

Unloading 42 unused Assets to reduce memory usage. Loaded Objects now: 3753.
Total: 7.621400 ms (FindLiveObjects: 0.418700 ms CreateObjectMapping: 0.316100 ms MarkObjects: 6.608600 ms  DeleteObjects: 0.276700 ms)

========================================================================
Received Import Request.
  path: Assets/Imports/Camera Filter Pack/Resources/CameraFilterPack_AAA_Blood1.jpg
  artifactKey: Guid(df17dbd0d6c63d442a64a3d605218dc9) Importer(815301076,1909f56bfc062723c751e8b465ee728b)
Start importing Assets/Imports/Camera Filter Pack/Resources/CameraFilterPack_AAA_Blood1.jpg using Guid(df17dbd0d6c63d442a64a3d605218dc9) Importer(815301076,1909f56bfc062723c751e8b465ee728b)  -> (artifact id: '4154af75590f884821d96366b52a2e08') in 0.340074 seconds 
========================================================================
Received Import Request.
  Time since last request: 0.000328 seconds.
  path: Assets/Imports/Sci-Fi Styled Modular Pack/Textures/blood-color.png
  artifactKey: Guid(a08b90f188f43c9429b6b84b6e2d696c) Importer(815301076,1909f56bfc062723c751e8b465ee728b)
Start importing Assets/Imports/Sci-Fi Styled Modular Pack/Textures/blood-color.png using Guid(a08b90f188f43c9429b6b84b6e2d696c) Importer(815301076,1909f56bfc062723c751e8b465ee728b)  -> (artifact id: '4fd05a5509d60e35018cf7722a90e76b') in 0.132521 seconds 
========================================================================
Received Import Request.
  Time since last request: 0.000293 seconds.
  path: Assets/Imports/SkySerie Freebie/FreebieHdri/CosmicCoolCloudRight.hdr
  artifactKey: Guid(438e868ac8cccca4e81873838a67c003) Importer(815301076,1909f56bfc062723c751e8b465ee728b)
Start importing Assets/Imports/SkySerie Freebie/FreebieHdri/CosmicCoolCloudRight.hdr using Guid(438e868ac8cccca4e81873838a67c003) Importer(815301076,1909f56bfc062723c751e8b465ee728b)  -> (artifact id: '7ee77b3186393e4d7ec55c66e4722488') in 0.342721 seconds 
========================================================================
Received Import Request.
  Time since last request: 0.000248 seconds.
  path: Assets/Imports/Camera Filter Pack/Resources/CameraFilterPack_Broken_Screen1.jpg
  artifactKey: Guid(c2a2654eae73a2144aeaafad731d81ca) Importer(815301076,1909f56bfc062723c751e8b465ee728b)
Start importing Assets/Imports/Camera Filter Pack/Resources/CameraFilterPack_Broken_Screen1.jpg using Guid(c2a2654eae73a2144aeaafad731d81ca) Importer(815301076,1909f56bfc062723c751e8b465ee728b)  -> (artifact id: '2734adbbf62a795a1fe08e74580dc0b4') in 0.244497 seconds 
========================================================================
Received Import Request.
  Time since last request: 0.000239 seconds.
  path: Assets/Imports/Sci-Fi Styled Modular Pack/Textures/dark-color.png
  artifactKey: Guid(d65ae29772ec4ab4b949103da54086be) Importer(815301076,1909f56bfc062723c751e8b465ee728b)
Start importing Assets/Imports/Sci-Fi Styled Modular Pack/Textures/dark-color.png using Guid(d65ae29772ec4ab4b949103da54086be) Importer(815301076,1909f56bfc062723c751e8b465ee728b)  -> (artifact id: '30fffa81f3fcbb0cbb73f500727cb11b') in 0.300231 seconds 
========================================================================
Received Import Request.
  Time since last request: 0.000257 seconds.
  path: Assets/Imports/Sci-Fi Styled Modular Pack/Textures/computer_wall_texture.png
  artifactKey: Guid(7b98260aedcf3b0438023520105fd422) Importer(815301076,1909f56bfc062723c751e8b465ee728b)
Start importing Assets/Imports/Sci-Fi Styled Modular Pack/Textures/computer_wall_texture.png using Guid(7b98260aedcf3b0438023520105fd422) Importer(815301076,1909f56bfc062723c751e8b465ee728b)  -> (artifact id: 'dc81129e7ee8d0f03b07ada237ed8312') in 0.058942 seconds 
========================================================================
Received Import Request.
  Time since last request: 0.000606 seconds.
  path: Assets/Imports/Camera Filter Pack/Resources/CameraFilterPack_AAA_BloodOnScreen1.jpg
  artifactKey: Guid(c87d3e1d108385947bb7893c2095c04d) Importer(815301076,1909f56bfc062723c751e8b465ee728b)
Start importing Assets/Imports/Camera Filter Pack/Resources/CameraFilterPack_AAA_BloodOnScreen1.jpg using Guid(c87d3e1d108385947bb7893c2095c04d) Importer(815301076,1909f56bfc062723c751e8b465ee728b)  -> (artifact id: 'fd7f598f8198b842c7ad7d77bd2ad092') in 0.113139 seconds 
========================================================================
Received Import Request.
  Time since last request: 0.000327 seconds.
  path: Assets/Textures/flicker_hard.png
  artifactKey: Guid(a0775ddee39477446bcbcedd7ca1bd22) Importer(815301076,1909f56bfc062723c751e8b465ee728b)
Start importing Assets/Textures/flicker_hard.png using Guid(a0775ddee39477446bcbcedd7ca1bd22) Importer(815301076,1909f56bfc062723c751e8b465ee728b)  -> (artifact id: '5f7cff952825c3f13660aa2fcb5a7182') in 0.050332 seconds 
========================================================================
Received Import Request.
  Time since last request: 0.000348 seconds.
  path: Assets/Imports/Camera Filter Pack/Resources/CameraFilterPack_Fly_VisionFX.jpg
  artifactKey: Guid(7786c7c6da3d67f4baeff4dfc4b015d4) Importer(815301076,1909f56bfc062723c751e8b465ee728b)
Start importing Assets/Imports/Camera Filter Pack/Resources/CameraFilterPack_Fly_VisionFX.jpg using Guid(7786c7c6da3d67f4baeff4dfc4b015d4) Importer(815301076,1909f56bfc062723c751e8b465ee728b)  -> (artifact id: 'a75eb99154663d81af5726efbc8b202b') in 0.160823 seconds 
========================================================================
Received Import Request.
  Time since last request: 0.000200 seconds.
  path: Assets/Textures/flicker_smooth.png
  artifactKey: Guid(761f29ee7809777499d07b01434bbb3a) Importer(815301076,1909f56bfc062723c751e8b465ee728b)
Start importing Assets/Textures/flicker_smooth.png using Guid(761f29ee7809777499d07b01434bbb3a) Importer(815301076,1909f56bfc062723c751e8b465ee728b)  -> (artifact id: '6403531cf2976555e1f2852d345a6531') in 0.066353 seconds 
========================================================================
Received Import Request.
  Time since last request: 0.000261 seconds.
  path: Assets/Imports/SkySerie Freebie/FreebieHdri/FluffballDayBack.hdr
  artifactKey: Guid(50762494be58d144d98d179cd6ba1470) Importer(815301076,1909f56bfc062723c751e8b465ee728b)
Start importing Assets/Imports/SkySerie Freebie/FreebieHdri/FluffballDayBack.hdr using Guid(50762494be58d144d98d179cd6ba1470) Importer(815301076,1909f56bfc062723c751e8b465ee728b)  -> (artifact id: 'f88e7eb2e223ec284f6f0b17b3058094') in 0.488687 seconds 
========================================================================
Received Import Request.
  Time since last request: 0.000289 seconds.
  path: Assets/Imports/Sci-Fi Styled Modular Pack/Textures/base-color-normal.png
  artifactKey: Guid(ff91cef54bb04124b899f12176bee5d1) Importer(815301076,1909f56bfc062723c751e8b465ee728b)
Start importing Assets/Imports/Sci-Fi Styled Modular Pack/Textures/base-color-normal.png using Guid(ff91cef54bb04124b899f12176bee5d1) Importer(815301076,1909f56bfc062723c751e8b465ee728b)  -> (artifact id: 'ea789b16d06958dce983c0bbfa068398') in 0.208299 seconds 
========================================================================
Received Import Request.
  Time since last request: 0.000275 seconds.
  path: Assets/Imports/Camera Filter Pack/Resources/CameraFilterPack_TV_HorrorFX.jpg
  artifactKey: Guid(cedea72eb721a274daad897836a9ca25) Importer(815301076,1909f56bfc062723c751e8b465ee728b)
Start importing Assets/Imports/Camera Filter Pack/Resources/CameraFilterPack_TV_HorrorFX.jpg using Guid(cedea72eb721a274daad897836a9ca25) Importer(815301076,1909f56bfc062723c751e8b465ee728b)  -> (artifact id: 'a7e0f25e6b9a5780891a98b5d65609d5') in 0.126656 seconds 
========================================================================
Received Import Request.
  Time since last request: 0.000300 seconds.
  path: Assets/Imports/Camera Filter Pack/Resources/CameraFilterPack_3D_Matrix1.jpg
  artifactKey: Guid(5289a26c59faadb4f9218e2a871fd6e7) Importer(815301076,1909f56bfc062723c751e8b465ee728b)
Start importing Assets/Imports/Camera Filter Pack/Resources/CameraFilterPack_3D_Matrix1.jpg using Guid(5289a26c59faadb4f9218e2a871fd6e7) Importer(815301076,1909f56bfc062723c751e8b465ee728b)  -> (artifact id: '21e4327175d95847543f09ef62e1eb9d') in 0.140511 seconds 
========================================================================
Received Import Request.
  Time since last request: 0.000345 seconds.
  path: Assets/Imports/Camera Filter Pack/Resources/CameraFilterPack_AAA_Blood2.jpg
  artifactKey: Guid(0ef16e277952f864a9052abe3e80ae29) Importer(815301076,1909f56bfc062723c751e8b465ee728b)
Start importing Assets/Imports/Camera Filter Pack/Resources/CameraFilterPack_AAA_Blood2.jpg using Guid(0ef16e277952f864a9052abe3e80ae29) Importer(815301076,1909f56bfc062723c751e8b465ee728b)  -> (artifact id: '6c63ad0c7d1dce953691619af8fe229a') in 0.131419 seconds 
========================================================================
Received Import Request.
  Time since last request: 0.000465 seconds.
  path: Assets/Imports/Camera Filter Pack/Resources/CameraFilterPack_TV_BrokenGlass_2.jpg
  artifactKey: Guid(560508b9f7b81b84a87c8a53029f2540) Importer(815301076,1909f56bfc062723c751e8b465ee728b)
Start importing Assets/Imports/Camera Filter Pack/Resources/CameraFilterPack_TV_BrokenGlass_2.jpg using Guid(560508b9f7b81b84a87c8a53029f2540) Importer(815301076,1909f56bfc062723c751e8b465ee728b)  -> (artifact id: 'b043fcbcaa928e4c9eb42e65431ee22a') in 0.151704 seconds 
========================================================================
Received Import Request.
  Time since last request: 0.000293 seconds.
  path: Assets/Design/ProtoLevel/DesignScheme1.png
  artifactKey: Guid(c17d09961d30c8e45b7ed486b6902686) Importer(815301076,1909f56bfc062723c751e8b465ee728b)
Start importing Assets/Design/ProtoLevel/DesignScheme1.png using Guid(c17d09961d30c8e45b7ed486b6902686) Importer(815301076,1909f56bfc062723c751e8b465ee728b)  -> (artifact id: 'eabeeb8c14e0ee7a3bcdb9eb3b3141a9') in 0.133986 seconds 
========================================================================
Received Import Request.
  Time since last request: 0.000251 seconds.
  path: Assets/Imports/Sci-Fi Styled Modular Pack/Textures/blue-color.png
  artifactKey: Guid(a698da84decbb5f43881903177570fe2) Importer(815301076,1909f56bfc062723c751e8b465ee728b)
Start importing Assets/Imports/Sci-Fi Styled Modular Pack/Textures/blue-color.png using Guid(a698da84decbb5f43881903177570fe2) Importer(815301076,1909f56bfc062723c751e8b465ee728b)  -> (artifact id: 'b5b680a2f427bd5a58a6c8215e9aeb2d') in 0.060979 seconds 
========================================================================
Received Import Request.
  Time since last request: 0.000240 seconds.
  path: Assets/Imports/Low Poly Space Rocks/Components/Textures/Emission.png
  artifactKey: Guid(c10c326e807041542b536ee3f68a9003) Importer(815301076,1909f56bfc062723c751e8b465ee728b)
Start importing Assets/Imports/Low Poly Space Rocks/Components/Textures/Emission.png using Guid(c10c326e807041542b536ee3f68a9003) Importer(815301076,1909f56bfc062723c751e8b465ee728b)  -> (artifact id: '947b3add66b8eb0227a921a4714f9369') in 0.097125 seconds 
========================================================================
Received Import Request.
  Time since last request: 0.000233 seconds.
  path: Assets/Imports/Distant Lands/Distant Suite Volume I/Langemark - Low Poly WWI/Contents/Materials/Textures/Camo 2.png
  artifactKey: Guid(ba685587898879a41aa46d8b2937ab60) Importer(815301076,1909f56bfc062723c751e8b465ee728b)
Start importing Assets/Imports/Distant Lands/Distant Suite Volume I/Langemark - Low Poly WWI/Contents/Materials/Textures/Camo 2.png using Guid(ba685587898879a41aa46d8b2937ab60) Importer(815301076,1909f56bfc062723c751e8b465ee728b)  -> (artifact id: 'f418b270d37836da9e843362c9d4cea3') in 0.162026 seconds 
========================================================================
Received Import Request.
  Time since last request: 0.000291 seconds.
  path: Assets/Imports/Distant Lands/Athazagoraphobia - Stylized Jungle/Contents/Materials/Textures/Grass/Dry Grass 2.png
  artifactKey: Guid(15bc8cf00b57f504b99f43090df8bda5) Importer(815301076,1909f56bfc062723c751e8b465ee728b)
Start importing Assets/Imports/Distant Lands/Athazagoraphobia - Stylized Jungle/Contents/Materials/Textures/Grass/Dry Grass 2.png using Guid(15bc8cf00b57f504b99f43090df8bda5) Importer(815301076,1909f56bfc062723c751e8b465ee728b)  -> (artifact id: '3e7ef16ac2676383efed684515b1e95c') in 0.186434 seconds 
========================================================================
Received Import Request.
  Time since last request: 0.000312 seconds.
  path: Assets/Imports/Camera Filter Pack/Resources/CameraFilterPack_3D_Computer1.jpg
  artifactKey: Guid(f41c5553ecfe2304888278a1384e3481) Importer(815301076,1909f56bfc062723c751e8b465ee728b)
Start importing Assets/Imports/Camera Filter Pack/Resources/CameraFilterPack_3D_Computer1.jpg using Guid(f41c5553ecfe2304888278a1384e3481) Importer(815301076,1909f56bfc062723c751e8b465ee728b)  -> (artifact id: '437f1aafd2dc7ecc3ad104b2ec27633e') in 0.085203 seconds 
========================================================================
Received Import Request.
  Time since last request: 0.000382 seconds.
  path: Assets/Imports/SkySerie Freebie/FreebieHdri/DarkStorm4K.hdr
  artifactKey: Guid(762f22ba43541df4e95e0e7126e8d96c) Importer(815301076,1909f56bfc062723c751e8b465ee728b)
Start importing Assets/Imports/SkySerie Freebie/FreebieHdri/DarkStorm4K.hdr using Guid(762f22ba43541df4e95e0e7126e8d96c) Importer(815301076,1909f56bfc062723c751e8b465ee728b)  -> (artifact id: 'bc7d7958fb809f94073387fc1d777454') in 0.804274 seconds 
========================================================================
Received Import Request.
  Time since last request: 0.000326 seconds.
  path: Assets/Textures/Effects/BlackSquare.png
  artifactKey: Guid(ddf5512536739714abfb4f38975f22fe) Importer(815301076,1909f56bfc062723c751e8b465ee728b)
Start importing Assets/Textures/Effects/BlackSquare.png using Guid(ddf5512536739714abfb4f38975f22fe) Importer(815301076,1909f56bfc062723c751e8b465ee728b)  -> (artifact id: '7af351b44825fef7ce8a3312e15095f0') in 0.279192 seconds 
========================================================================
Received Import Request.
  Time since last request: 0.000382 seconds.
  path: Assets/Imports/Sci-Fi Styled Modular Pack/Textures/base-color.png
  artifactKey: Guid(dfcd4dcb2145c6d4f9da3e7654d22d9e) Importer(815301076,1909f56bfc062723c751e8b465ee728b)
Start importing Assets/Imports/Sci-Fi Styled Modular Pack/Textures/base-color.png using Guid(dfcd4dcb2145c6d4f9da3e7654d22d9e) Importer(815301076,1909f56bfc062723c751e8b465ee728b)  -> (artifact id: 'd690058f4e65b21dd0c6dddf4b73b272') in 0.120450 seconds 
========================================================================
Received Import Request.
  Time since last request: 0.000259 seconds.
  path: Assets/Imports/SkySerie Freebie/FreebieHdri/CasualDay4K.hdr
  artifactKey: Guid(1153dc89e66880c4eb7adc16ba588855) Importer(815301076,1909f56bfc062723c751e8b465ee728b)
Start importing Assets/Imports/SkySerie Freebie/FreebieHdri/CasualDay4K.hdr using Guid(1153dc89e66880c4eb7adc16ba588855) Importer(815301076,1909f56bfc062723c751e8b465ee728b)  -> (artifact id: '924115f2ab4270a96cc5d34cff495185') in 0.617368 seconds 
========================================================================
Received Import Request.
  Time since last request: 0.000403 seconds.
  path: Assets/Imports/SkySerie Freebie/FreebieHdri/CosmicCoolCloudBack.hdr
  artifactKey: Guid(a779becf00399924184cd13e046a100e) Importer(815301076,1909f56bfc062723c751e8b465ee728b)
Start importing Assets/Imports/SkySerie Freebie/FreebieHdri/CosmicCoolCloudBack.hdr using Guid(a779becf00399924184cd13e046a100e) Importer(815301076,1909f56bfc062723c751e8b465ee728b)  -> (artifact id: '7b5b9bc63fd7eb48abd23b2224e5149c') in 0.138717 seconds 
========================================================================
Received Import Request.
  Time since last request: 0.000255 seconds.
  path: Assets/Imports/Camera Filter Pack/Resources/CameraFilterPack_TV_Noise3.jpg
  artifactKey: Guid(9e459ef5994c8614f8017a26bf8429ad) Importer(815301076,1909f56bfc062723c751e8b465ee728b)
Start importing Assets/Imports/Camera Filter Pack/Resources/CameraFilterPack_TV_Noise3.jpg using Guid(9e459ef5994c8614f8017a26bf8429ad) Importer(815301076,1909f56bfc062723c751e8b465ee728b)  -> (artifact id: 'd60ee38148c0a995fe96a288b014d424') in 0.135959 seconds 
========================================================================
Received Import Request.
  Time since last request: 0.000256 seconds.
  path: Assets/Textures/AI Screen.png
  artifactKey: Guid(aac5e115f0c604c4c952c22b9760211b) Importer(815301076,1909f56bfc062723c751e8b465ee728b)
Start importing Assets/Textures/AI Screen.png using Guid(aac5e115f0c604c4c952c22b9760211b) Importer(815301076,1909f56bfc062723c751e8b465ee728b)  -> (artifact id: '84aa725d522ea1e7a565651ea4a821de') in 0.052180 seconds 
========================================================================
Received Import Request.
  Time since last request: 0.000327 seconds.
  path: Assets/Imports/Camera Filter Pack/Resources/CameraFilterPack_OldFilm2.jpg
  artifactKey: Guid(6af1b22efc329f34680829097604f9fa) Importer(815301076,1909f56bfc062723c751e8b465ee728b)
Start importing Assets/Imports/Camera Filter Pack/Resources/CameraFilterPack_OldFilm2.jpg using Guid(6af1b22efc329f34680829097604f9fa) Importer(815301076,1909f56bfc062723c751e8b465ee728b)  -> (artifact id: 'e67c47606bce835a6d04e7a17a017b34') in 0.168075 seconds 
========================================================================
Received Import Request.
  Time since last request: 0.000275 seconds.
  path: Assets/Imports/Camera Filter Pack/Resources/CameraFilterPack_RainFX_Anm2.png
  artifactKey: Guid(896e9f5da9a51534c983eba11492e6af) Importer(815301076,1909f56bfc062723c751e8b465ee728b)
Start importing Assets/Imports/Camera Filter Pack/Resources/CameraFilterPack_RainFX_Anm2.png using Guid(896e9f5da9a51534c983eba11492e6af) Importer(815301076,1909f56bfc062723c751e8b465ee728b)  -> (artifact id: '2a9fd11f7ad8720ea18f3339e9b924d4') in 0.219500 seconds 
========================================================================
Received Import Request.
  Time since last request: 0.000243 seconds.
  path: Assets/Textures/Effects/aa.png
  artifactKey: Guid(993518d33da7a22449b0537004619241) Importer(815301076,1909f56bfc062723c751e8b465ee728b)
Start importing Assets/Textures/Effects/aa.png using Guid(993518d33da7a22449b0537004619241) Importer(815301076,1909f56bfc062723c751e8b465ee728b)  -> (artifact id: '2f078eba7c3db71d843c3e9d4f1ceb9a') in 0.145298 seconds 
========================================================================
Received Import Request.
  Time since last request: 0.000250 seconds.
  path: Assets/Imports/Camera Filter Pack/Resources/CameraFilterPack_TV_Noise.jpg
  artifactKey: Guid(49a1819f51cf4fe40978e9c3116923ce) Importer(815301076,1909f56bfc062723c751e8b465ee728b)
Start importing Assets/Imports/Camera Filter Pack/Resources/CameraFilterPack_TV_Noise.jpg using Guid(49a1819f51cf4fe40978e9c3116923ce) Importer(815301076,1909f56bfc062723c751e8b465ee728b)  -> (artifact id: 'a7745e13dd3655216db2365e17f585a4') in 0.091128 seconds 
========================================================================
Received Import Request.
  Time since last request: 0.000416 seconds.
  path: Assets/Imports/Camera Filter Pack/Resources/CameraFilterPack_3D_Debris1.jpg
  artifactKey: Guid(28998dcdf6f161843a64c3787db13d68) Importer(815301076,1909f56bfc062723c751e8b465ee728b)
Start importing Assets/Imports/Camera Filter Pack/Resources/CameraFilterPack_3D_Debris1.jpg using Guid(28998dcdf6f161843a64c3787db13d68) Importer(815301076,1909f56bfc062723c751e8b465ee728b)  -> (artifact id: '6df763cf926dd4098b73ff55f9dff7c9') in 0.308421 seconds 
========================================================================
Received Import Request.
  Time since last request: 0.000291 seconds.
  path: Assets/Imports/OutlineEffect/Demo/Content/at.png
  artifactKey: Guid(22aa22e2a78c67541adedf2369b88d68) Importer(815301076,1909f56bfc062723c751e8b465ee728b)
Start importing Assets/Imports/OutlineEffect/Demo/Content/at.png using Guid(22aa22e2a78c67541adedf2369b88d68) Importer(815301076,1909f56bfc062723c751e8b465ee728b)  -> (artifact id: '4fd6092fbb3814097fe904c7a8e5980f') in 0.138943 seconds 
========================================================================
Received Import Request.
  Time since last request: 0.000336 seconds.
  path: Assets/Imports/Camera Filter Pack/Resources/CameraFilterPack_Paper2.jpg
  artifactKey: Guid(d340f7d32de9eb749b3c13f53d71b9a6) Importer(815301076,1909f56bfc062723c751e8b465ee728b)
Start importing Assets/Imports/Camera Filter Pack/Resources/CameraFilterPack_Paper2.jpg using Guid(d340f7d32de9eb749b3c13f53d71b9a6) Importer(815301076,1909f56bfc062723c751e8b465ee728b)  -> (artifact id: '6aa6680794e2ef9cddccf1cd121ca534') in 0.101241 seconds 
========================================================================
Received Import Request.
  Time since last request: 0.000278 seconds.
  path: Assets/Textures/Crosshair.png
  artifactKey: Guid(c194e772a13278a478b7d11c40d8ac7d) Importer(815301076,1909f56bfc062723c751e8b465ee728b)
Start importing Assets/Textures/Crosshair.png using Guid(c194e772a13278a478b7d11c40d8ac7d) Importer(815301076,1909f56bfc062723c751e8b465ee728b)  -> (artifact id: '5c08facd9d3d29992d9344ba067a7b67') in 0.076208 seconds 
========================================================================
Received Import Request.
  Time since last request: 0.000236 seconds.
  path: Assets/Imports/Camera Filter Pack/Resources/CameraFilterPack_Sweater.jpg
  artifactKey: Guid(137af2f83153dc84f8df39c26b405fa9) Importer(815301076,1909f56bfc062723c751e8b465ee728b)
Start importing Assets/Imports/Camera Filter Pack/Resources/CameraFilterPack_Sweater.jpg using Guid(137af2f83153dc84f8df39c26b405fa9) Importer(815301076,1909f56bfc062723c751e8b465ee728b)  -> (artifact id: '6c66947c4a84989561aaedb0b2201873') in 0.067384 seconds 
========================================================================
Received Import Request.
  Time since last request: 0.000243 seconds.
  path: Assets/Imports/Camera Filter Pack/Resources/CameraFilterPack_Atmosphere_Rain_FX.jpg
  artifactKey: Guid(0176a62f783d00d40aa8996f7d15f8e1) Importer(815301076,1909f56bfc062723c751e8b465ee728b)
Start importing Assets/Imports/Camera Filter Pack/Resources/CameraFilterPack_Atmosphere_Rain_FX.jpg using Guid(0176a62f783d00d40aa8996f7d15f8e1) Importer(815301076,1909f56bfc062723c751e8b465ee728b)  -> (artifact id: '2eb2fe6f87e55293480cdf30c426462c') in 0.207619 seconds 
========================================================================
Received Import Request.
  Time since last request: 0.000224 seconds.
  path: Assets/Imports/Camera Filter Pack/Resources/CameraFilterPack_Paper1.jpg
  artifactKey: Guid(7a47001e1d3ed0c4abc681138a825dd4) Importer(815301076,1909f56bfc062723c751e8b465ee728b)
Start importing Assets/Imports/Camera Filter Pack/Resources/CameraFilterPack_Paper1.jpg using Guid(7a47001e1d3ed0c4abc681138a825dd4) Importer(815301076,1909f56bfc062723c751e8b465ee728b)  -> (artifact id: 'fa58f07c3954e95cbd2d5370fdd100fe') in 0.103157 seconds 
========================================================================
Received Import Request.
  Time since last request: 0.000211 seconds.
  path: Assets/Imports/Camera Filter Pack/Resources/CameraFilterPack_Glasses_On2.jpg
  artifactKey: Guid(55a78560d9348a447b3b6c4d53fc601d) Importer(815301076,1909f56bfc062723c751e8b465ee728b)
Start importing Assets/Imports/Camera Filter Pack/Resources/CameraFilterPack_Glasses_On2.jpg using Guid(55a78560d9348a447b3b6c4d53fc601d) Importer(815301076,1909f56bfc062723c751e8b465ee728b)  -> (artifact id: '4c7bed8dde62b2f7f8eacccac90f341e') in 0.230127 seconds 
========================================================================
Received Import Request.
  Time since last request: 0.000200 seconds.
  path: Assets/Imports/SkySerie Freebie/FreebieHdri/FluffballDayBottom.hdr
  artifactKey: Guid(42e0664ae4c5c424ebcd980a10687e18) Importer(815301076,1909f56bfc062723c751e8b465ee728b)
Start importing Assets/Imports/SkySerie Freebie/FreebieHdri/FluffballDayBottom.hdr using Guid(42e0664ae4c5c424ebcd980a10687e18) Importer(815301076,1909f56bfc062723c751e8b465ee728b)  -> (artifact id: '4dec087bf680c07cfa6a546df1d46b34') in 0.138476 seconds 
========================================================================
Received Import Request.
  Time since last request: 0.000252 seconds.
  path: Assets/Imports/Camera Filter Pack/Resources/CameraFilterPack_VHS2.jpg
  artifactKey: Guid(b45bc777e7f4c704480993efc116f5be) Importer(815301076,1909f56bfc062723c751e8b465ee728b)
Start importing Assets/Imports/Camera Filter Pack/Resources/CameraFilterPack_VHS2.jpg using Guid(b45bc777e7f4c704480993efc116f5be) Importer(815301076,1909f56bfc062723c751e8b465ee728b)  -> (artifact id: 'c8c9192e319966095d2e1aa714eaeda9') in 0.540047 seconds 
========================================================================
Received Import Request.
  Time since last request: 0.000256 seconds.
  path: Assets/Imports/Camera Filter Pack/Resources/CameraFilterPack_TV_Vignetting1.jpg
  artifactKey: Guid(6dad0511e8f7b4146a6c05621060157d) Importer(815301076,1909f56bfc062723c751e8b465ee728b)
Start importing Assets/Imports/Camera Filter Pack/Resources/CameraFilterPack_TV_Vignetting1.jpg using Guid(6dad0511e8f7b4146a6c05621060157d) Importer(815301076,1909f56bfc062723c751e8b465ee728b)  -> (artifact id: '66f254f4bf41eb68cafd7c1c4a55c163') in 0.072733 seconds 
========================================================================
Received Import Request.
  Time since last request: 0.000252 seconds.
  path: Assets/Textures/AI Screen.psd
  artifactKey: Guid(48b34f0d530ef0c45a4397f2da96219a) Importer(815301076,1909f56bfc062723c751e8b465ee728b)
Start importing Assets/Textures/AI Screen.psd using Guid(48b34f0d530ef0c45a4397f2da96219a) Importer(815301076,1909f56bfc062723c751e8b465ee728b)  -> (artifact id: 'f576dd9c38b0d310df49a04b112cd145') in 0.099060 seconds 
========================================================================
Received Import Request.
  Time since last request: 0.000244 seconds.
  path: Assets/Imports/Distant Lands/Athazagoraphobia - Stylized Jungle/Contents/Materials/Textures/Leaves/Bamboo Leaves.png
  artifactKey: Guid(5e937840914f5b84489040cc114e0909) Importer(815301076,1909f56bfc062723c751e8b465ee728b)
Start importing Assets/Imports/Distant Lands/Athazagoraphobia - Stylized Jungle/Contents/Materials/Textures/Leaves/Bamboo Leaves.png using Guid(5e937840914f5b84489040cc114e0909) Importer(815301076,1909f56bfc062723c751e8b465ee728b)  -> (artifact id: '4bddea32c6481b90a764a124b3fd37dd') in 0.168710 seconds 
========================================================================
Received Import Request.
  Time since last request: 0.000244 seconds.
  path: Assets/Textures/Banner.png
  artifactKey: Guid(9a6dfd7f5af7f4f4291d491eaad584f5) Importer(815301076,1909f56bfc062723c751e8b465ee728b)
Start importing Assets/Textures/Banner.png using Guid(9a6dfd7f5af7f4f4291d491eaad584f5) Importer(815301076,1909f56bfc062723c751e8b465ee728b)  -> (artifact id: 'baee87a223a0d2216f0ed0ca79fed0ba') in 0.123021 seconds 
========================================================================
Received Import Request.
  Time since last request: 0.000246 seconds.
  path: Assets/Imports/Camera Filter Pack/Resources/CameraFilterPack_Glasses_On3.jpg
  artifactKey: Guid(a950795cac049c24284db2f87ee36acb) Importer(815301076,1909f56bfc062723c751e8b465ee728b)
Start importing Assets/Imports/Camera Filter Pack/Resources/CameraFilterPack_Glasses_On3.jpg using Guid(a950795cac049c24284db2f87ee36acb) Importer(815301076,1909f56bfc062723c751e8b465ee728b)  -> (artifact id: '4c131bd1a752829b073a8cd378917776') in 0.249941 seconds 
========================================================================
Received Import Request.
  Time since last request: 0.000216 seconds.
  path: Assets/Imports/Sci-Fi Styled Modular Pack/Textures/black-color.png
  artifactKey: Guid(d35a86981ce0835469c36ee0215785b3) Importer(815301076,1909f56bfc062723c751e8b465ee728b)
Start importing Assets/Imports/Sci-Fi Styled Modular Pack/Textures/black-color.png using Guid(d35a86981ce0835469c36ee0215785b3) Importer(815301076,1909f56bfc062723c751e8b465ee728b)  -> (artifact id: '69a58f06b0465a14ef9aea87bff420c4') in 0.143465 seconds 
========================================================================
Received Import Request.
  Time since last request: 0.000288 seconds.
  path: Assets/Imports/Sci-Fi Styled Modular Pack/Textures/base-color2.png
  artifactKey: Guid(964178d1204784641ba0c906105de93c) Importer(815301076,1909f56bfc062723c751e8b465ee728b)
Start importing Assets/Imports/Sci-Fi Styled Modular Pack/Textures/base-color2.png using Guid(964178d1204784641ba0c906105de93c) Importer(815301076,1909f56bfc062723c751e8b465ee728b)  -> (artifact id: '4d0485e6bd9c7b7fc1b3a1bfb3b00dcb') in 0.095347 seconds 
========================================================================
Received Import Request.
  Time since last request: 0.000246 seconds.
  path: Assets/Imports/SkySerie Freebie/FreebieHdri/CosmicCoolCloudLeft.hdr
  artifactKey: Guid(740f96d568f4f3e40b049c40f11603e5) Importer(815301076,1909f56bfc062723c751e8b465ee728b)
Start importing Assets/Imports/SkySerie Freebie/FreebieHdri/CosmicCoolCloudLeft.hdr using Guid(740f96d568f4f3e40b049c40f11603e5) Importer(815301076,1909f56bfc062723c751e8b465ee728b)  -> (artifact id: '84200ad3bbef584f2a5c74ad4508e9ea') in 0.177445 seconds 
========================================================================
Received Import Request.
  Time since last request: 0.000178 seconds.
  path: Assets/Imports/Camera Filter Pack/Resources/CameraFilterPack_3D_Binary1.jpg
  artifactKey: Guid(1a1905d4f3ecd0648af2553215fa7216) Importer(815301076,1909f56bfc062723c751e8b465ee728b)
Start importing Assets/Imports/Camera Filter Pack/Resources/CameraFilterPack_3D_Binary1.jpg using Guid(1a1905d4f3ecd0648af2553215fa7216) Importer(815301076,1909f56bfc062723c751e8b465ee728b)  -> (artifact id: '80c3ee7e623407c128692647a6af2f82') in 0.085185 seconds 
========================================================================
Received Import Request.
  Time since last request: 0.000237 seconds.
  path: Assets/Imports/SkySerie Freebie/FreebieHdri/DayInTheClouds4k.hdr
  artifactKey: Guid(90196f2c2d8d2f2448717676e1a09894) Importer(815301076,1909f56bfc062723c751e8b465ee728b)
Start importing Assets/Imports/SkySerie Freebie/FreebieHdri/DayInTheClouds4k.hdr using Guid(90196f2c2d8d2f2448717676e1a09894) Importer(815301076,1909f56bfc062723c751e8b465ee728b)  -> (artifact id: '07255dee1be4faef7bcdcdfbf79ff5f1') in 0.646917 seconds 
========================================================================
Received Import Request.
  Time since last request: 0.000302 seconds.
  path: Assets/Imports/SkySerie Freebie/FreebieHdri/FluffballDayFront.hdr
  artifactKey: Guid(4499836ec803a0443834895abc208fba) Importer(815301076,1909f56bfc062723c751e8b465ee728b)
Start importing Assets/Imports/SkySerie Freebie/FreebieHdri/FluffballDayFront.hdr using Guid(4499836ec803a0443834895abc208fba) Importer(815301076,1909f56bfc062723c751e8b465ee728b)  -> (artifact id: '842f60f8a38c2036c84f3fd771601bd4') in 0.143568 seconds 
========================================================================
Received Import Request.
  Time since last request: 0.000329 seconds.
  path: Assets/Imports/SkySerie Freebie/FreebieHdri/CoriolisNight4k.hdr
  artifactKey: Guid(354036e57ae357148aed267204ce73a7) Importer(815301076,1909f56bfc062723c751e8b465ee728b)
Start importing Assets/Imports/SkySerie Freebie/FreebieHdri/CoriolisNight4k.hdr using Guid(354036e57ae357148aed267204ce73a7) Importer(815301076,1909f56bfc062723c751e8b465ee728b)  -> (artifact id: 'dac51955ad8bd0b1cba934f2eb40f4a2') in 0.637913 seconds 
========================================================================
Received Import Request.
  Time since last request: 0.000271 seconds.
  path: Assets/Imports/Distant Lands/Distant Suite Volume I/Langemark - Low Poly WWI/Contents/Materials/Textures/Camo 3.png
  artifactKey: Guid(07b13c9217165cc4f9267c3dfbee0bcd) Importer(815301076,1909f56bfc062723c751e8b465ee728b)
Start importing Assets/Imports/Distant Lands/Distant Suite Volume I/Langemark - Low Poly WWI/Contents/Materials/Textures/Camo 3.png using Guid(07b13c9217165cc4f9267c3dfbee0bcd) Importer(815301076,1909f56bfc062723c751e8b465ee728b)  -> (artifact id: 'f1c64cdac30206f474729968340a22a9') in 0.282882 seconds 
========================================================================
Received Import Request.
  Time since last request: 0.000289 seconds.
  path: Assets/Imports/Camera Filter Pack/Resources/CameraFilterPack_TV_Noise2.jpg
  artifactKey: Guid(7cdd78ef856bd2d4eb7a1d3711f8448d) Importer(815301076,1909f56bfc062723c751e8b465ee728b)
Start importing Assets/Imports/Camera Filter Pack/Resources/CameraFilterPack_TV_Noise2.jpg using Guid(7cdd78ef856bd2d4eb7a1d3711f8448d) Importer(815301076,1909f56bfc062723c751e8b465ee728b)  -> (artifact id: 'b1ff9a82686939536b48e8ae12708f5f') in 0.090145 seconds 
========================================================================
Received Import Request.
  Time since last request: 0.000233 seconds.
  path: Assets/Textures/Effects/BlackRing.png
  artifactKey: Guid(669c9b3715d95d5489876779dbb3d93a) Importer(815301076,1909f56bfc062723c751e8b465ee728b)
Start importing Assets/Textures/Effects/BlackRing.png using Guid(669c9b3715d95d5489876779dbb3d93a) Importer(815301076,1909f56bfc062723c751e8b465ee728b)  -> (artifact id: '807286b00493e02750eea4fdff8a76ae') in 0.219120 seconds 
========================================================================
Received Import Request.
  Time since last request: 0.000220 seconds.
  path: Assets/Imports/SkySerie Freebie/FreebieHdri/CosmicCoolCloudBottom.hdr
  artifactKey: Guid(94b877781ad034640abce933599b6f2e) Importer(815301076,1909f56bfc062723c751e8b465ee728b)
Start importing Assets/Imports/SkySerie Freebie/FreebieHdri/CosmicCoolCloudBottom.hdr using Guid(94b877781ad034640abce933599b6f2e) Importer(815301076,1909f56bfc062723c751e8b465ee728b)  -> (artifact id: '489f1e20a7abe2e0a8bc7808ed428ad5') in 0.295429 seconds 
========================================================================
Received Import Request.
  Time since last request: 0.000236 seconds.
  path: Assets/Imports/Camera Filter Pack/Resources/CameraFilterPack_RainDrop2.jpg
  artifactKey: Guid(037510655a09bd5448fcc440894517ce) Importer(815301076,1909f56bfc062723c751e8b465ee728b)
Start importing Assets/Imports/Camera Filter Pack/Resources/CameraFilterPack_RainDrop2.jpg using Guid(037510655a09bd5448fcc440894517ce) Importer(815301076,1909f56bfc062723c751e8b465ee728b)  -> (artifact id: '651bc82333e43bb12d5ffd1c445a8056') in 0.254925 seconds 
========================================================================
Received Import Request.
  Time since last request: 0.000207 seconds.
  path: Assets/Imports/Distant Lands/Athazagoraphobia - Stylized Jungle/Contents/Materials/Textures/Grass/Dry Grass 1.png
  artifactKey: Guid(e87267760df99e44fbd2e720d9f8b8e7) Importer(815301076,1909f56bfc062723c751e8b465ee728b)
Start importing Assets/Imports/Distant Lands/Athazagoraphobia - Stylized Jungle/Contents/Materials/Textures/Grass/Dry Grass 1.png using Guid(e87267760df99e44fbd2e720d9f8b8e7) Importer(815301076,1909f56bfc062723c751e8b465ee728b)  -> (artifact id: 'e949fa72c730cbd00336c21c6ae9bd93') in 0.162288 seconds 
========================================================================
Received Import Request.
  Time since last request: 0.000225 seconds.
  path: Assets/Imports/Camera Filter Pack/Resources/CameraFilterPack_3D_Myst1.jpg
  artifactKey: Guid(8c798072ec56dc8448aac94e72a8b06b) Importer(815301076,1909f56bfc062723c751e8b465ee728b)
Start importing Assets/Imports/Camera Filter Pack/Resources/CameraFilterPack_3D_Myst1.jpg using Guid(8c798072ec56dc8448aac94e72a8b06b) Importer(815301076,1909f56bfc062723c751e8b465ee728b)  -> (artifact id: '96fa891925619cdafe122ee32c222d24') in 0.170256 seconds 
========================================================================
Received Import Request.
  Time since last request: 0.000218 seconds.
  path: Assets/Imports/Distant Lands/Distant Suite Volume I/Langemark - Low Poly WWI/Contents/Enviroment/Materials/Textures/Ash 1.png
  artifactKey: Guid(659e38d7e66095141a5eabbb49aabe53) Importer(815301076,1909f56bfc062723c751e8b465ee728b)
Start importing Assets/Imports/Distant Lands/Distant Suite Volume I/Langemark - Low Poly WWI/Contents/Enviroment/Materials/Textures/Ash 1.png using Guid(659e38d7e66095141a5eabbb49aabe53) Importer(815301076,1909f56bfc062723c751e8b465ee728b)  -> (artifact id: '0e2835bef8668674c17accc5e8a260b2') in 0.139167 seconds 
========================================================================
Received Import Request.
  Time since last request: 0.000228 seconds.
  path: Assets/Imports/Distant Lands/Distant Suite Volume I/Langemark - Low Poly WWI/Contents/Enviroment/Materials/Textures/Dirt.png
  artifactKey: Guid(2872cae18c3af194caa6bab3a3b0be5f) Importer(815301076,1909f56bfc062723c751e8b465ee728b)
Start importing Assets/Imports/Distant Lands/Distant Suite Volume I/Langemark - Low Poly WWI/Contents/Enviroment/Materials/Textures/Dirt.png using Guid(2872cae18c3af194caa6bab3a3b0be5f) Importer(815301076,1909f56bfc062723c751e8b465ee728b)  -> (artifact id: 'a58e7a22ae0e4ed65fdb6299bbdc8c5a') in 0.175616 seconds 
========================================================================
Received Import Request.
  Time since last request: 0.000287 seconds.
  path: Assets/Imports/Camera Filter Pack/Resources/CameraFilterPack_RainFX_Anm.jpg
  artifactKey: Guid(9bad6e48ef111b14581bec95f2535026) Importer(815301076,1909f56bfc062723c751e8b465ee728b)
Start importing Assets/Imports/Camera Filter Pack/Resources/CameraFilterPack_RainFX_Anm.jpg using Guid(9bad6e48ef111b14581bec95f2535026) Importer(815301076,1909f56bfc062723c751e8b465ee728b)  -> (artifact id: 'd46111570584163137d4ea6bd453a372') in 0.563484 seconds 
========================================================================
Received Import Request.
  Time since last request: 0.000252 seconds.
  path: Assets/Imports/Sci-Fi Styled Modular Pack/Textures/bush2.png
  artifactKey: Guid(725e1d304bf06ef42ade609bd0a8809f) Importer(815301076,1909f56bfc062723c751e8b465ee728b)
Start importing Assets/Imports/Sci-Fi Styled Modular Pack/Textures/bush2.png using Guid(725e1d304bf06ef42ade609bd0a8809f) Importer(815301076,1909f56bfc062723c751e8b465ee728b)  -> (artifact id: '3164753479ee46470b8283b7f13a8f7d') in 0.188477 seconds 
========================================================================
Received Import Request.
  Time since last request: 0.000217 seconds.
  path: Assets/Scenes/Chapter1/Chapter1_Puzzle1.unity
  artifactKey: Guid(2b70a30d3c674d243ad4d6a5ca31f795) Importer(815301076,1909f56bfc062723c751e8b465ee728b)
Start importing Assets/Scenes/Chapter1/Chapter1_Puzzle1.unity using Guid(2b70a30d3c674d243ad4d6a5ca31f795) Importer(815301076,1909f56bfc062723c751e8b465ee728b)  -> (artifact id: '668fad50fc0d7ef2d1381c5a37f7bdfc') in 0.011444 seconds 
========================================================================
Received Import Request.
  Time since last request: 0.000455 seconds.
  path: Assets/Imports/Camera Filter Pack/Resources/CameraFilterPack_Glasses_On4.jpg
  artifactKey: Guid(dbddb3de1dc97be4baea570a2efdde05) Importer(815301076,1909f56bfc062723c751e8b465ee728b)
Start importing Assets/Imports/Camera Filter Pack/Resources/CameraFilterPack_Glasses_On4.jpg using Guid(dbddb3de1dc97be4baea570a2efdde05) Importer(815301076,1909f56bfc062723c751e8b465ee728b)  -> (artifact id: 'cf0680b0572c9ab85efdc4c865925a92') in 0.237659 seconds 
========================================================================
Received Import Request.
  Time since last request: 0.000301 seconds.
  path: Assets/Imports/Camera Filter Pack/Resources/CameraFilterPack_Paper3.jpg
  artifactKey: Guid(5a93b6faf5995bc48b7653a4d54ce7f7) Importer(815301076,1909f56bfc062723c751e8b465ee728b)
Start importing Assets/Imports/Camera Filter Pack/Resources/CameraFilterPack_Paper3.jpg using Guid(5a93b6faf5995bc48b7653a4d54ce7f7) Importer(815301076,1909f56bfc062723c751e8b465ee728b)  -> (artifact id: '850cd891e83b912d5ce453c4627081b9') in 0.122359 seconds 
========================================================================
Received Import Request.
  Time since last request: 0.000415 seconds.
  path: Assets/Imports/Sci-Fi Styled Modular Pack/Textures/computer_wall_metalic.png
  artifactKey: Guid(1b0399fc6de3a0d44bbdc4362aa0e992) Importer(815301076,1909f56bfc062723c751e8b465ee728b)
Start importing Assets/Imports/Sci-Fi Styled Modular Pack/Textures/computer_wall_metalic.png using Guid(1b0399fc6de3a0d44bbdc4362aa0e992) Importer(815301076,1909f56bfc062723c751e8b465ee728b)  -> (artifact id: '673acd090120c4f8c5f78ef885e73e27') in 0.029134 seconds 
========================================================================
Received Import Request.
  Time since last request: 0.000242 seconds.
  path: Assets/Imports/Camera Filter Pack/Resources/CameraFilterPack_TV_BrokenGlass1.jpg
  artifactKey: Guid(32b86414a60202441bd5c0f4415a2a7f) Importer(815301076,1909f56bfc062723c751e8b465ee728b)
Start importing Assets/Imports/Camera Filter Pack/Resources/CameraFilterPack_TV_BrokenGlass1.jpg using Guid(32b86414a60202441bd5c0f4415a2a7f) Importer(815301076,1909f56bfc062723c751e8b465ee728b)  -> (artifact id: '90a9cab685a74f5d574d4908e5bcd93d') in 0.140351 seconds 
========================================================================
Received Import Request.
  Time since last request: 0.000245 seconds.
  path: Assets/Imports/Camera Filter Pack/Resources/CameraFilterPack_Glasses_On7.jpg
  artifactKey: Guid(12a1dd33d8a44db48ab37a5cfefd6ff4) Importer(815301076,1909f56bfc062723c751e8b465ee728b)
Start importing Assets/Imports/Camera Filter Pack/Resources/CameraFilterPack_Glasses_On7.jpg using Guid(12a1dd33d8a44db48ab37a5cfefd6ff4) Importer(815301076,1909f56bfc062723c751e8b465ee728b)  -> (artifact id: '1f867e829b14f6b4c0c9f0055b6bfa96') in 0.195901 seconds 
========================================================================
Received Import Request.
  Time since last request: 0.000255 seconds.
  path: Assets/Imports/Camera Filter Pack/Resources/CameraFilterPack_WaterDrop.png
  artifactKey: Guid(7d99ba4239861624f85326c0575ad01f) Importer(815301076,1909f56bfc062723c751e8b465ee728b)
Start importing Assets/Imports/Camera Filter Pack/Resources/CameraFilterPack_WaterDrop.png using Guid(7d99ba4239861624f85326c0575ad01f) Importer(815301076,1909f56bfc062723c751e8b465ee728b)  -> (artifact id: 'e16572462d2afa294d6ee1116654a85b') in 0.127283 seconds 
========================================================================
Received Import Request.
  Time since last request: 0.000230 seconds.
  path: Assets/Imports/Camera Filter Pack/Resources/CameraFilterPack_VHS1.jpg
  artifactKey: Guid(8a028d789522ae346bce4b133cf72888) Importer(815301076,1909f56bfc062723c751e8b465ee728b)
Start importing Assets/Imports/Camera Filter Pack/Resources/CameraFilterPack_VHS1.jpg using Guid(8a028d789522ae346bce4b133cf72888) Importer(815301076,1909f56bfc062723c751e8b465ee728b)  -> (artifact id: 'c9c0e02404bca95d83a81fe0698c2e66') in 0.445091 seconds 
========================================================================
Received Import Request.
  Time since last request: 0.000237 seconds.
  path: Assets/Imports/Camera Filter Pack/Resources/CameraFilterPack_AAA_Blood_Hit1.jpg
  artifactKey: Guid(bda802fa523507d42bddc41d91d950dd) Importer(815301076,1909f56bfc062723c751e8b465ee728b)
Start importing Assets/Imports/Camera Filter Pack/Resources/CameraFilterPack_AAA_Blood_Hit1.jpg using Guid(bda802fa523507d42bddc41d91d950dd) Importer(815301076,1909f56bfc062723c751e8b465ee728b)  -> (artifact id: '58b72ce7d502b509d62bb12d2177d508') in 0.234969 seconds 
========================================================================
Received Import Request.
  Time since last request: 0.000324 seconds.
  path: Assets/Imports/SkySerie Freebie/FreebieHdri/CosmicCoolCloudTop.hdr
  artifactKey: Guid(a199da0432efa6a489df8883d1f3bfe0) Importer(815301076,1909f56bfc062723c751e8b465ee728b)
Start importing Assets/Imports/SkySerie Freebie/FreebieHdri/CosmicCoolCloudTop.hdr using Guid(a199da0432efa6a489df8883d1f3bfe0) Importer(815301076,1909f56bfc062723c751e8b465ee728b)  -> (artifact id: '91b5128d92e3da7e72eeedee49790f72') in 0.235992 seconds 
========================================================================
Received Import Request.
  Time since last request: 0.000420 seconds.
  path: Assets/Imports/Distant Lands/Distant Suite Volume I/Pemberley Low Poly Manor/Content/Art/Dancing Couple.png
  artifactKey: Guid(183e50e7f407ef34ab9ee2dac1d920e9) Importer(815301076,1909f56bfc062723c751e8b465ee728b)
Start importing Assets/Imports/Distant Lands/Distant Suite Volume I/Pemberley Low Poly Manor/Content/Art/Dancing Couple.png using Guid(183e50e7f407ef34ab9ee2dac1d920e9) Importer(815301076,1909f56bfc062723c751e8b465ee728b)  -> (artifact id: 'e93beaed6483689e598fb80a331e7b23') in 0.188652 seconds 
========================================================================
Received Import Request.
  Time since last request: 0.000264 seconds.
  path: Assets/Imports/Camera Filter Pack/Resources/CameraFilterPack_Glasses_On5.jpg
  artifactKey: Guid(05ac27482c0ec4e42b2a63720b64f119) Importer(815301076,1909f56bfc062723c751e8b465ee728b)
Start importing Assets/Imports/Camera Filter Pack/Resources/CameraFilterPack_Glasses_On5.jpg using Guid(05ac27482c0ec4e42b2a63720b64f119) Importer(815301076,1909f56bfc062723c751e8b465ee728b)  -> (artifact id: 'ff8cf98b718a88074b97038f8c8e26fe') in 0.435526 seconds 
========================================================================
Received Import Request.
  Time since last request: 0.000581 seconds.
  path: Assets/Imports/Camera Filter Pack/Resources/CameraFilterPack_OldFilm1.jpg
  artifactKey: Guid(63f63a8d32da16943ac35f8234725cbd) Importer(815301076,1909f56bfc062723c751e8b465ee728b)
Start importing Assets/Imports/Camera Filter Pack/Resources/CameraFilterPack_OldFilm1.jpg using Guid(63f63a8d32da16943ac35f8234725cbd) Importer(815301076,1909f56bfc062723c751e8b465ee728b)  -> (artifact id: '4c4f36c2e12fdf5bc9a2eda53b523136') in 0.126029 seconds 
========================================================================
Received Import Request.
  Time since last request: 0.000201 seconds.
  path: Assets/Imports/Sci-Fi Styled Modular Pack/Textures/coffee-color.png
  artifactKey: Guid(0444929aa8d1adf45a0fe7c3c3c8d205) Importer(815301076,1909f56bfc062723c751e8b465ee728b)
Start importing Assets/Imports/Sci-Fi Styled Modular Pack/Textures/coffee-color.png using Guid(0444929aa8d1adf45a0fe7c3c3c8d205) Importer(815301076,1909f56bfc062723c751e8b465ee728b)  -> (artifact id: 'dfce57801087a87f5bc3db0db6c2e33f') in 0.076006 seconds 
========================================================================
Received Import Request.
  Time since last request: 0.000193 seconds.
  path: Assets/Imports/Distant Lands/Distant Suite Volume II/Sunken - Low Poly Ocean Depths/Contents/Caustics/Caustics.asset
  artifactKey: Guid(eb3eed586be70f14f903b83e417ea408) Importer(815301076,1909f56bfc062723c751e8b465ee728b)
Start importing Assets/Imports/Distant Lands/Distant Suite Volume II/Sunken - Low Poly Ocean Depths/Contents/Caustics/Caustics.asset using Guid(eb3eed586be70f14f903b83e417ea408) Importer(815301076,1909f56bfc062723c751e8b465ee728b)  -> (artifact id: '873434a4076b8c9b12863dda5abf2c77') in 0.197320 seconds 
========================================================================
Received Import Request.
  Time since last request: 0.000208 seconds.
  path: Assets/Imports/SkySerie Freebie/FreebieHdri/CloudedSunGlow4k.hdr
  artifactKey: Guid(12c15a8e5a294be45819b1dd4b9b08d3) Importer(815301076,1909f56bfc062723c751e8b465ee728b)
Start importing Assets/Imports/SkySerie Freebie/FreebieHdri/CloudedSunGlow4k.hdr using Guid(12c15a8e5a294be45819b1dd4b9b08d3) Importer(815301076,1909f56bfc062723c751e8b465ee728b)  -> (artifact id: '270d95fb572194701f23eb6a87690c5c') in 0.556905 seconds 
========================================================================
Received Import Request.
  Time since last request: 0.000256 seconds.
  path: Assets/Imports/SkySerie Freebie/FreebieHdri/CosmicCoolCloudFront.hdr
  artifactKey: Guid(d822c5eff7d42f04691027bc8c2b0716) Importer(815301076,1909f56bfc062723c751e8b465ee728b)
Start importing Assets/Imports/SkySerie Freebie/FreebieHdri/CosmicCoolCloudFront.hdr using Guid(d822c5eff7d42f04691027bc8c2b0716) Importer(815301076,1909f56bfc062723c751e8b465ee728b)  -> (artifact id: 'd0355100287a97ca0dc366a10e5d8a9b') in 0.167868 seconds 
========================================================================
Received Import Request.
  Time since last request: 0.000258 seconds.
  path: Assets/Imports/Camera Filter Pack/Resources/CameraFilterPack_Paper4.jpg
  artifactKey: Guid(b646bc7d168cbd844804899e2356fa14) Importer(815301076,1909f56bfc062723c751e8b465ee728b)
Start importing Assets/Imports/Camera Filter Pack/Resources/CameraFilterPack_Paper4.jpg using Guid(b646bc7d168cbd844804899e2356fa14) Importer(815301076,1909f56bfc062723c751e8b465ee728b)  -> (artifact id: 'cd187ec00347bf33bc31f8c82ea45de0') in 0.109761 seconds 
========================================================================
Received Import Request.
  Time since last request: 0.000210 seconds.
  path: Assets/Scenes/Chapter1/Chapter1.unity
  artifactKey: Guid(03101730be62f04498188de78d04149f) Importer(815301076,1909f56bfc062723c751e8b465ee728b)
Start importing Assets/Scenes/Chapter1/Chapter1.unity using Guid(03101730be62f04498188de78d04149f) Importer(815301076,1909f56bfc062723c751e8b465ee728b)  -> (artifact id: '44da8fd5f7db44b36fbc11fdb8969436') in 0.008894 seconds 
========================================================================
Received Import Request.
  Time since last request: 0.000699 seconds.
  path: Assets/Imports/Camera Filter Pack/Resources/CameraFilterPack_TV_Arcade1.jpg
  artifactKey: Guid(f8d43176391b2e34ebca838335c590af) Importer(815301076,1909f56bfc062723c751e8b465ee728b)
Start importing Assets/Imports/Camera Filter Pack/Resources/CameraFilterPack_TV_Arcade1.jpg using Guid(f8d43176391b2e34ebca838335c590af) Importer(815301076,1909f56bfc062723c751e8b465ee728b)  -> (artifact id: 'e0c4715fdb5b81e6be678a9036cb7926') in 0.127240 seconds 
========================================================================
Received Import Request.
  Time since last request: 0.000182 seconds.
  path: Assets/Imports/SkySerie Freebie/FreebieHdri/AmbienceExposure4k.hdr
  artifactKey: Guid(c9bc6cdb7a2e78b4c85ae74715b0a355) Importer(815301076,1909f56bfc062723c751e8b465ee728b)
Start importing Assets/Imports/SkySerie Freebie/FreebieHdri/AmbienceExposure4k.hdr using Guid(c9bc6cdb7a2e78b4c85ae74715b0a355) Importer(815301076,1909f56bfc062723c751e8b465ee728b)  -> (artifact id: '2f9262fbc9391e55967b62976137c38a') in 0.644284 seconds 
========================================================================
Received Import Request.
  Time since last request: 0.000325 seconds.
  path: Assets/Imports/Distant Lands/Distant Suite Volume I/Langemark - Low Poly WWI/Contents/Materials/Textures/Air Camo.png
  artifactKey: Guid(a3b798ad0ae93c641ba7c0e444668bcc) Importer(815301076,1909f56bfc062723c751e8b465ee728b)
Start importing Assets/Imports/Distant Lands/Distant Suite Volume I/Langemark - Low Poly WWI/Contents/Materials/Textures/Air Camo.png using Guid(a3b798ad0ae93c641ba7c0e444668bcc) Importer(815301076,1909f56bfc062723c751e8b465ee728b)  -> (artifact id: '0bb1998bf0fbc1297aa635e2a613af7f') in 0.026438 seconds 
========================================================================
Received Import Request.
  Time since last request: 0.000255 seconds.
  path: Assets/Imports/Distant Lands/Distant Suite Volume I/Langemark - Low Poly WWI/Contents/Enviroment/Materials/Textures/Ash.png
  artifactKey: Guid(b99a0ab2ab79f3d4b9039807906f9394) Importer(815301076,1909f56bfc062723c751e8b465ee728b)
Start importing Assets/Imports/Distant Lands/Distant Suite Volume I/Langemark - Low Poly WWI/Contents/Enviroment/Materials/Textures/Ash.png using Guid(b99a0ab2ab79f3d4b9039807906f9394) Importer(815301076,1909f56bfc062723c751e8b465ee728b)  -> (artifact id: '630e21f331d1117fa02f53a2b94e46e8') in 0.071965 seconds 
========================================================================
Received Import Request.
  Time since last request: 0.000283 seconds.
  path: Assets/Imports/SkySerie Freebie/FreebieHdri/Cloudymorning4k.hdr
  artifactKey: Guid(3b5d67736d7b8ad4f8da4d58eaef0b98) Importer(815301076,1909f56bfc062723c751e8b465ee728b)
Start importing Assets/Imports/SkySerie Freebie/FreebieHdri/Cloudymorning4k.hdr using Guid(3b5d67736d7b8ad4f8da4d58eaef0b98) Importer(815301076,1909f56bfc062723c751e8b465ee728b)  -> (artifact id: 'b22948723dd5a0754305218c512d5991') in 0.721716 seconds 
========================================================================
Received Import Request.
  Time since last request: 0.000298 seconds.
  path: Assets/Imports/SkySerie Freebie/FreebieHdri/FluffballDay4k.hdr
  artifactKey: Guid(3e80b688af9b1d84ea52c5d36bb1cbbd) Importer(815301076,1909f56bfc062723c751e8b465ee728b)
Start importing Assets/Imports/SkySerie Freebie/FreebieHdri/FluffballDay4k.hdr using Guid(3e80b688af9b1d84ea52c5d36bb1cbbd) Importer(815301076,1909f56bfc062723c751e8b465ee728b)  -> (artifact id: '97b6a4b32d1d17b693f5760974b40bab') in 0.800170 seconds 
========================================================================
Received Import Request.
  Time since last request: 0.000332 seconds.
  path: Assets/Imports/Camera Filter Pack/Resources/CameraFilterPack_RainDrop.jpg
  artifactKey: Guid(69708035c81c17e479b15803de3ef19d) Importer(815301076,1909f56bfc062723c751e8b465ee728b)
Start importing Assets/Imports/Camera Filter Pack/Resources/CameraFilterPack_RainDrop.jpg using Guid(69708035c81c17e479b15803de3ef19d) Importer(815301076,1909f56bfc062723c751e8b465ee728b)  -> (artifact id: 'b78019177b26028a65f8c0b9f8ca1adb') in 0.116525 seconds 
========================================================================
Received Import Request.
  Time since last request: 0.000295 seconds.
  path: Assets/Imports/Camera Filter Pack/Resources/CameraFilterPack_Glasses_On6.jpg
  artifactKey: Guid(784bb0c0d7f74b74289f4d19034ab53b) Importer(815301076,1909f56bfc062723c751e8b465ee728b)
Start importing Assets/Imports/Camera Filter Pack/Resources/CameraFilterPack_Glasses_On6.jpg using Guid(784bb0c0d7f74b74289f4d19034ab53b) Importer(815301076,1909f56bfc062723c751e8b465ee728b)  -> (artifact id: 'd128f16ba7f88f87dcfa2ef2baaa4ebc') in 0.249018 seconds 
========================================================================
Received Import Request.
  Time since last request: 0.000355 seconds.
  path: Assets/Imports/Distant Lands/Distant Suite Volume I/Pemberley Low Poly Manor/Content/Art/Ceiling Art 1.png
  artifactKey: Guid(bb55b699a82e32a4aa004fcd9139d976) Importer(815301076,1909f56bfc062723c751e8b465ee728b)
Start importing Assets/Imports/Distant Lands/Distant Suite Volume I/Pemberley Low Poly Manor/Content/Art/Ceiling Art 1.png using Guid(bb55b699a82e32a4aa004fcd9139d976) Importer(815301076,1909f56bfc062723c751e8b465ee728b)  -> (artifact id: '96e9264b1a8ca13b776136f20388dfcb') in 0.058990 seconds 
========================================================================
Received Import Request.
  Time since last request: 0.000313 seconds.
  path: Assets/Imports/Camera Filter Pack/Resources/CameraFilterPack_Blizzard1.jpg
  artifactKey: Guid(e65fa93eeb356634f91c2397ba249e4f) Importer(815301076,1909f56bfc062723c751e8b465ee728b)
Start importing Assets/Imports/Camera Filter Pack/Resources/CameraFilterPack_Blizzard1.jpg using Guid(e65fa93eeb356634f91c2397ba249e4f) Importer(815301076,1909f56bfc062723c751e8b465ee728b)  -> (artifact id: '66f7cd24a69f04148af1b2b84b94abda') in 0.145830 seconds 
========================================================================
Received Import Request.
  Time since last request: 0.000281 seconds.
  path: Assets/Imports/Distant Lands/Distant Suite Volume I/Imminence - Sci-fi Soldiers/Scenes/Demo/ExamplesSkybox.exr
  artifactKey: Guid(81dad86e4cebd9d409c3db55d9a29485) Importer(815301076,1909f56bfc062723c751e8b465ee728b)
Start importing Assets/Imports/Distant Lands/Distant Suite Volume I/Imminence - Sci-fi Soldiers/Scenes/Demo/ExamplesSkybox.exr using Guid(81dad86e4cebd9d409c3db55d9a29485) Importer(815301076,1909f56bfc062723c751e8b465ee728b)  -> (artifact id: 'ca66aeefc4a5430a13c2b6c6572e5267') in 0.158948 seconds 
========================================================================
Received Import Request.
  Time since last request: 0.000272 seconds.
  path: Assets/Imports/Camera Filter Pack/Resources/CameraFilterPack_eyes_vision_2.jpg
  artifactKey: Guid(89d7242ef827fc94f8db0914109fa17c) Importer(815301076,1909f56bfc062723c751e8b465ee728b)
Start importing Assets/Imports/Camera Filter Pack/Resources/CameraFilterPack_eyes_vision_2.jpg using Guid(89d7242ef827fc94f8db0914109fa17c) Importer(815301076,1909f56bfc062723c751e8b465ee728b)  -> (artifact id: 'b6c9450fad75b2fcea0fdcf771ceae52') in 0.166540 seconds 
========================================================================
Received Import Request.
  Time since last request: 0.000274 seconds.
  path: Assets/Imports/Distant Lands/Distant Suite Volume I/Langemark - Low Poly WWI/Contents/Materials/Textures/Camo.png
  artifactKey: Guid(2394e0b8ee1a1354fbab9c5a8145594e) Importer(815301076,1909f56bfc062723c751e8b465ee728b)
Start importing Assets/Imports/Distant Lands/Distant Suite Volume I/Langemark - Low Poly WWI/Contents/Materials/Textures/Camo.png using Guid(2394e0b8ee1a1354fbab9c5a8145594e) Importer(815301076,1909f56bfc062723c751e8b465ee728b)  -> (artifact id: 'afbf5b02bb4de9e48a325c247fd09b9f') in 0.148029 seconds 
========================================================================
Received Import Request.
  Time since last request: 0.000292 seconds.
  path: Assets/Imports/Camera Filter Pack/Resources/CameraFilterPack_eyes_vision_1.jpg
  artifactKey: Guid(19e44a0e0d471554baab1a71d01ea823) Importer(815301076,1909f56bfc062723c751e8b465ee728b)
Start importing Assets/Imports/Camera Filter Pack/Resources/CameraFilterPack_eyes_vision_1.jpg using Guid(19e44a0e0d471554baab1a71d01ea823) Importer(815301076,1909f56bfc062723c751e8b465ee728b)  -> (artifact id: 'bcec184db3ab5a16c8abd7666e2a2e2f') in 0.130135 seconds 
========================================================================
Received Prepare
Registering precompiled user dll's ...
Registered in 0.002915 seconds.
Begin MonoManager ReloadAssembly
Native extension for WindowsStandalone target not found
Refreshing native plugins compatible for Editor in 2.96 ms, found 0 plugins.
Preloading 0 native plugins for Editor in 0.00 ms.
Unable to allocate new scene culling mask
UnityEngine.StackTraceUtility:ExtractStackTrace ()
UnityEditor.SceneManagement.EditorSceneManager:NewPreviewScene (bool)
UnityEditor.SceneManagement.EditorSceneManager:NewPreviewScene ()
UnityEditor.PreviewScene:.ctor (string)
UnityEditor.PreviewRenderUtility:.ctor ()
UnityEditor.Texture3DPreview:InitPreviewUtility ()
UnityEditor.Texture3DPreview:OnEnable ()

[C:\buildslave\unity\build\Editor/Src/SceneManager/EditorSceneManager.cpp line 672]

Unable to allocate new scene culling mask
UnityEngine.StackTraceUtility:ExtractStackTrace ()
UnityEditor.SceneManagement.EditorSceneManager:NewPreviewScene (bool)
UnityEditor.SceneManagement.EditorSceneManager:NewPreviewScene ()
UnityEditor.PreviewScene:.ctor (string)
UnityEditor.PreviewRenderUtility:.ctor ()
UnityEditor.Texture3DPreview:InitPreviewUtility ()
UnityEditor.Texture3DPreview:OnEnable ()

[C:\buildslave\unity\build\Editor/Src/SceneManager/EditorSceneManager.cpp line 672]

Unable to allocate new scene culling mask
UnityEngine.StackTraceUtility:ExtractStackTrace ()
UnityEditor.SceneManagement.EditorSceneManager:NewPreviewScene (bool)
UnityEditor.SceneManagement.EditorSceneManager:NewPreviewScene ()
UnityEditor.PreviewScene:.ctor (string)
UnityEditor.PreviewRenderUtility:.ctor ()
UnityEditor.Texture3DPreview:InitPreviewUtility ()
UnityEditor.Texture3DPreview:OnEnable ()

[C:\buildslave\unity\build\Editor/Src/SceneManager/EditorSceneManager.cpp line 672]

Unable to allocate new scene culling mask
UnityEngine.StackTraceUtility:ExtractStackTrace ()
UnityEditor.SceneManagement.EditorSceneManager:NewPreviewScene (bool)
UnityEditor.SceneManagement.EditorSceneManager:NewPreviewScene ()
UnityEditor.PreviewScene:.ctor (string)
UnityEditor.PreviewRenderUtility:.ctor ()
UnityEditor.Texture3DPreview:InitPreviewUtility ()
UnityEditor.Texture3DPreview:OnEnable ()

[C:\buildslave\unity\build\Editor/Src/SceneManager/EditorSceneManager.cpp line 672]

Unable to allocate new scene culling mask
UnityEngine.StackTraceUtility:ExtractStackTrace ()
UnityEditor.SceneManagement.EditorSceneManager:NewPreviewScene (bool)
UnityEditor.SceneManagement.EditorSceneManager:NewPreviewScene ()
UnityEditor.PreviewScene:.ctor (string)
UnityEditor.PreviewRenderUtility:.ctor ()
UnityEditor.Texture3DPreview:InitPreviewUtility ()
UnityEditor.Texture3DPreview:OnEnable ()

[C:\buildslave\unity\build\Editor/Src/SceneManager/EditorSceneManager.cpp line 672]

Unable to allocate new scene culling mask
UnityEngine.StackTraceUtility:ExtractStackTrace ()
UnityEditor.SceneManagement.EditorSceneManager:NewPreviewScene (bool)
UnityEditor.SceneManagement.EditorSceneManager:NewPreviewScene ()
UnityEditor.PreviewScene:.ctor (string)
UnityEditor.PreviewRenderUtility:.ctor ()
UnityEditor.Texture3DPreview:InitPreviewUtility ()
UnityEditor.Texture3DPreview:OnEnable ()

[C:\buildslave\unity\build\Editor/Src/SceneManager/EditorSceneManager.cpp line 672]

Unable to allocate new scene culling mask
UnityEngine.StackTraceUtility:ExtractStackTrace ()
UnityEditor.SceneManagement.EditorSceneManager:NewPreviewScene (bool)
UnityEditor.SceneManagement.EditorSceneManager:NewPreviewScene ()
UnityEditor.PreviewScene:.ctor (string)
UnityEditor.PreviewRenderUtility:.ctor ()
UnityEditor.Texture3DPreview:InitPreviewUtility ()
UnityEditor.Texture3DPreview:OnEnable ()

[C:\buildslave\unity\build\Editor/Src/SceneManager/EditorSceneManager.cpp line 672]

Unable to allocate new scene culling mask
UnityEngine.StackTraceUtility:ExtractStackTrace ()
UnityEditor.SceneManagement.EditorSceneManager:NewPreviewScene (bool)
UnityEditor.SceneManagement.EditorSceneManager:NewPreviewScene ()
UnityEditor.PreviewScene:.ctor (string)
UnityEditor.PreviewRenderUtility:.ctor ()
UnityEditor.Texture3DPreview:InitPreviewUtility ()
UnityEditor.Texture3DPreview:OnEnable ()

[C:\buildslave\unity\build\Editor/Src/SceneManager/EditorSceneManager.cpp line 672]

Unable to allocate new scene culling mask
UnityEngine.StackTraceUtility:ExtractStackTrace ()
UnityEditor.SceneManagement.EditorSceneManager:NewPreviewScene (bool)
UnityEditor.SceneManagement.EditorSceneManager:NewPreviewScene ()
UnityEditor.PreviewScene:.ctor (string)
UnityEditor.PreviewRenderUtility:.ctor ()
UnityEditor.Texture3DPreview:InitPreviewUtility ()
UnityEditor.Texture3DPreview:OnEnable ()

[C:\buildslave\unity\build\Editor/Src/SceneManager/EditorSceneManager.cpp line 672]

Unable to allocate new scene culling mask
UnityEngine.StackTraceUtility:ExtractStackTrace ()
UnityEditor.SceneManagement.EditorSceneManager:NewPreviewScene (bool)
UnityEditor.SceneManagement.EditorSceneManager:NewPreviewScene ()
UnityEditor.PreviewScene:.ctor (string)
UnityEditor.PreviewRenderUtility:.ctor ()
UnityEditor.Texture3DPreview:InitPreviewUtility ()
UnityEditor.Texture3DPreview:OnEnable ()

[C:\buildslave\unity\build\Editor/Src/SceneManager/EditorSceneManager.cpp line 672]

Unable to allocate new scene culling mask
UnityEngine.StackTraceUtility:ExtractStackTrace ()
UnityEditor.SceneManagement.EditorSceneManager:NewPreviewScene (bool)
UnityEditor.SceneManagement.EditorSceneManager:NewPreviewScene ()
UnityEditor.PreviewScene:.ctor (string)
UnityEditor.PreviewRenderUtility:.ctor ()
UnityEditor.Texture3DPreview:InitPreviewUtility ()
UnityEditor.Texture3DPreview:OnEnable ()

[C:\buildslave\unity\build\Editor/Src/SceneManager/EditorSceneManager.cpp line 672]

Unable to allocate new scene culling mask
UnityEngine.StackTraceUtility:ExtractStackTrace ()
UnityEditor.SceneManagement.EditorSceneManager:NewPreviewScene (bool)
UnityEditor.SceneManagement.EditorSceneManager:NewPreviewScene ()
UnityEditor.PreviewScene:.ctor (string)
UnityEditor.PreviewRenderUtility:.ctor ()
UnityEditor.Texture3DPreview:InitPreviewUtility ()
UnityEditor.Texture3DPreview:OnEnable ()

[C:\buildslave\unity\build\Editor/Src/SceneManager/EditorSceneManager.cpp line 672]

Unable to allocate new scene culling mask
UnityEngine.StackTraceUtility:ExtractStackTrace ()
UnityEditor.SceneManagement.EditorSceneManager:NewPreviewScene (bool)
UnityEditor.SceneManagement.EditorSceneManager:NewPreviewScene ()
UnityEditor.PreviewScene:.ctor (string)
UnityEditor.PreviewRenderUtility:.ctor ()
UnityEditor.Texture3DPreview:InitPreviewUtility ()
UnityEditor.Texture3DPreview:OnEnable ()

[C:\buildslave\unity\build\Editor/Src/SceneManager/EditorSceneManager.cpp line 672]

Unable to allocate new scene culling mask
UnityEngine.StackTraceUtility:ExtractStackTrace ()
UnityEditor.SceneManagement.EditorSceneManager:NewPreviewScene (bool)
UnityEditor.SceneManagement.EditorSceneManager:NewPreviewScene ()
UnityEditor.PreviewScene:.ctor (string)
UnityEditor.PreviewRenderUtility:.ctor ()
UnityEditor.Texture3DPreview:InitPreviewUtility ()
UnityEditor.Texture3DPreview:OnEnable ()

[C:\buildslave\unity\build\Editor/Src/SceneManager/EditorSceneManager.cpp line 672]

Unable to allocate new scene culling mask
UnityEngine.StackTraceUtility:ExtractStackTrace ()
UnityEditor.SceneManagement.EditorSceneManager:NewPreviewScene (bool)
UnityEditor.SceneManagement.EditorSceneManager:NewPreviewScene ()
UnityEditor.PreviewScene:.ctor (string)
UnityEditor.PreviewRenderUtility:.ctor ()
UnityEditor.Texture3DPreview:InitPreviewUtility ()
UnityEditor.Texture3DPreview:OnEnable ()

[C:\buildslave\unity\build\Editor/Src/SceneManager/EditorSceneManager.cpp line 672]

Unable to allocate new scene culling mask
UnityEngine.StackTraceUtility:ExtractStackTrace ()
UnityEditor.SceneManagement.EditorSceneManager:NewPreviewScene (bool)
UnityEditor.SceneManagement.EditorSceneManager:NewPreviewScene ()
UnityEditor.PreviewScene:.ctor (string)
UnityEditor.PreviewRenderUtility:.ctor ()
UnityEditor.Texture3DPreview:InitPreviewUtility ()
UnityEditor.Texture3DPreview:OnEnable ()

[C:\buildslave\unity\build\Editor/Src/SceneManager/EditorSceneManager.cpp line 672]

Unable to allocate new scene culling mask
UnityEngine.StackTraceUtility:ExtractStackTrace ()
UnityEditor.SceneManagement.EditorSceneManager:NewPreviewScene (bool)
UnityEditor.SceneManagement.EditorSceneManager:NewPreviewScene ()
UnityEditor.PreviewScene:.ctor (string)
UnityEditor.PreviewRenderUtility:.ctor ()
UnityEditor.Texture3DPreview:InitPreviewUtility ()
UnityEditor.Texture3DPreview:OnEnable ()

[C:\buildslave\unity\build\Editor/Src/SceneManager/EditorSceneManager.cpp line 672]

Unable to allocate new scene culling mask
UnityEngine.StackTraceUtility:ExtractStackTrace ()
UnityEditor.SceneManagement.EditorSceneManager:NewPreviewScene (bool)
UnityEditor.SceneManagement.EditorSceneManager:NewPreviewScene ()
UnityEditor.PreviewScene:.ctor (string)
UnityEditor.PreviewRenderUtility:.ctor ()
UnityEditor.Texture3DPreview:InitPreviewUtility ()
UnityEditor.Texture3DPreview:OnEnable ()

[C:\buildslave\unity\build\Editor/Src/SceneManager/EditorSceneManager.cpp line 672]

Unable to allocate new scene culling mask
UnityEngine.StackTraceUtility:ExtractStackTrace ()
UnityEditor.SceneManagement.EditorSceneManager:NewPreviewScene (bool)
UnityEditor.SceneManagement.EditorSceneManager:NewPreviewScene ()
UnityEditor.PreviewScene:.ctor (string)
UnityEditor.PreviewRenderUtility:.ctor ()
UnityEditor.Texture3DPreview:InitPreviewUtility ()
UnityEditor.Texture3DPreview:OnEnable ()

[C:\buildslave\unity\build\Editor/Src/SceneManager/EditorSceneManager.cpp line 672]

Unable to allocate new scene culling mask
UnityEngine.StackTraceUtility:ExtractStackTrace ()
UnityEditor.SceneManagement.EditorSceneManager:NewPreviewScene (bool)
UnityEditor.SceneManagement.EditorSceneManager:NewPreviewScene ()
UnityEditor.PreviewScene:.ctor (string)
UnityEditor.PreviewRenderUtility:.ctor ()
UnityEditor.Texture3DPreview:InitPreviewUtility ()
UnityEditor.Texture3DPreview:OnEnable ()

[C:\buildslave\unity\build\Editor/Src/SceneManager/EditorSceneManager.cpp line 672]

Unable to allocate new scene culling mask
UnityEngine.StackTraceUtility:ExtractStackTrace ()
UnityEditor.SceneManagement.EditorSceneManager:NewPreviewScene (bool)
UnityEditor.SceneManagement.EditorSceneManager:NewPreviewScene ()
UnityEditor.PreviewScene:.ctor (string)
UnityEditor.PreviewRenderUtility:.ctor ()
UnityEditor.Texture3DPreview:InitPreviewUtility ()
UnityEditor.Texture3DPreview:OnEnable ()

[C:\buildslave\unity\build\Editor/Src/SceneManager/EditorSceneManager.cpp line 672]

Unable to allocate new scene culling mask
UnityEngine.StackTraceUtility:ExtractStackTrace ()
UnityEditor.SceneManagement.EditorSceneManager:NewPreviewScene (bool)
UnityEditor.SceneManagement.EditorSceneManager:NewPreviewScene ()
UnityEditor.PreviewScene:.ctor (string)
UnityEditor.PreviewRenderUtility:.ctor ()
UnityEditor.Texture3DPreview:InitPreviewUtility ()
UnityEditor.Texture3DPreview:OnEnable ()

[C:\buildslave\unity\build\Editor/Src/SceneManager/EditorSceneManager.cpp line 672]

Unable to allocate new scene culling mask
UnityEngine.StackTraceUtility:ExtractStackTrace ()
UnityEditor.SceneManagement.EditorSceneManager:NewPreviewScene (bool)
UnityEditor.SceneManagement.EditorSceneManager:NewPreviewScene ()
UnityEditor.PreviewScene:.ctor (string)
UnityEditor.PreviewRenderUtility:.ctor ()
UnityEditor.Texture3DPreview:InitPreviewUtility ()
UnityEditor.Texture3DPreview:OnEnable ()

[C:\buildslave\unity\build\Editor/Src/SceneManager/EditorSceneManager.cpp line 672]

Unable to allocate new scene culling mask
UnityEngine.StackTraceUtility:ExtractStackTrace ()
UnityEditor.SceneManagement.EditorSceneManager:NewPreviewScene (bool)
UnityEditor.SceneManagement.EditorSceneManager:NewPreviewScene ()
UnityEditor.PreviewScene:.ctor (string)
UnityEditor.PreviewRenderUtility:.ctor ()
UnityEditor.Texture3DPreview:InitPreviewUtility ()
UnityEditor.Texture3DPreview:OnEnable ()

[C:\buildslave\unity\build\Editor/Src/SceneManager/EditorSceneManager.cpp line 672]

Unable to allocate new scene culling mask
UnityEngine.StackTraceUtility:ExtractStackTrace ()
UnityEditor.SceneManagement.EditorSceneManager:NewPreviewScene (bool)
UnityEditor.SceneManagement.EditorSceneManager:NewPreviewScene ()
UnityEditor.PreviewScene:.ctor (string)
UnityEditor.PreviewRenderUtility:.ctor ()
UnityEditor.Texture3DPreview:InitPreviewUtility ()
UnityEditor.Texture3DPreview:OnEnable ()

[C:\buildslave\unity\build\Editor/Src/SceneManager/EditorSceneManager.cpp line 672]

Unable to allocate new scene culling mask
UnityEngine.StackTraceUtility:ExtractStackTrace ()
UnityEditor.SceneManagement.EditorSceneManager:NewPreviewScene (bool)
UnityEditor.SceneManagement.EditorSceneManager:NewPreviewScene ()
UnityEditor.PreviewScene:.ctor (string)
UnityEditor.PreviewRenderUtility:.ctor ()
UnityEditor.Texture3DPreview:InitPreviewUtility ()
UnityEditor.Texture3DPreview:OnEnable ()

[C:\buildslave\unity\build\Editor/Src/SceneManager/EditorSceneManager.cpp line 672]

Unable to allocate new scene culling mask
UnityEngine.StackTraceUtility:ExtractStackTrace ()
UnityEditor.SceneManagement.EditorSceneManager:NewPreviewScene (bool)
UnityEditor.SceneManagement.EditorSceneManager:NewPreviewScene ()
UnityEditor.PreviewScene:.ctor (string)
UnityEditor.PreviewRenderUtility:.ctor ()
UnityEditor.Texture3DPreview:InitPreviewUtility ()
UnityEditor.Texture3DPreview:OnEnable ()

[C:\buildslave\unity\build\Editor/Src/SceneManager/EditorSceneManager.cpp line 672]

Unable to allocate new scene culling mask
UnityEngine.StackTraceUtility:ExtractStackTrace ()
UnityEditor.SceneManagement.EditorSceneManager:NewPreviewScene (bool)
UnityEditor.SceneManagement.EditorSceneManager:NewPreviewScene ()
UnityEditor.PreviewScene:.ctor (string)
UnityEditor.PreviewRenderUtility:.ctor ()
UnityEditor.Texture3DPreview:InitPreviewUtility ()
UnityEditor.Texture3DPreview:OnEnable ()

[C:\buildslave\unity\build\Editor/Src/SceneManager/EditorSceneManager.cpp line 672]

Unable to allocate new scene culling mask
UnityEngine.StackTraceUtility:ExtractStackTrace ()
UnityEditor.SceneManagement.EditorSceneManager:NewPreviewScene (bool)
UnityEditor.SceneManagement.EditorSceneManager:NewPreviewScene ()
UnityEditor.PreviewScene:.ctor (string)
UnityEditor.PreviewRenderUtility:.ctor ()
UnityEditor.Texture3DPreview:InitPreviewUtility ()
UnityEditor.Texture3DPreview:OnEnable ()

[C:\buildslave\unity\build\Editor/Src/SceneManager/EditorSceneManager.cpp line 672]

Unable to allocate new scene culling mask
UnityEngine.StackTraceUtility:ExtractStackTrace ()
UnityEditor.SceneManagement.EditorSceneManager:NewPreviewScene (bool)
UnityEditor.SceneManagement.EditorSceneManager:NewPreviewScene ()
UnityEditor.PreviewScene:.ctor (string)
UnityEditor.PreviewRenderUtility:.ctor ()
UnityEditor.Texture3DPreview:InitPreviewUtility ()
UnityEditor.Texture3DPreview:OnEnable ()

[C:\buildslave\unity\build\Editor/Src/SceneManager/EditorSceneManager.cpp line 672]

Unable to allocate new scene culling mask
UnityEngine.StackTraceUtility:ExtractStackTrace ()
UnityEditor.SceneManagement.EditorSceneManager:NewPreviewScene (bool)
UnityEditor.SceneManagement.EditorSceneManager:NewPreviewScene ()
UnityEditor.PreviewScene:.ctor (string)
UnityEditor.PreviewRenderUtility:.ctor ()
UnityEditor.Texture3DPreview:InitPreviewUtility ()
UnityEditor.Texture3DPreview:OnEnable ()

[C:\buildslave\unity\build\Editor/Src/SceneManager/EditorSceneManager.cpp line 672]

Unable to allocate new scene culling mask
UnityEngine.StackTraceUtility:ExtractStackTrace ()
UnityEditor.SceneManagement.EditorSceneManager:NewPreviewScene (bool)
UnityEditor.SceneManagement.EditorSceneManager:NewPreviewScene ()
UnityEditor.PreviewScene:.ctor (string)
UnityEditor.PreviewRenderUtility:.ctor ()
UnityEditor.Texture3DPreview:InitPreviewUtility ()
UnityEditor.Texture3DPreview:OnEnable ()

[C:\buildslave\unity\build\Editor/Src/SceneManager/EditorSceneManager.cpp line 672]

Unable to allocate new scene culling mask
UnityEngine.StackTraceUtility:ExtractStackTrace ()
UnityEditor.SceneManagement.EditorSceneManager:NewPreviewScene (bool)
UnityEditor.SceneManagement.EditorSceneManager:NewPreviewScene ()
UnityEditor.PreviewScene:.ctor (string)
UnityEditor.PreviewRenderUtility:.ctor ()
UnityEditor.Texture3DPreview:InitPreviewUtility ()
UnityEditor.Texture3DPreview:OnEnable ()

[C:\buildslave\unity\build\Editor/Src/SceneManager/EditorSceneManager.cpp line 672]

Unable to allocate new scene culling mask
UnityEngine.StackTraceUtility:ExtractStackTrace ()
UnityEditor.SceneManagement.EditorSceneManager:NewPreviewScene (bool)
UnityEditor.SceneManagement.EditorSceneManager:NewPreviewScene ()
UnityEditor.PreviewScene:.ctor (string)
UnityEditor.PreviewRenderUtility:.ctor ()
UnityEditor.Texture3DPreview:InitPreviewUtility ()
UnityEditor.Texture3DPreview:OnEnable ()

[C:\buildslave\unity\build\Editor/Src/SceneManager/EditorSceneManager.cpp line 672]

Unable to allocate new scene culling mask
UnityEngine.StackTraceUtility:ExtractStackTrace ()
UnityEditor.SceneManagement.EditorSceneManager:NewPreviewScene (bool)
UnityEditor.SceneManagement.EditorSceneManager:NewPreviewScene ()
UnityEditor.PreviewScene:.ctor (string)
UnityEditor.PreviewRenderUtility:.ctor ()
UnityEditor.Texture3DPreview:InitPreviewUtility ()
UnityEditor.Texture3DPreview:OnEnable ()

[C:\buildslave\unity\build\Editor/Src/SceneManager/EditorSceneManager.cpp line 672]

Unable to allocate new scene culling mask
UnityEngine.StackTraceUtility:ExtractStackTrace ()
UnityEditor.SceneManagement.EditorSceneManager:NewPreviewScene (bool)
UnityEditor.SceneManagement.EditorSceneManager:NewPreviewScene ()
UnityEditor.PreviewScene:.ctor (string)
UnityEditor.PreviewRenderUtility:.ctor ()
UnityEditor.Texture3DPreview:InitPreviewUtility ()
UnityEditor.Texture3DPreview:OnEnable ()

[C:\buildslave\unity\build\Editor/Src/SceneManager/EditorSceneManager.cpp line 672]

Mono: successfully reloaded assembly
- Completed reload, in  1.995 seconds
Platform modules already initialized, skipping
Shader 'Nature/Terrain/StylizedTerrain': dependency 'BaseMapShader' shader 'ASESampleShaders/SimpleTerrainBase' not found
Shader 'Nature/Terrain/StylizedTerrain': dependency 'AddPassShader' shader 'ASESampleShaders/Terrain/SimpleTerrainAddPass' not found
Refreshing native plugins compatible for Editor in 1.69 ms, found 0 plugins.
Preloading 0 native plugins for Editor in 0.00 ms.
Unloading 3002 Unused Serialized files (Serialized files now loaded: 0)
System memory in use before: 0.69 GB.
System memory in use after: 0.69 GB.

Unloading 33 unused Assets to reduce memory usage. Loaded Objects now: 5253.
Total: 7.747300 ms (FindLiveObjects: 0.428700 ms CreateObjectMapping: 0.207800 ms MarkObjects: 7.084500 ms  DeleteObjects: 0.025100 ms)

