Using pre-set license
Built from '2021.1/release' branch; Version is '2021.1.4f1 (4cd64a618c1b) revision 5035594'; Using compiler version '192528614'; Build Type 'Release'
OS: 'Windows 10 Home; OS build 22000.434; Version 2009; 64bit' Language: 'es' Physical Memory: 16260 MB
BatchMode: 1, IsHumanControllingUs: 0, StartBugReporterOnCrash: 0, Is64bit: 1, IsPro: 0

 COMMAND LINE ARGUMENTS:
D:\Unity Editor\2021.1.4f1\Editor\Unity.exe
-adb2
-batchMode
-noUpm
-name
AssetImportWorker1
-projectPath
D:/Proyectos/Juegos/Proyecto3Prototype2
-logFile
Logs/AssetImportWorker1.log
-srvPort
56388
Successfully changed project path to: D:/Proyectos/Juegos/Proyecto3Prototype2
D:/Proyectos/Juegos/Proyecto3Prototype2
Using Asset Import Pipeline V2.
Refreshing native plugins compatible for Editor in 295.07 ms, found 0 plugins.
Preloading 0 native plugins for Editor in 0.00 ms.
Initialize engine version: 2021.1.4f1 (4cd64a618c1b)
[Subsystems] Discovering subsystems at path D:/Unity Editor/2021.1.4f1/Editor/Data/Resources/UnitySubsystems
[Subsystems] Discovering subsystems at path D:/Proyectos/Juegos/Proyecto3Prototype2/Assets
GfxDevice: creating device client; threaded=0; jobified=0
Direct3D:
    Version:  Direct3D 11.0 [level 11.1]
    Renderer: NVIDIA GeForce GTX 1060 (ID=0x1c20)
    Vendor:   NVIDIA
    VRAM:     6052 MB
    Driver:   27.21.14.6611
Shader 'Nature/Terrain/StylizedTerrain': dependency 'BaseMapShader' shader 'ASESampleShaders/SimpleTerrainBase' not found
Shader 'Nature/Terrain/StylizedTerrain': dependency 'AddPassShader' shader 'ASESampleShaders/Terrain/SimpleTerrainAddPass' not found
Initialize mono
Mono path[0] = 'D:/Unity Editor/2021.1.4f1/Editor/Data/Managed'
Mono path[1] = 'D:/Unity Editor/2021.1.4f1/Editor/Data/MonoBleedingEdge/lib/mono/unityjit'
Mono config path = 'D:/Unity Editor/2021.1.4f1/Editor/Data/MonoBleedingEdge/etc'
Using monoOptions --debugger-agent=transport=dt_socket,embedding=1,server=y,suspend=n,address=127.0.0.1:56344
Begin MonoManager ReloadAssembly
Registering precompiled unity dll's ...
Register platform support module: D:/Unity Editor/2021.1.4f1/Editor/Data/PlaybackEngines/WindowsStandaloneSupport/UnityEditor.WindowsStandalone.Extensions.dll
Registered in 0.000908 seconds.
Native extension for WindowsStandalone target not found
Refreshing native plugins compatible for Editor in 163.52 ms, found 0 plugins.
Preloading 0 native plugins for Editor in 0.00 ms.
Mono: successfully reloaded assembly
- Completed reload, in  1.405 seconds
Platform modules already initialized, skipping
Registering precompiled user dll's ...
Registered in 0.002256 seconds.
Begin MonoManager ReloadAssembly
Native extension for WindowsStandalone target not found
Refreshing native plugins compatible for Editor in 170.37 ms, found 0 plugins.
Preloading 0 native plugins for Editor in 0.00 ms.
Mono: successfully reloaded assembly
- Completed reload, in  1.321 seconds
Platform modules already initialized, skipping
========================================================================
Worker process is ready to serve import requests
Shader 'Nature/Terrain/StylizedTerrain': dependency 'BaseMapShader' shader 'ASESampleShaders/SimpleTerrainBase' not found
Shader 'Nature/Terrain/StylizedTerrain': dependency 'AddPassShader' shader 'ASESampleShaders/Terrain/SimpleTerrainAddPass' not found
Launched and connected shader compiler UnityShaderCompiler.exe after 0.06 seconds
Refreshing native plugins compatible for Editor in 2.80 ms, found 0 plugins.
Preloading 0 native plugins for Editor in 0.00 ms.
Unloading 3283 Unused Serialized files (Serialized files now loaded: 0)
System memory in use before: 285.8 MB.
System memory in use after: 286.0 MB.

Unloading 42 unused Assets to reduce memory usage. Loaded Objects now: 3755.
Total: 10.683600 ms (FindLiveObjects: 0.541700 ms CreateObjectMapping: 0.183600 ms MarkObjects: 9.646200 ms  DeleteObjects: 0.310500 ms)

========================================================================
Received Import Request.
  path: Assets/Prefabs/ZoomTrigger.prefab
  artifactKey: Guid(fa55c78e3a38aec46a6747444594b95a) Importer(815301076,1909f56bfc062723c751e8b465ee728b)
Start importing Assets/Prefabs/ZoomTrigger.prefab using Guid(fa55c78e3a38aec46a6747444594b95a) Importer(815301076,1909f56bfc062723c751e8b465ee728b)  -> (artifact id: '83497b2d17d91cb073475bb148dab7b0') in 0.117496 seconds 
========================================================================
Received Prepare
Registering precompiled user dll's ...
Registered in 0.008262 seconds.
Begin MonoManager ReloadAssembly
Native extension for WindowsStandalone target not found
Refreshing native plugins compatible for Editor in 3.69 ms, found 0 plugins.
Preloading 0 native plugins for Editor in 0.00 ms.
Mono: successfully reloaded assembly
- Completed reload, in  2.358 seconds
Platform modules already initialized, skipping
Shader 'Nature/Terrain/StylizedTerrain': dependency 'BaseMapShader' shader 'ASESampleShaders/SimpleTerrainBase' not found
Shader 'Nature/Terrain/StylizedTerrain': dependency 'AddPassShader' shader 'ASESampleShaders/Terrain/SimpleTerrainAddPass' not found
Refreshing native plugins compatible for Editor in 1.89 ms, found 0 plugins.
Preloading 0 native plugins for Editor in 0.00 ms.
Unloading 2907 Unused Serialized files (Serialized files now loaded: 0)
System memory in use before: 248.6 MB.
System memory in use after: 248.8 MB.

Unloading 33 unused Assets to reduce memory usage. Loaded Objects now: 3758.
Total: 8.477800 ms (FindLiveObjects: 0.303000 ms CreateObjectMapping: 0.181700 ms MarkObjects: 7.964500 ms  DeleteObjects: 0.026900 ms)

========================================================================
Received Import Request.
  Time since last request: 350.132769 seconds.
  path: Assets/Scenes/Chapter1/Chapter1_3.unity
  artifactKey: Guid(f5a55a05b7b7b5546b5edac3c74b97fa) Importer(815301076,1909f56bfc062723c751e8b465ee728b)
Start importing Assets/Scenes/Chapter1/Chapter1_3.unity using Guid(f5a55a05b7b7b5546b5edac3c74b97fa) Importer(815301076,1909f56bfc062723c751e8b465ee728b)  -> (artifact id: '051fb04322ed362e3dfa90d1beeda2a0') in 0.084635 seconds 
========================================================================
Received Prepare
Registering precompiled user dll's ...
Registered in 0.002560 seconds.
Begin MonoManager ReloadAssembly
Native extension for WindowsStandalone target not found
Refreshing native plugins compatible for Editor in 1.76 ms, found 0 plugins.
Preloading 0 native plugins for Editor in 0.00 ms.
Mono: successfully reloaded assembly
- Completed reload, in  1.085 seconds
Platform modules already initialized, skipping
Shader 'Nature/Terrain/StylizedTerrain': dependency 'BaseMapShader' shader 'ASESampleShaders/SimpleTerrainBase' not found
Shader 'Nature/Terrain/StylizedTerrain': dependency 'AddPassShader' shader 'ASESampleShaders/Terrain/SimpleTerrainAddPass' not found
Refreshing native plugins compatible for Editor in 2.07 ms, found 0 plugins.
Preloading 0 native plugins for Editor in 0.00 ms.
Unloading 2907 Unused Serialized files (Serialized files now loaded: 0)
System memory in use before: 248.6 MB.
System memory in use after: 248.9 MB.

Unloading 33 unused Assets to reduce memory usage. Loaded Objects now: 3761.
Total: 7.685400 ms (FindLiveObjects: 0.290600 ms CreateObjectMapping: 0.183200 ms MarkObjects: 7.185700 ms  DeleteObjects: 0.024900 ms)

========================================================================
Received Prepare
Registering precompiled user dll's ...
Registered in 0.002893 seconds.
Begin MonoManager ReloadAssembly
Native extension for WindowsStandalone target not found
Refreshing native plugins compatible for Editor in 1.91 ms, found 0 plugins.
Preloading 0 native plugins for Editor in 0.00 ms.
Mono: successfully reloaded assembly
- Completed reload, in  1.180 seconds
Platform modules already initialized, skipping
Shader 'Nature/Terrain/StylizedTerrain': dependency 'BaseMapShader' shader 'ASESampleShaders/SimpleTerrainBase' not found
Shader 'Nature/Terrain/StylizedTerrain': dependency 'AddPassShader' shader 'ASESampleShaders/Terrain/SimpleTerrainAddPass' not found
Refreshing native plugins compatible for Editor in 1.77 ms, found 0 plugins.
Preloading 0 native plugins for Editor in 0.00 ms.
Unloading 2907 Unused Serialized files (Serialized files now loaded: 0)
System memory in use before: 248.7 MB.
System memory in use after: 248.9 MB.

Unloading 33 unused Assets to reduce memory usage. Loaded Objects now: 3764.
Total: 7.267600 ms (FindLiveObjects: 0.286800 ms CreateObjectMapping: 0.157600 ms MarkObjects: 6.798500 ms  DeleteObjects: 0.023400 ms)

========================================================================
Received Prepare
Registering precompiled user dll's ...
Registered in 0.003573 seconds.
Begin MonoManager ReloadAssembly
Native extension for WindowsStandalone target not found
Refreshing native plugins compatible for Editor in 1.55 ms, found 0 plugins.
Preloading 0 native plugins for Editor in 0.00 ms.
Mono: successfully reloaded assembly
- Completed reload, in  1.034 seconds
Platform modules already initialized, skipping
Shader 'Nature/Terrain/StylizedTerrain': dependency 'BaseMapShader' shader 'ASESampleShaders/SimpleTerrainBase' not found
Shader 'Nature/Terrain/StylizedTerrain': dependency 'AddPassShader' shader 'ASESampleShaders/Terrain/SimpleTerrainAddPass' not found
Refreshing native plugins compatible for Editor in 2.82 ms, found 0 plugins.
Preloading 0 native plugins for Editor in 0.00 ms.
Unloading 2907 Unused Serialized files (Serialized files now loaded: 0)
System memory in use before: 248.7 MB.
System memory in use after: 248.9 MB.

Unloading 33 unused Assets to reduce memory usage. Loaded Objects now: 3767.
Total: 13.260700 ms (FindLiveObjects: 0.742200 ms CreateObjectMapping: 0.385600 ms MarkObjects: 12.086700 ms  DeleteObjects: 0.043900 ms)

========================================================================
Received Prepare
Registering precompiled user dll's ...
Registered in 0.005786 seconds.
Begin MonoManager ReloadAssembly
Native extension for WindowsStandalone target not found
Refreshing native plugins compatible for Editor in 1.95 ms, found 0 plugins.
Preloading 0 native plugins for Editor in 0.00 ms.
Mono: successfully reloaded assembly
- Completed reload, in  1.768 seconds
Platform modules already initialized, skipping
Shader 'Nature/Terrain/StylizedTerrain': dependency 'BaseMapShader' shader 'ASESampleShaders/SimpleTerrainBase' not found
Shader 'Nature/Terrain/StylizedTerrain': dependency 'AddPassShader' shader 'ASESampleShaders/Terrain/SimpleTerrainAddPass' not found
Refreshing native plugins compatible for Editor in 3.19 ms, found 0 plugins.
Preloading 0 native plugins for Editor in 0.00 ms.
Unloading 2907 Unused Serialized files (Serialized files now loaded: 0)
System memory in use before: 248.7 MB.
System memory in use after: 248.9 MB.

Unloading 33 unused Assets to reduce memory usage. Loaded Objects now: 3770.
Total: 10.343200 ms (FindLiveObjects: 0.423700 ms CreateObjectMapping: 0.226300 ms MarkObjects: 9.656300 ms  DeleteObjects: 0.035600 ms)

========================================================================
Received Prepare
Registering precompiled user dll's ...
Registered in 0.009286 seconds.
Begin MonoManager ReloadAssembly
Native extension for WindowsStandalone target not found
Refreshing native plugins compatible for Editor in 3.49 ms, found 0 plugins.
Preloading 0 native plugins for Editor in 0.00 ms.
Mono: successfully reloaded assembly
- Completed reload, in  2.007 seconds
Platform modules already initialized, skipping
Shader 'Nature/Terrain/StylizedTerrain': dependency 'BaseMapShader' shader 'ASESampleShaders/SimpleTerrainBase' not found
Shader 'Nature/Terrain/StylizedTerrain': dependency 'AddPassShader' shader 'ASESampleShaders/Terrain/SimpleTerrainAddPass' not found
Refreshing native plugins compatible for Editor in 2.01 ms, found 0 plugins.
Preloading 0 native plugins for Editor in 0.00 ms.
Unloading 2907 Unused Serialized files (Serialized files now loaded: 0)
System memory in use before: 248.7 MB.
System memory in use after: 249.0 MB.

Unloading 33 unused Assets to reduce memory usage. Loaded Objects now: 3773.
Total: 9.960500 ms (FindLiveObjects: 0.722100 ms CreateObjectMapping: 0.272100 ms MarkObjects: 8.937400 ms  DeleteObjects: 0.027300 ms)

========================================================================
Received Prepare
Registering precompiled user dll's ...
Registered in 0.003245 seconds.
Begin MonoManager ReloadAssembly
Native extension for WindowsStandalone target not found
Refreshing native plugins compatible for Editor in 2.62 ms, found 0 plugins.
Preloading 0 native plugins for Editor in 0.00 ms.
Mono: successfully reloaded assembly
- Completed reload, in  0.945 seconds
Platform modules already initialized, skipping
Shader 'Nature/Terrain/StylizedTerrain': dependency 'BaseMapShader' shader 'ASESampleShaders/SimpleTerrainBase' not found
Shader 'Nature/Terrain/StylizedTerrain': dependency 'AddPassShader' shader 'ASESampleShaders/Terrain/SimpleTerrainAddPass' not found
Refreshing native plugins compatible for Editor in 1.64 ms, found 0 plugins.
Preloading 0 native plugins for Editor in 0.00 ms.
Unloading 2907 Unused Serialized files (Serialized files now loaded: 0)
System memory in use before: 248.7 MB.
System memory in use after: 249.0 MB.

Unloading 33 unused Assets to reduce memory usage. Loaded Objects now: 3776.
Total: 6.261200 ms (FindLiveObjects: 0.308700 ms CreateObjectMapping: 0.178800 ms MarkObjects: 5.752000 ms  DeleteObjects: 0.020500 ms)

========================================================================
Received Import Request.
  Time since last request: 914.992235 seconds.
  path: Assets/Scripts/Player
  artifactKey: Guid(98a54c76f0e111c4ba346edfd28c7f7e) Importer(815301076,1909f56bfc062723c751e8b465ee728b)
Start importing Assets/Scripts/Player using Guid(98a54c76f0e111c4ba346edfd28c7f7e) Importer(815301076,1909f56bfc062723c751e8b465ee728b)  -> (artifact id: '0bf7549893e7cd8c48715cc67f603806') in 0.101037 seconds 
========================================================================
Received Import Request.
  Time since last request: 64.373571 seconds.
  path: Assets/Scenes/Chapter1/Chapter1_3.unity
  artifactKey: Guid(f5a55a05b7b7b5546b5edac3c74b97fa) Importer(815301076,1909f56bfc062723c751e8b465ee728b)
Start importing Assets/Scenes/Chapter1/Chapter1_3.unity using Guid(f5a55a05b7b7b5546b5edac3c74b97fa) Importer(815301076,1909f56bfc062723c751e8b465ee728b)  -> (artifact id: '97a9a942fbe32e0f19c4f85a8b2a9931') in 0.205881 seconds 
========================================================================
Received Import Request.
  Time since last request: 0.978717 seconds.
  path: Assets/Scenes/Chapter1/Chapter1_Puzzle1.unity
  artifactKey: Guid(2b70a30d3c674d243ad4d6a5ca31f795) Importer(815301076,1909f56bfc062723c751e8b465ee728b)
Start importing Assets/Scenes/Chapter1/Chapter1_Puzzle1.unity using Guid(2b70a30d3c674d243ad4d6a5ca31f795) Importer(815301076,1909f56bfc062723c751e8b465ee728b)  -> (artifact id: 'cd8d76cd276b03e07e171061fd232cc4') in 0.008503 seconds 
========================================================================
Received Import Request.
  Time since last request: 778.614345 seconds.
  path: Assets/Scenes/Prototype/Test.unity
  artifactKey: Guid(8356292e3905abd4db4efd53f13d43de) Importer(815301076,1909f56bfc062723c751e8b465ee728b)
Start importing Assets/Scenes/Prototype/Test.unity using Guid(8356292e3905abd4db4efd53f13d43de) Importer(815301076,1909f56bfc062723c751e8b465ee728b)  -> (artifact id: '508ca821d9b46bcc3bd950f152c4853a') in 0.347572 seconds 
========================================================================
Received Prepare
Registering precompiled user dll's ...
Registered in 0.002653 seconds.
Begin MonoManager ReloadAssembly
Native extension for WindowsStandalone target not found
Refreshing native plugins compatible for Editor in 1.78 ms, found 0 plugins.
Preloading 0 native plugins for Editor in 0.00 ms.
Mono: successfully reloaded assembly
- Completed reload, in  0.978 seconds
Platform modules already initialized, skipping
Shader 'Nature/Terrain/StylizedTerrain': dependency 'BaseMapShader' shader 'ASESampleShaders/SimpleTerrainBase' not found
Shader 'Nature/Terrain/StylizedTerrain': dependency 'AddPassShader' shader 'ASESampleShaders/Terrain/SimpleTerrainAddPass' not found
Refreshing native plugins compatible for Editor in 1.62 ms, found 0 plugins.
Preloading 0 native plugins for Editor in 0.00 ms.
Unloading 2907 Unused Serialized files (Serialized files now loaded: 0)
System memory in use before: 248.7 MB.
System memory in use after: 248.9 MB.

Unloading 33 unused Assets to reduce memory usage. Loaded Objects now: 3779.
Total: 6.403300 ms (FindLiveObjects: 0.241600 ms CreateObjectMapping: 0.136800 ms MarkObjects: 5.942200 ms  DeleteObjects: 0.080700 ms)

========================================================================
Received Prepare
Registering precompiled user dll's ...
Registered in 0.004928 seconds.
Begin MonoManager ReloadAssembly
Native extension for WindowsStandalone target not found
Refreshing native plugins compatible for Editor in 3.82 ms, found 0 plugins.
Preloading 0 native plugins for Editor in 0.00 ms.
Mono: successfully reloaded assembly
- Completed reload, in  2.981 seconds
Platform modules already initialized, skipping
Shader 'Nature/Terrain/StylizedTerrain': dependency 'BaseMapShader' shader 'ASESampleShaders/SimpleTerrainBase' not found
Shader 'Nature/Terrain/StylizedTerrain': dependency 'AddPassShader' shader 'ASESampleShaders/Terrain/SimpleTerrainAddPass' not found
Refreshing native plugins compatible for Editor in 4.39 ms, found 0 plugins.
Preloading 0 native plugins for Editor in 0.00 ms.
Unloading 2907 Unused Serialized files (Serialized files now loaded: 0)
System memory in use before: 248.7 MB.
System memory in use after: 248.9 MB.

Unloading 33 unused Assets to reduce memory usage. Loaded Objects now: 3782.
Total: 16.555000 ms (FindLiveObjects: 0.641500 ms CreateObjectMapping: 0.379800 ms MarkObjects: 15.473100 ms  DeleteObjects: 0.058700 ms)

========================================================================
Received Prepare
Registering precompiled user dll's ...
Registered in 0.004124 seconds.
Begin MonoManager ReloadAssembly
Native extension for WindowsStandalone target not found
Refreshing native plugins compatible for Editor in 2.72 ms, found 0 plugins.
Preloading 0 native plugins for Editor in 0.00 ms.
Mono: successfully reloaded assembly
- Completed reload, in  1.562 seconds
Platform modules already initialized, skipping
Shader 'Nature/Terrain/StylizedTerrain': dependency 'BaseMapShader' shader 'ASESampleShaders/SimpleTerrainBase' not found
Shader 'Nature/Terrain/StylizedTerrain': dependency 'AddPassShader' shader 'ASESampleShaders/Terrain/SimpleTerrainAddPass' not found
Refreshing native plugins compatible for Editor in 2.02 ms, found 0 plugins.
Preloading 0 native plugins for Editor in 0.00 ms.
Unloading 2907 Unused Serialized files (Serialized files now loaded: 0)
System memory in use before: 248.7 MB.
System memory in use after: 249.0 MB.

Unloading 33 unused Assets to reduce memory usage. Loaded Objects now: 3785.
Total: 9.647400 ms (FindLiveObjects: 0.468800 ms CreateObjectMapping: 0.290000 ms MarkObjects: 8.860200 ms  DeleteObjects: 0.026800 ms)

========================================================================
Received Prepare
Registering precompiled user dll's ...
Registered in 0.002914 seconds.
Begin MonoManager ReloadAssembly
Native extension for WindowsStandalone target not found
Refreshing native plugins compatible for Editor in 2.11 ms, found 0 plugins.
Preloading 0 native plugins for Editor in 0.00 ms.
Mono: successfully reloaded assembly
- Completed reload, in  3.704 seconds
Platform modules already initialized, skipping
Shader 'Nature/Terrain/StylizedTerrain': dependency 'BaseMapShader' shader 'ASESampleShaders/SimpleTerrainBase' not found
Shader 'Nature/Terrain/StylizedTerrain': dependency 'AddPassShader' shader 'ASESampleShaders/Terrain/SimpleTerrainAddPass' not found
Refreshing native plugins compatible for Editor in 3.01 ms, found 0 plugins.
Preloading 0 native plugins for Editor in 0.00 ms.
Unloading 2907 Unused Serialized files (Serialized files now loaded: 0)
System memory in use before: 248.7 MB.
System memory in use after: 249.0 MB.

Unloading 33 unused Assets to reduce memory usage. Loaded Objects now: 3788.
Total: 12.450800 ms (FindLiveObjects: 0.444100 ms CreateObjectMapping: 0.230000 ms MarkObjects: 11.733500 ms  DeleteObjects: 0.041800 ms)

========================================================================
Received Prepare
Registering precompiled user dll's ...
Registered in 0.004378 seconds.
Begin MonoManager ReloadAssembly
Native extension for WindowsStandalone target not found
Refreshing native plugins compatible for Editor in 1.88 ms, found 0 plugins.
Preloading 0 native plugins for Editor in 0.00 ms.
Mono: successfully reloaded assembly
- Completed reload, in  1.198 seconds
Platform modules already initialized, skipping
Shader 'Nature/Terrain/StylizedTerrain': dependency 'BaseMapShader' shader 'ASESampleShaders/SimpleTerrainBase' not found
Shader 'Nature/Terrain/StylizedTerrain': dependency 'AddPassShader' shader 'ASESampleShaders/Terrain/SimpleTerrainAddPass' not found
Refreshing native plugins compatible for Editor in 2.95 ms, found 0 plugins.
Preloading 0 native plugins for Editor in 0.00 ms.
Unloading 2907 Unused Serialized files (Serialized files now loaded: 0)
System memory in use before: 248.7 MB.
System memory in use after: 249.0 MB.

Unloading 33 unused Assets to reduce memory usage. Loaded Objects now: 3791.
Total: 10.095700 ms (FindLiveObjects: 0.404000 ms CreateObjectMapping: 0.209800 ms MarkObjects: 9.450200 ms  DeleteObjects: 0.030500 ms)

========================================================================
Received Import Request.
  Time since last request: 818.078296 seconds.
  path: Assets/Scenes/Prototype/Test.unity
  artifactKey: Guid(8356292e3905abd4db4efd53f13d43de) Importer(815301076,1909f56bfc062723c751e8b465ee728b)
Start importing Assets/Scenes/Prototype/Test.unity using Guid(8356292e3905abd4db4efd53f13d43de) Importer(815301076,1909f56bfc062723c751e8b465ee728b)  -> (artifact id: '660eac2151a6bb6b13f4b090b98727f7') in 0.080905 seconds 
========================================================================
Received Import Request.
  Time since last request: 534.760934 seconds.
  path: Assets/Prefabs/Mechanisms/Antimatter Force Field.prefab
  artifactKey: Guid(c4bfb902b53cade42a63f359881c2ae6) Importer(815301076,1909f56bfc062723c751e8b465ee728b)
Start importing Assets/Prefabs/Mechanisms/Antimatter Force Field.prefab using Guid(c4bfb902b53cade42a63f359881c2ae6) Importer(815301076,1909f56bfc062723c751e8b465ee728b)  -> (artifact id: 'a2ab97d6bb17c205fa2c06dff9d66c38') in 0.078876 seconds 
========================================================================
Received Import Request.
  Time since last request: 4.250847 seconds.
  path: Assets/Prefabs/Mechanisms/Portal 1.prefab
  artifactKey: Guid(ce87daae0b78f7e479237b104f201501) Importer(815301076,1909f56bfc062723c751e8b465ee728b)
Start importing Assets/Prefabs/Mechanisms/Portal 1.prefab using Guid(ce87daae0b78f7e479237b104f201501) Importer(815301076,1909f56bfc062723c751e8b465ee728b)  -> (artifact id: 'ad7ee861236554305a31a0955ce0f631') in 0.576480 seconds 
========================================================================
Received Import Request.
  Time since last request: 14.659836 seconds.
  path: Assets/Prefabs/Mechanisms/Portal.prefab
  artifactKey: Guid(933397dfb90a4bb449083db6a4325661) Importer(815301076,1909f56bfc062723c751e8b465ee728b)
Start importing Assets/Prefabs/Mechanisms/Portal.prefab using Guid(933397dfb90a4bb449083db6a4325661) Importer(815301076,1909f56bfc062723c751e8b465ee728b)  -> (artifact id: 'b6209aaf6d33dfccdfae501a7f039a9e') in 0.036219 seconds 
========================================================================
Received Import Request.
  Time since last request: 18.831165 seconds.
  path: Assets/Scenes/Chapter1/Test Area.prefab
  artifactKey: Guid(100af673f3acebf47b312378789e97a0) Importer(815301076,1909f56bfc062723c751e8b465ee728b)
Start importing Assets/Scenes/Chapter1/Test Area.prefab using Guid(100af673f3acebf47b312378789e97a0) Importer(815301076,1909f56bfc062723c751e8b465ee728b)  -> (artifact id: '1db3bc926833c6f63f19ce81fcb793df') in 0.487615 seconds 
========================================================================
Received Prepare
Registering precompiled user dll's ...
Registered in 0.003739 seconds.
Begin MonoManager ReloadAssembly
Native extension for WindowsStandalone target not found
Refreshing native plugins compatible for Editor in 1.64 ms, found 0 plugins.
Preloading 0 native plugins for Editor in 0.00 ms.
Mono: successfully reloaded assembly
- Completed reload, in  1.121 seconds
Platform modules already initialized, skipping
Shader 'Nature/Terrain/StylizedTerrain': dependency 'BaseMapShader' shader 'ASESampleShaders/SimpleTerrainBase' not found
Shader 'Nature/Terrain/StylizedTerrain': dependency 'AddPassShader' shader 'ASESampleShaders/Terrain/SimpleTerrainAddPass' not found
Refreshing native plugins compatible for Editor in 2.84 ms, found 0 plugins.
Preloading 0 native plugins for Editor in 0.00 ms.
Unloading 2907 Unused Serialized files (Serialized files now loaded: 0)
System memory in use before: 260.7 MB.
System memory in use after: 260.9 MB.

Unloading 33 unused Assets to reduce memory usage. Loaded Objects now: 3802.
Total: 9.140700 ms (FindLiveObjects: 0.376600 ms CreateObjectMapping: 0.214400 ms MarkObjects: 8.518400 ms  DeleteObjects: 0.030200 ms)

========================================================================
Received Import Request.
  Time since last request: 103.701742 seconds.
  path: Assets/Scenes/Chapter1/Test Area.prefab
  artifactKey: Guid(100af673f3acebf47b312378789e97a0) Importer(815301076,1909f56bfc062723c751e8b465ee728b)
Start importing Assets/Scenes/Chapter1/Test Area.prefab using Guid(100af673f3acebf47b312378789e97a0) Importer(815301076,1909f56bfc062723c751e8b465ee728b)  -> (artifact id: '10c8baffb79810a271d2fffc971c6ced') in 0.796626 seconds 
========================================================================
Received Prepare
Registering precompiled user dll's ...
Registered in 0.004947 seconds.
Begin MonoManager ReloadAssembly
Native extension for WindowsStandalone target not found
Refreshing native plugins compatible for Editor in 2.70 ms, found 0 plugins.
Preloading 0 native plugins for Editor in 0.00 ms.
Mono: successfully reloaded assembly
- Completed reload, in  1.204 seconds
Platform modules already initialized, skipping
Shader 'Nature/Terrain/StylizedTerrain': dependency 'BaseMapShader' shader 'ASESampleShaders/SimpleTerrainBase' not found
Shader 'Nature/Terrain/StylizedTerrain': dependency 'AddPassShader' shader 'ASESampleShaders/Terrain/SimpleTerrainAddPass' not found
Refreshing native plugins compatible for Editor in 2.31 ms, found 0 plugins.
Preloading 0 native plugins for Editor in 0.00 ms.
Unloading 2907 Unused Serialized files (Serialized files now loaded: 0)
System memory in use before: 261.6 MB.
System memory in use after: 261.9 MB.

Unloading 33 unused Assets to reduce memory usage. Loaded Objects now: 3806.
Total: 7.200500 ms (FindLiveObjects: 0.272900 ms CreateObjectMapping: 0.148300 ms MarkObjects: 6.754900 ms  DeleteObjects: 0.023100 ms)

========================================================================
Received Prepare
Registering precompiled user dll's ...
Registered in 0.002941 seconds.
Begin MonoManager ReloadAssembly
Native extension for WindowsStandalone target not found
Refreshing native plugins compatible for Editor in 2.40 ms, found 0 plugins.
Preloading 0 native plugins for Editor in 0.00 ms.
Mono: successfully reloaded assembly
- Completed reload, in  1.480 seconds
Platform modules already initialized, skipping
Shader 'Nature/Terrain/StylizedTerrain': dependency 'BaseMapShader' shader 'ASESampleShaders/SimpleTerrainBase' not found
Shader 'Nature/Terrain/StylizedTerrain': dependency 'AddPassShader' shader 'ASESampleShaders/Terrain/SimpleTerrainAddPass' not found
Refreshing native plugins compatible for Editor in 2.12 ms, found 0 plugins.
Preloading 0 native plugins for Editor in 0.00 ms.
Unloading 2907 Unused Serialized files (Serialized files now loaded: 0)
System memory in use before: 261.7 MB.
System memory in use after: 261.9 MB.

Unloading 33 unused Assets to reduce memory usage. Loaded Objects now: 3809.
Total: 8.411500 ms (FindLiveObjects: 0.323500 ms CreateObjectMapping: 0.167600 ms MarkObjects: 7.891700 ms  DeleteObjects: 0.027300 ms)

========================================================================
Received Import Request.
  Time since last request: 1084.555927 seconds.
  path: Assets/Scenes/Chapter1/Chapter1_Puzzle1
  artifactKey: Guid(314b627b2f202fd44b4d031ffd6ec4f5) Importer(815301076,1909f56bfc062723c751e8b465ee728b)
Start importing Assets/Scenes/Chapter1/Chapter1_Puzzle1 using Guid(314b627b2f202fd44b4d031ffd6ec4f5) Importer(815301076,1909f56bfc062723c751e8b465ee728b)  -> (artifact id: '7cc8da440dda903ed92b1a126c2ca60e') in 0.018042 seconds 
========================================================================
Received Prepare
Registering precompiled user dll's ...
Registered in 0.003002 seconds.
Begin MonoManager ReloadAssembly
Native extension for WindowsStandalone target not found
Refreshing native plugins compatible for Editor in 1.56 ms, found 0 plugins.
Preloading 0 native plugins for Editor in 0.00 ms.
Mono: successfully reloaded assembly
- Completed reload, in  1.154 seconds
Platform modules already initialized, skipping
Shader 'Nature/Terrain/StylizedTerrain': dependency 'BaseMapShader' shader 'ASESampleShaders/SimpleTerrainBase' not found
Shader 'Nature/Terrain/StylizedTerrain': dependency 'AddPassShader' shader 'ASESampleShaders/Terrain/SimpleTerrainAddPass' not found
Refreshing native plugins compatible for Editor in 2.64 ms, found 0 plugins.
Preloading 0 native plugins for Editor in 0.00 ms.
Unloading 2907 Unused Serialized files (Serialized files now loaded: 0)
System memory in use before: 261.7 MB.
System memory in use after: 262.0 MB.

Unloading 33 unused Assets to reduce memory usage. Loaded Objects now: 3812.
Total: 8.665600 ms (FindLiveObjects: 0.318800 ms CreateObjectMapping: 0.217300 ms MarkObjects: 8.091200 ms  DeleteObjects: 0.036400 ms)

========================================================================
Received Prepare
Registering precompiled user dll's ...
Registered in 0.003483 seconds.
Begin MonoManager ReloadAssembly
Native extension for WindowsStandalone target not found
Refreshing native plugins compatible for Editor in 1.69 ms, found 0 plugins.
Preloading 0 native plugins for Editor in 0.00 ms.
Mono: successfully reloaded assembly
- Completed reload, in  1.131 seconds
Platform modules already initialized, skipping
Shader 'Nature/Terrain/StylizedTerrain': dependency 'BaseMapShader' shader 'ASESampleShaders/SimpleTerrainBase' not found
Shader 'Nature/Terrain/StylizedTerrain': dependency 'AddPassShader' shader 'ASESampleShaders/Terrain/SimpleTerrainAddPass' not found
Refreshing native plugins compatible for Editor in 3.87 ms, found 0 plugins.
Preloading 0 native plugins for Editor in 0.00 ms.
Unloading 2907 Unused Serialized files (Serialized files now loaded: 0)
System memory in use before: 261.8 MB.
System memory in use after: 262.0 MB.

Unloading 33 unused Assets to reduce memory usage. Loaded Objects now: 3815.
Total: 11.026700 ms (FindLiveObjects: 0.802000 ms CreateObjectMapping: 0.508500 ms MarkObjects: 9.674200 ms  DeleteObjects: 0.039700 ms)

========================================================================
Received Prepare
Registering precompiled user dll's ...
Registered in 0.004350 seconds.
Begin MonoManager ReloadAssembly
Native extension for WindowsStandalone target not found
Refreshing native plugins compatible for Editor in 1.64 ms, found 0 plugins.
Preloading 0 native plugins for Editor in 0.00 ms.
Mono: successfully reloaded assembly
- Completed reload, in  1.280 seconds
Platform modules already initialized, skipping
Shader 'Nature/Terrain/StylizedTerrain': dependency 'BaseMapShader' shader 'ASESampleShaders/SimpleTerrainBase' not found
Shader 'Nature/Terrain/StylizedTerrain': dependency 'AddPassShader' shader 'ASESampleShaders/Terrain/SimpleTerrainAddPass' not found
Refreshing native plugins compatible for Editor in 2.44 ms, found 0 plugins.
Preloading 0 native plugins for Editor in 0.00 ms.
Unloading 2907 Unused Serialized files (Serialized files now loaded: 0)
System memory in use before: 261.8 MB.
System memory in use after: 262.0 MB.

Unloading 33 unused Assets to reduce memory usage. Loaded Objects now: 3818.
Total: 8.307800 ms (FindLiveObjects: 0.314700 ms CreateObjectMapping: 0.200500 ms MarkObjects: 7.759200 ms  DeleteObjects: 0.032100 ms)

========================================================================
Received Import Request.
  Time since last request: 664.256637 seconds.
  path: Assets/Prefabs/Player.prefab
  artifactKey: Guid(c6c487745307bc7479a500de21476d55) Importer(815301076,1909f56bfc062723c751e8b465ee728b)
Start importing Assets/Prefabs/Player.prefab using Guid(c6c487745307bc7479a500de21476d55) Importer(815301076,1909f56bfc062723c751e8b465ee728b)  -> (artifact id: '7d0532647253c239509b5ee19fa46935') in 0.656917 seconds 
========================================================================
Received Prepare
Registering precompiled user dll's ...
Registered in 0.002621 seconds.
Begin MonoManager ReloadAssembly
Native extension for WindowsStandalone target not found
Refreshing native plugins compatible for Editor in 1.58 ms, found 0 plugins.
Preloading 0 native plugins for Editor in 0.00 ms.
Mono: successfully reloaded assembly
- Completed reload, in  1.023 seconds
Platform modules already initialized, skipping
Shader 'Nature/Terrain/StylizedTerrain': dependency 'BaseMapShader' shader 'ASESampleShaders/SimpleTerrainBase' not found
Shader 'Nature/Terrain/StylizedTerrain': dependency 'AddPassShader' shader 'ASESampleShaders/Terrain/SimpleTerrainAddPass' not found
Refreshing native plugins compatible for Editor in 1.64 ms, found 0 plugins.
Preloading 0 native plugins for Editor in 0.00 ms.
Unloading 2907 Unused Serialized files (Serialized files now loaded: 0)
System memory in use before: 261.9 MB.
System memory in use after: 262.1 MB.

Unloading 34 unused Assets to reduce memory usage. Loaded Objects now: 3823.
Total: 6.703100 ms (FindLiveObjects: 0.276100 ms CreateObjectMapping: 0.161100 ms MarkObjects: 6.185900 ms  DeleteObjects: 0.079200 ms)

========================================================================
Received Prepare
Registering precompiled user dll's ...
Registered in 0.003020 seconds.
Begin MonoManager ReloadAssembly
Native extension for WindowsStandalone target not found
Refreshing native plugins compatible for Editor in 3.72 ms, found 0 plugins.
Preloading 0 native plugins for Editor in 0.00 ms.
Mono: successfully reloaded assembly
- Completed reload, in  1.618 seconds
Platform modules already initialized, skipping
Shader 'Nature/Terrain/StylizedTerrain': dependency 'BaseMapShader' shader 'ASESampleShaders/SimpleTerrainBase' not found
Shader 'Nature/Terrain/StylizedTerrain': dependency 'AddPassShader' shader 'ASESampleShaders/Terrain/SimpleTerrainAddPass' not found
Refreshing native plugins compatible for Editor in 1.94 ms, found 0 plugins.
Preloading 0 native plugins for Editor in 0.00 ms.
Unloading 2907 Unused Serialized files (Serialized files now loaded: 0)
System memory in use before: 261.9 MB.
System memory in use after: 262.1 MB.

Unloading 33 unused Assets to reduce memory usage. Loaded Objects now: 3826.
Total: 11.393900 ms (FindLiveObjects: 0.363100 ms CreateObjectMapping: 0.222100 ms MarkObjects: 10.774800 ms  DeleteObjects: 0.031900 ms)

========================================================================
Received Prepare
Registering precompiled user dll's ...
Registered in 0.002963 seconds.
Begin MonoManager ReloadAssembly
Native extension for WindowsStandalone target not found
Refreshing native plugins compatible for Editor in 2.43 ms, found 0 plugins.
Preloading 0 native plugins for Editor in 0.00 ms.
Mono: successfully reloaded assembly
- Completed reload, in  1.389 seconds
Platform modules already initialized, skipping
Shader 'Nature/Terrain/StylizedTerrain': dependency 'BaseMapShader' shader 'ASESampleShaders/SimpleTerrainBase' not found
Shader 'Nature/Terrain/StylizedTerrain': dependency 'AddPassShader' shader 'ASESampleShaders/Terrain/SimpleTerrainAddPass' not found
Refreshing native plugins compatible for Editor in 4.12 ms, found 0 plugins.
Preloading 0 native plugins for Editor in 0.00 ms.
Unloading 2907 Unused Serialized files (Serialized files now loaded: 0)
System memory in use before: 261.9 MB.
System memory in use after: 262.1 MB.

Unloading 33 unused Assets to reduce memory usage. Loaded Objects now: 3829.
Total: 11.218800 ms (FindLiveObjects: 0.794800 ms CreateObjectMapping: 0.313900 ms MarkObjects: 10.003200 ms  DeleteObjects: 0.103000 ms)

========================================================================
Received Prepare
Registering precompiled user dll's ...
Registered in 0.002888 seconds.
Begin MonoManager ReloadAssembly
Native extension for WindowsStandalone target not found
Refreshing native plugins compatible for Editor in 1.61 ms, found 0 plugins.
Preloading 0 native plugins for Editor in 0.00 ms.
Mono: successfully reloaded assembly
- Completed reload, in  1.151 seconds
Platform modules already initialized, skipping
Shader 'Nature/Terrain/StylizedTerrain': dependency 'BaseMapShader' shader 'ASESampleShaders/SimpleTerrainBase' not found
Shader 'Nature/Terrain/StylizedTerrain': dependency 'AddPassShader' shader 'ASESampleShaders/Terrain/SimpleTerrainAddPass' not found
Refreshing native plugins compatible for Editor in 2.15 ms, found 0 plugins.
Preloading 0 native plugins for Editor in 0.00 ms.
Unloading 2907 Unused Serialized files (Serialized files now loaded: 0)
System memory in use before: 261.9 MB.
System memory in use after: 262.1 MB.

Unloading 33 unused Assets to reduce memory usage. Loaded Objects now: 3832.
Total: 8.870000 ms (FindLiveObjects: 0.724700 ms CreateObjectMapping: 0.504200 ms MarkObjects: 7.615900 ms  DeleteObjects: 0.023500 ms)

========================================================================
Received Import Request.
  Time since last request: 840.051634 seconds.
  path: Assets/Scenes/Chapter1/Chapter1_Puzzle1.unity
  artifactKey: Guid(2b70a30d3c674d243ad4d6a5ca31f795) Importer(815301076,1909f56bfc062723c751e8b465ee728b)
Start importing Assets/Scenes/Chapter1/Chapter1_Puzzle1.unity using Guid(2b70a30d3c674d243ad4d6a5ca31f795) Importer(815301076,1909f56bfc062723c751e8b465ee728b)  -> (artifact id: 'b05e78049167fc5640e6fb4ccef356c8') in 0.348635 seconds 
========================================================================
Received Prepare
Registering precompiled user dll's ...
Registered in 0.003314 seconds.
Begin MonoManager ReloadAssembly
Native extension for WindowsStandalone target not found
Refreshing native plugins compatible for Editor in 2.25 ms, found 0 plugins.
Preloading 0 native plugins for Editor in 0.00 ms.
Mono: successfully reloaded assembly
- Completed reload, in  1.067 seconds
Platform modules already initialized, skipping
Shader 'Nature/Terrain/StylizedTerrain': dependency 'BaseMapShader' shader 'ASESampleShaders/SimpleTerrainBase' not found
Shader 'Nature/Terrain/StylizedTerrain': dependency 'AddPassShader' shader 'ASESampleShaders/Terrain/SimpleTerrainAddPass' not found
Refreshing native plugins compatible for Editor in 1.65 ms, found 0 plugins.
Preloading 0 native plugins for Editor in 0.00 ms.
Unloading 2907 Unused Serialized files (Serialized files now loaded: 0)
System memory in use before: 261.9 MB.
System memory in use after: 262.2 MB.

Unloading 33 unused Assets to reduce memory usage. Loaded Objects now: 3835.
Total: 7.446400 ms (FindLiveObjects: 0.313700 ms CreateObjectMapping: 0.202400 ms MarkObjects: 6.869600 ms  DeleteObjects: 0.054000 ms)

========================================================================
Received Import Request.
  Time since last request: 96.905837 seconds.
  path: Assets/Scenes/Chapter1/Chapter1_Puzzle2.unity
  artifactKey: Guid(42e1e4d6110b1a14e8e1b27a6b072552) Importer(815301076,1909f56bfc062723c751e8b465ee728b)
Start importing Assets/Scenes/Chapter1/Chapter1_Puzzle2.unity using Guid(42e1e4d6110b1a14e8e1b27a6b072552) Importer(815301076,1909f56bfc062723c751e8b465ee728b)  -> (artifact id: 'd0d66b3848c8610bdf085967e7c8a00c') in 0.073949 seconds 
========================================================================
Received Import Request.
  Time since last request: 8.812506 seconds.
  path: Assets/Scenes/Chapter1/Chapter1_Puzzle3.unity
  artifactKey: Guid(42e1e4d6110b1a14e8e1b27a6b072552) Importer(815301076,1909f56bfc062723c751e8b465ee728b)
Start importing Assets/Scenes/Chapter1/Chapter1_Puzzle3.unity using Guid(42e1e4d6110b1a14e8e1b27a6b072552) Importer(815301076,1909f56bfc062723c751e8b465ee728b)  -> (artifact id: 'bc6e5f5a2fceda0e601d50cf23db40c4') in 0.007901 seconds 
========================================================================
Received Prepare
Registering precompiled user dll's ...
Registered in 0.005465 seconds.
Begin MonoManager ReloadAssembly
Native extension for WindowsStandalone target not found
Refreshing native plugins compatible for Editor in 4.78 ms, found 0 plugins.
Preloading 0 native plugins for Editor in 0.00 ms.
Mono: successfully reloaded assembly
- Completed reload, in  1.934 seconds
Platform modules already initialized, skipping
Shader 'Nature/Terrain/StylizedTerrain': dependency 'BaseMapShader' shader 'ASESampleShaders/SimpleTerrainBase' not found
Shader 'Nature/Terrain/StylizedTerrain': dependency 'AddPassShader' shader 'ASESampleShaders/Terrain/SimpleTerrainAddPass' not found
Refreshing native plugins compatible for Editor in 2.27 ms, found 0 plugins.
Preloading 0 native plugins for Editor in 0.00 ms.
Unloading 2907 Unused Serialized files (Serialized files now loaded: 0)
System memory in use before: 261.9 MB.
System memory in use after: 262.2 MB.

Unloading 33 unused Assets to reduce memory usage. Loaded Objects now: 3838.
Total: 9.201400 ms (FindLiveObjects: 0.477500 ms CreateObjectMapping: 0.306200 ms MarkObjects: 8.367900 ms  DeleteObjects: 0.048100 ms)

