Using pre-set license
Built from '2021.1/release' branch; Version is '2021.1.4f1 (4cd64a618c1b) revision 5035594'; Using compiler version '192528614'; Build Type 'Release'
OS: 'Windows 10 Home Single Language; OS build 19044.1526; Version 2009; 64bit' Language: 'es' Physical Memory: 16310 MB
BatchMode: 1, IsHumanControllingUs: 0, StartBugReporterOnCrash: 0, Is64bit: 1, IsPro: 0

 COMMAND LINE ARGUMENTS:
C:\Program Files\Unity\Hub\Editor\2021.1.4f1\Editor\Unity.exe
-adb2
-batchMode
-noUpm
-name
AssetImportWorker0
-projectPath
C:/Users/Roger/Documents/GitHub/Proyecto3Prototype2
-logFile
Logs/AssetImportWorker0.log
-srvPort
<<<<<<< HEAD
1080
Successfully changed project path to: C:/Users/Roger/Documents/GitHub/Proyecto3Prototype2
C:/Users/Roger/Documents/GitHub/Proyecto3Prototype2
Using Asset Import Pipeline V2.
Refreshing native plugins compatible for Editor in 136.56 ms, found 0 plugins.
=======
61497
Successfully changed project path to: D:/Proyecto3Prototype2
D:/Proyecto3Prototype2
Using Asset Import Pipeline V2.
Refreshing native plugins compatible for Editor in 123.16 ms, found 0 plugins.
>>>>>>> LevelDesign
Preloading 0 native plugins for Editor in 0.00 ms.
Initialize engine version: 2021.1.4f1 (4cd64a618c1b)
[Subsystems] Discovering subsystems at path C:/Program Files/Unity/Hub/Editor/2021.1.4f1/Editor/Data/Resources/UnitySubsystems
[Subsystems] Discovering subsystems at path C:/Users/Roger/Documents/GitHub/Proyecto3Prototype2/Assets
GfxDevice: creating device client; threaded=0; jobified=0
Direct3D:
    Version:  Direct3D 11.0 [level 11.1]
    Renderer: AMD Radeon RX 5700 (ID=0x731f)
    Vendor:   ATI
    VRAM:     8151 MB
    Driver:   30.0.13023.4001
Shader 'Nature/Terrain/StylizedTerrain': dependency 'BaseMapShader' shader 'ASESampleShaders/SimpleTerrainBase' not found
Shader 'Nature/Terrain/StylizedTerrain': dependency 'AddPassShader' shader 'ASESampleShaders/Terrain/SimpleTerrainAddPass' not found
Initialize mono
<<<<<<< HEAD
Mono path[0] = 'C:/Program Files/Unity/Hub/Editor/2021.1.4f1/Editor/Data/Managed'
Mono path[1] = 'C:/Program Files/Unity/Hub/Editor/2021.1.4f1/Editor/Data/MonoBleedingEdge/lib/mono/unityjit'
Mono config path = 'C:/Program Files/Unity/Hub/Editor/2021.1.4f1/Editor/Data/MonoBleedingEdge/etc'
Using monoOptions --debugger-agent=transport=dt_socket,embedding=1,server=y,suspend=n,address=127.0.0.1:56020
Begin MonoManager ReloadAssembly
Registering precompiled unity dll's ...
Register platform support module: C:/Program Files/Unity/Hub/Editor/2021.1.4f1/Editor/Data/PlaybackEngines/WindowsStandaloneSupport/UnityEditor.WindowsStandalone.Extensions.dll
Registered in 0.001600 seconds.
Native extension for WindowsStandalone target not found
Refreshing native plugins compatible for Editor in 140.81 ms, found 0 plugins.
Preloading 0 native plugins for Editor in 0.00 ms.
Mono: successfully reloaded assembly
- Completed reload, in  1.052 seconds
Platform modules already initialized, skipping
Registering precompiled user dll's ...
Registered in 0.002841 seconds.
Begin MonoManager ReloadAssembly
Native extension for WindowsStandalone target not found
Refreshing native plugins compatible for Editor in 139.68 ms, found 0 plugins.
Preloading 0 native plugins for Editor in 0.00 ms.
Mono: successfully reloaded assembly
- Completed reload, in  0.976 seconds
=======
Mono path[0] = 'C:/Program Files/Unity 2021.1.4f1/Editor/Data/Managed'
Mono path[1] = 'C:/Program Files/Unity 2021.1.4f1/Editor/Data/MonoBleedingEdge/lib/mono/unityjit'
Mono config path = 'C:/Program Files/Unity 2021.1.4f1/Editor/Data/MonoBleedingEdge/etc'
Using monoOptions --debugger-agent=transport=dt_socket,embedding=1,server=y,suspend=n,address=127.0.0.1:56348
Begin MonoManager ReloadAssembly
Registering precompiled unity dll's ...
Register platform support module: C:/Program Files/Unity 2021.1.4f1/Editor/Data/PlaybackEngines/WindowsStandaloneSupport/UnityEditor.WindowsStandalone.Extensions.dll
Registered in 0.001967 seconds.
Native extension for WindowsStandalone target not found
Refreshing native plugins compatible for Editor in 163.53 ms, found 0 plugins.
Preloading 0 native plugins for Editor in 0.00 ms.
Mono: successfully reloaded assembly
- Completed reload, in  1.087 seconds
Platform modules already initialized, skipping
Registering precompiled user dll's ...
Registered in 0.004265 seconds.
Begin MonoManager ReloadAssembly
Native extension for WindowsStandalone target not found
Refreshing native plugins compatible for Editor in 159.73 ms, found 0 plugins.
Preloading 0 native plugins for Editor in 0.00 ms.
Mono: successfully reloaded assembly
- Completed reload, in  1.139 seconds
>>>>>>> LevelDesign
Platform modules already initialized, skipping
========================================================================
Worker process is ready to serve import requests
Shader 'Nature/Terrain/StylizedTerrain': dependency 'BaseMapShader' shader 'ASESampleShaders/SimpleTerrainBase' not found
Shader 'Nature/Terrain/StylizedTerrain': dependency 'AddPassShader' shader 'ASESampleShaders/Terrain/SimpleTerrainAddPass' not found
<<<<<<< HEAD
Launched and connected shader compiler UnityShaderCompiler.exe after 0.03 seconds
Refreshing native plugins compatible for Editor in 1.92 ms, found 0 plugins.
=======
Launched and connected shader compiler UnityShaderCompiler.exe after 0.04 seconds
Refreshing native plugins compatible for Editor in 2.57 ms, found 0 plugins.
>>>>>>> LevelDesign
Preloading 0 native plugins for Editor in 0.00 ms.
Unloading 3285 Unused Serialized files (Serialized files now loaded: 0)
System memory in use before: 272.3 MB.
System memory in use after: 272.5 MB.

<<<<<<< HEAD
Unloading 42 unused Assets to reduce memory usage. Loaded Objects now: 3746.
Total: 5.258500 ms (FindLiveObjects: 0.270400 ms CreateObjectMapping: 0.089800 ms MarkObjects: 4.773400 ms  DeleteObjects: 0.123800 ms)

========================================================================
Received Import Request.
  path: Assets/Resources
  artifactKey: Guid(9266cd9df69335a40b53387c5ff6cc62) Importer(815301076,1909f56bfc062723c751e8b465ee728b)
Start importing Assets/Resources using Guid(9266cd9df69335a40b53387c5ff6cc62) Importer(815301076,1909f56bfc062723c751e8b465ee728b)  -> (artifact id: '288837eff140f1fd3c95ae0ec39e2422') in 0.008450 seconds 
========================================================================
Received Import Request.
  Time since last request: 0.000190 seconds.
  path: Assets/Prefabs/Player.prefab
  artifactKey: Guid(c6c487745307bc7479a500de21476d55) Importer(815301076,1909f56bfc062723c751e8b465ee728b)
Start importing Assets/Prefabs/Player.prefab using Guid(c6c487745307bc7479a500de21476d55) Importer(815301076,1909f56bfc062723c751e8b465ee728b)  -> (artifact id: '83ae55d8ea8b45d050c9a09b33f1ba4f') in 0.246248 seconds 
========================================================================
Received Import Request.
  Time since last request: 226.697097 seconds.
  path: Assets/Scenes/Chapter1/full level.unity
  artifactKey: Guid(2cea707a695d5634e9b2b84611f420d8) Importer(815301076,1909f56bfc062723c751e8b465ee728b)
Start importing Assets/Scenes/Chapter1/full level.unity using Guid(2cea707a695d5634e9b2b84611f420d8) Importer(815301076,1909f56bfc062723c751e8b465ee728b)  -> (artifact id: 'ec000cfd0f679a5652974d5f6da4fb9d') in 0.005978 seconds 
========================================================================
Received Import Request.
  Time since last request: 2179.657762 seconds.
  path: Assets/Imports/Sci-Fi Styled Modular Pack/Materials/base-color.mat
  artifactKey: Guid(171490a7d4aec344382659097f44724a) Importer(815301076,1909f56bfc062723c751e8b465ee728b)
Start importing Assets/Imports/Sci-Fi Styled Modular Pack/Materials/base-color.mat using Guid(171490a7d4aec344382659097f44724a) Importer(815301076,1909f56bfc062723c751e8b465ee728b)  -> (artifact id: '1ea05e371e8b0930ddb2a99e9bdaab9f') in 0.034110 seconds 
========================================================================
Received Import Request.
  Time since last request: 0.000126 seconds.
  path: Assets/Imports/Sci-Fi Styled Modular Pack/Materials/black-color2.mat
  artifactKey: Guid(0e752a4e40ecdd945bb22851e718b1be) Importer(815301076,1909f56bfc062723c751e8b465ee728b)
Start importing Assets/Imports/Sci-Fi Styled Modular Pack/Materials/black-color2.mat using Guid(0e752a4e40ecdd945bb22851e718b1be) Importer(815301076,1909f56bfc062723c751e8b465ee728b)  -> (artifact id: 'de16713d12af895a6c6314b4d2430ed6') in 0.009909 seconds 
========================================================================
Received Import Request.
  Time since last request: 0.000168 seconds.
  path: Assets/Imports/Sci-Fi Styled Modular Pack/Materials/blood-color.mat
  artifactKey: Guid(e5c3e10dd59edc24ea37e156f7a37a42) Importer(815301076,1909f56bfc062723c751e8b465ee728b)
Start importing Assets/Imports/Sci-Fi Styled Modular Pack/Materials/blood-color.mat using Guid(e5c3e10dd59edc24ea37e156f7a37a42) Importer(815301076,1909f56bfc062723c751e8b465ee728b)  -> (artifact id: 'f60a96f413a00753d8fb7a7870c4d5c3') in 0.014301 seconds 
========================================================================
Received Import Request.
  Time since last request: 0.000165 seconds.
  path: Assets/Imports/Sci-Fi Styled Modular Pack/Materials/blue-color.mat
  artifactKey: Guid(65ef8e1feb9c8784d988bd1df34701df) Importer(815301076,1909f56bfc062723c751e8b465ee728b)
Start importing Assets/Imports/Sci-Fi Styled Modular Pack/Materials/blue-color.mat using Guid(65ef8e1feb9c8784d988bd1df34701df) Importer(815301076,1909f56bfc062723c751e8b465ee728b)  -> (artifact id: '75fd2067a27fdf511d2dc0ddc478eaa9') in 0.009769 seconds 
========================================================================
Received Import Request.
  Time since last request: 0.000178 seconds.
  path: Assets/Imports/Sci-Fi Styled Modular Pack/Materials/black-grey wall.mat
  artifactKey: Guid(af3af6403c884094b80153a5700e3277) Importer(815301076,1909f56bfc062723c751e8b465ee728b)
Start importing Assets/Imports/Sci-Fi Styled Modular Pack/Materials/black-grey wall.mat using Guid(af3af6403c884094b80153a5700e3277) Importer(815301076,1909f56bfc062723c751e8b465ee728b)  -> (artifact id: 'a72000f1ffeea21a18d322bb2a17c43c') in 0.013626 seconds 
========================================================================
Received Import Request.
  Time since last request: 0.000173 seconds.
  path: Assets/Imports/Sci-Fi Styled Modular Pack/Materials/green-color.mat
  artifactKey: Guid(51bf26f74be900e45893dd494634fa53) Importer(815301076,1909f56bfc062723c751e8b465ee728b)
Start importing Assets/Imports/Sci-Fi Styled Modular Pack/Materials/green-color.mat using Guid(51bf26f74be900e45893dd494634fa53) Importer(815301076,1909f56bfc062723c751e8b465ee728b)  -> (artifact id: 'aac706dd38ad3f20967611543f8580b5') in 0.009246 seconds 
========================================================================
Received Import Request.
  Time since last request: 0.000145 seconds.
  path: Assets/Imports/Sci-Fi Styled Modular Pack/Materials/base-color3.mat
  artifactKey: Guid(ad15c4db5316f9344bd2663b2b370088) Importer(815301076,1909f56bfc062723c751e8b465ee728b)
Start importing Assets/Imports/Sci-Fi Styled Modular Pack/Materials/base-color3.mat using Guid(ad15c4db5316f9344bd2663b2b370088) Importer(815301076,1909f56bfc062723c751e8b465ee728b)  -> (artifact id: '10bd5dd6632e539f8f270cf4d8ca7645') in 0.012533 seconds 
========================================================================
Received Import Request.
  Time since last request: 0.000150 seconds.
  path: Assets/Imports/Sci-Fi Styled Modular Pack/Materials/base-color2.mat
  artifactKey: Guid(89906198d98ae1544886ac2a93577607) Importer(815301076,1909f56bfc062723c751e8b465ee728b)
Start importing Assets/Imports/Sci-Fi Styled Modular Pack/Materials/base-color2.mat using Guid(89906198d98ae1544886ac2a93577607) Importer(815301076,1909f56bfc062723c751e8b465ee728b)  -> (artifact id: 'b6dffeb5ae716d4836bfa3ca916a1201') in 0.010183 seconds 
========================================================================
Received Import Request.
  Time since last request: 0.000139 seconds.
  path: Assets/Imports/Sci-Fi Styled Modular Pack/Materials/glass.mat
  artifactKey: Guid(2ce01831e9f3ae441bb48623e5fbe0c0) Importer(815301076,1909f56bfc062723c751e8b465ee728b)
Start importing Assets/Imports/Sci-Fi Styled Modular Pack/Materials/glass.mat using Guid(2ce01831e9f3ae441bb48623e5fbe0c0) Importer(815301076,1909f56bfc062723c751e8b465ee728b)  -> (artifact id: 'd0edff21bf5e8d73296f937dffa75a45') in 0.008711 seconds 
========================================================================
Received Import Request.
  Time since last request: 0.000147 seconds.
  path: Assets/Imports/Sci-Fi Styled Modular Pack/Materials/coffee-color.mat
  artifactKey: Guid(afc803aacdf399b469ff913fa7602157) Importer(815301076,1909f56bfc062723c751e8b465ee728b)
Start importing Assets/Imports/Sci-Fi Styled Modular Pack/Materials/coffee-color.mat using Guid(afc803aacdf399b469ff913fa7602157) Importer(815301076,1909f56bfc062723c751e8b465ee728b)  -> (artifact id: '867ed2a1fd4a0cdac58574469857fd07') in 0.014468 seconds 
========================================================================
Received Import Request.
  Time since last request: 0.000149 seconds.
  path: Assets/Imports/Sci-Fi Styled Modular Pack/Materials/lattice-emision-mask.mat
  artifactKey: Guid(a7bf4e604060404429227ab13c4fcf80) Importer(815301076,1909f56bfc062723c751e8b465ee728b)
Start importing Assets/Imports/Sci-Fi Styled Modular Pack/Materials/lattice-emision-mask.mat using Guid(a7bf4e604060404429227ab13c4fcf80) Importer(815301076,1909f56bfc062723c751e8b465ee728b)  -> (artifact id: '10af96c4dfb8f15b45549792a10b2782') in 0.010592 seconds 
========================================================================
Received Import Request.
  Time since last request: 0.000143 seconds.
  path: Assets/Imports/Sci-Fi Styled Modular Pack/Materials/comuter_wall.mat
  artifactKey: Guid(0d0f1f087865a1c47826008280428fdf) Importer(815301076,1909f56bfc062723c751e8b465ee728b)
Start importing Assets/Imports/Sci-Fi Styled Modular Pack/Materials/comuter_wall.mat using Guid(0d0f1f087865a1c47826008280428fdf) Importer(815301076,1909f56bfc062723c751e8b465ee728b)  -> (artifact id: 'd522c36f23ec9b2d5872bf2140fca2d5') in 0.012343 seconds 
========================================================================
Received Import Request.
  Time since last request: 0.000151 seconds.
  path: Assets/Imports/Sci-Fi Styled Modular Pack/Materials/Purple Emissive.mat
  artifactKey: Guid(965407a4a34de0040bb9e568c5a39140) Importer(815301076,1909f56bfc062723c751e8b465ee728b)
Start importing Assets/Imports/Sci-Fi Styled Modular Pack/Materials/Purple Emissive.mat using Guid(965407a4a34de0040bb9e568c5a39140) Importer(815301076,1909f56bfc062723c751e8b465ee728b)  -> (artifact id: '999682e2e95aa1a301b6013706e172c8') in 0.012509 seconds 
========================================================================
Received Import Request.
  Time since last request: 46.212006 seconds.
  path: Assets/Imports/Sci-Fi Styled Modular Pack/Materials/red-color.mat
  artifactKey: Guid(0a7bd8d90ff5ce34191886795ffc7031) Importer(815301076,1909f56bfc062723c751e8b465ee728b)
Start importing Assets/Imports/Sci-Fi Styled Modular Pack/Materials/red-color.mat using Guid(0a7bd8d90ff5ce34191886795ffc7031) Importer(815301076,1909f56bfc062723c751e8b465ee728b)  -> (artifact id: '9b113a064805ba3a44c1dac0c2048d88') in 0.009505 seconds 
========================================================================
Received Import Request.
  Time since last request: 142.855860 seconds.
  path: Assets/Imports/Distant Lands/Hylophobia - Stylized Forest
  artifactKey: Guid(ab569394391c6e94e92cb30b1d8b3cb7) Importer(815301076,1909f56bfc062723c751e8b465ee728b)
Start importing Assets/Imports/Distant Lands/Hylophobia - Stylized Forest using Guid(ab569394391c6e94e92cb30b1d8b3cb7) Importer(815301076,1909f56bfc062723c751e8b465ee728b)  -> (artifact id: '42d20b86aa20ce984b20f951a781b8d0') in 0.005084 seconds 
========================================================================
Received Import Request.
  Time since last request: 2.799025 seconds.
  path: Assets/Imports/Distant Lands/Hylophobia - Stylized Forest/Scenes
  artifactKey: Guid(962030ca4c6126a498e1857aaf6ac9dc) Importer(815301076,1909f56bfc062723c751e8b465ee728b)
Start importing Assets/Imports/Distant Lands/Hylophobia - Stylized Forest/Scenes using Guid(962030ca4c6126a498e1857aaf6ac9dc) Importer(815301076,1909f56bfc062723c751e8b465ee728b)  -> (artifact id: '572b07611a15afe66f3d10ce7df77a91') in 0.004800 seconds 
========================================================================
Received Import Request.
  Time since last request: 4.953156 seconds.
  path: Assets/Imports/Distant Lands/Hylophobia - Stylized Forest/Scenes/Large Forest Evening.unity
  artifactKey: Guid(d9db06615d9d13642ab544cc048297ea) Importer(815301076,1909f56bfc062723c751e8b465ee728b)
Start importing Assets/Imports/Distant Lands/Hylophobia - Stylized Forest/Scenes/Large Forest Evening.unity using Guid(d9db06615d9d13642ab544cc048297ea) Importer(815301076,1909f56bfc062723c751e8b465ee728b)  -> (artifact id: '384efc97a8950b240a995823d6ef6133') in 0.005325 seconds 
========================================================================
Received Import Request.
  Time since last request: 102.788169 seconds.
  path: Assets/Imports/Distant Lands/Thalassophobia - Low Poly Oceans
  artifactKey: Guid(94849746a331136408e2569731d135fe) Importer(815301076,1909f56bfc062723c751e8b465ee728b)
Start importing Assets/Imports/Distant Lands/Thalassophobia - Low Poly Oceans using Guid(94849746a331136408e2569731d135fe) Importer(815301076,1909f56bfc062723c751e8b465ee728b)  -> (artifact id: 'badf7ac446bb1c7ce7c3df9bd81ddb18') in 0.045859 seconds 
========================================================================
Received Import Request.
  Time since last request: 2.404985 seconds.
  path: Assets/Imports/Distant Lands/Thalassophobia - Low Poly Oceans/Scenes
  artifactKey: Guid(870768a9a0219a14bb64c81a8cfc568e) Importer(815301076,1909f56bfc062723c751e8b465ee728b)
Start importing Assets/Imports/Distant Lands/Thalassophobia - Low Poly Oceans/Scenes using Guid(870768a9a0219a14bb64c81a8cfc568e) Importer(815301076,1909f56bfc062723c751e8b465ee728b)  -> (artifact id: 'f79ecbdb0135db1832e32c7a1f54885f') in 0.005038 seconds 
========================================================================
Received Import Request.
  Time since last request: 3.700401 seconds.
  path: Assets/Imports/Distant Lands/Thalassophobia - Low Poly Oceans/Scenes/Temple Reef.unity
  artifactKey: Guid(583104dacb8c44f409d924dbe3c75bcd) Importer(815301076,1909f56bfc062723c751e8b465ee728b)
Start importing Assets/Imports/Distant Lands/Thalassophobia - Low Poly Oceans/Scenes/Temple Reef.unity using Guid(583104dacb8c44f409d924dbe3c75bcd) Importer(815301076,1909f56bfc062723c751e8b465ee728b)  -> (artifact id: '08caaa7539f917b9bdf2a8e27158c7f8') in 0.044819 seconds 
========================================================================
Received Import Request.
  Time since last request: 33.794877 seconds.
  path: Assets/Imports/Distant Lands/Thalassophobia - Low Poly Oceans/Scenes/Dusk Forest.unity
  artifactKey: Guid(52c0b119bc4db4c4588a57d323e8f6d4) Importer(815301076,1909f56bfc062723c751e8b465ee728b)
Start importing Assets/Imports/Distant Lands/Thalassophobia - Low Poly Oceans/Scenes/Dusk Forest.unity using Guid(52c0b119bc4db4c4588a57d323e8f6d4) Importer(815301076,1909f56bfc062723c751e8b465ee728b)  -> (artifact id: '2fccdc527cee57ed39fac89d97cd0108') in 0.005219 seconds 
========================================================================
Received Import Request.
  Time since last request: 31.767713 seconds.
  path: Assets/Imports/Distant Lands/Thalassophobia - Low Poly Oceans/Scenes/Coral Reef.unity
  artifactKey: Guid(94757fd23e84f8c478af58f353a5b3c1) Importer(815301076,1909f56bfc062723c751e8b465ee728b)
Start importing Assets/Imports/Distant Lands/Thalassophobia - Low Poly Oceans/Scenes/Coral Reef.unity using Guid(94757fd23e84f8c478af58f353a5b3c1) Importer(815301076,1909f56bfc062723c751e8b465ee728b)  -> (artifact id: 'b70a63695e9e1fcc5ee933dc08255d5c') in 0.007499 seconds 
========================================================================
Received Import Request.
  Time since last request: 50.995957 seconds.
  path: Assets/Imports/Distant Lands/Distant Suite Volume IV
  artifactKey: Guid(1ed70a08ec8f5164dadd4f78353391a9) Importer(815301076,1909f56bfc062723c751e8b465ee728b)
Start importing Assets/Imports/Distant Lands/Distant Suite Volume IV using Guid(1ed70a08ec8f5164dadd4f78353391a9) Importer(815301076,1909f56bfc062723c751e8b465ee728b)  -> (artifact id: '7aa4cad928fc358ebc1ed2e66056fdf0') in 0.005537 seconds 
========================================================================
Received Import Request.
  Time since last request: 36.415577 seconds.
  path: Assets/Imports/Distant Lands/Distant Suite Volume III/Greenhouse - Low Poly Plants/Scenes/Greenhouse.unity
  artifactKey: Guid(87d41565013fe6841a84fa0642b47df6) Importer(815301076,1909f56bfc062723c751e8b465ee728b)
Start importing Assets/Imports/Distant Lands/Distant Suite Volume III/Greenhouse - Low Poly Plants/Scenes/Greenhouse.unity using Guid(87d41565013fe6841a84fa0642b47df6) Importer(815301076,1909f56bfc062723c751e8b465ee728b)  -> (artifact id: 'dac55f5752a259d2255b4f9beca6ce69') in 0.005832 seconds 
========================================================================
Received Import Request.
  Time since last request: 52.423813 seconds.
  path: Assets/Imports/Distant Lands/Distant - Vol. 4
  artifactKey: Guid(2923a2e60bafa2b429136378fee936c8) Importer(815301076,1909f56bfc062723c751e8b465ee728b)
Start importing Assets/Imports/Distant Lands/Distant - Vol. 4 using Guid(2923a2e60bafa2b429136378fee936c8) Importer(815301076,1909f56bfc062723c751e8b465ee728b)  -> (artifact id: 'bc32dd839063dbea679f36e3427c7b70') in 0.007023 seconds 
========================================================================
Received Import Request.
  Time since last request: 1.039042 seconds.
  path: Assets/Imports/Distant Lands/Distant - Vol. 4/Zenith - Low Poly Floating Islands
  artifactKey: Guid(a8ff4aa174d2f0e459363680161fbafc) Importer(815301076,1909f56bfc062723c751e8b465ee728b)
Start importing Assets/Imports/Distant Lands/Distant - Vol. 4/Zenith - Low Poly Floating Islands using Guid(a8ff4aa174d2f0e459363680161fbafc) Importer(815301076,1909f56bfc062723c751e8b465ee728b)  -> (artifact id: '1e082d81997a954d2b5963802790dbeb') in 0.006812 seconds 
========================================================================
Received Import Request.
  Time since last request: 7.812567 seconds.
  path: Assets/Imports/Distant Lands/Distant Suite Volume IV/Zenith - Low Poly Floating Islands
  artifactKey: Guid(e704a18ce0634e84a8099bc3db263d9d) Importer(815301076,1909f56bfc062723c751e8b465ee728b)
Start importing Assets/Imports/Distant Lands/Distant Suite Volume IV/Zenith - Low Poly Floating Islands using Guid(e704a18ce0634e84a8099bc3db263d9d) Importer(815301076,1909f56bfc062723c751e8b465ee728b)  -> (artifact id: '2b93d855b5b1dece73e898fc2e6c3e5b') in 0.002150 seconds 
========================================================================
Received Import Request.
  Time since last request: 2.430447 seconds.
  path: Assets/Imports/Distant Lands/Distant Suite Volume IV/Urban - Low Poly City Ruins
  artifactKey: Guid(1be407c115b6f8e41a05fc6bbabedc2b) Importer(815301076,1909f56bfc062723c751e8b465ee728b)
Start importing Assets/Imports/Distant Lands/Distant Suite Volume IV/Urban - Low Poly City Ruins using Guid(1be407c115b6f8e41a05fc6bbabedc2b) Importer(815301076,1909f56bfc062723c751e8b465ee728b)  -> (artifact id: '530b333406332d4fb9a1325b90df62d0') in 0.005371 seconds 
========================================================================
Received Import Request.
  Time since last request: 1.490735 seconds.
  path: Assets/Imports/Distant Lands/Distant Suite Volume IV/Urban - Low Poly City Ruins/Scenes
  artifactKey: Guid(8bd83c26cfcbcbb49a27ee7897e998b9) Importer(815301076,1909f56bfc062723c751e8b465ee728b)
Start importing Assets/Imports/Distant Lands/Distant Suite Volume IV/Urban - Low Poly City Ruins/Scenes using Guid(8bd83c26cfcbcbb49a27ee7897e998b9) Importer(815301076,1909f56bfc062723c751e8b465ee728b)  -> (artifact id: '0688b6d0463c52ea63137723d3427851') in 0.003549 seconds 
========================================================================
Received Import Request.
  Time since last request: 1.172658 seconds.
  path: Assets/Imports/Distant Lands/Distant Suite Volume IV/Urban - Low Poly City Ruins/Scenes/Showroom.unity
  artifactKey: Guid(1163f41585075764dbc13f44cab57039) Importer(815301076,1909f56bfc062723c751e8b465ee728b)
Start importing Assets/Imports/Distant Lands/Distant Suite Volume IV/Urban - Low Poly City Ruins/Scenes/Showroom.unity using Guid(1163f41585075764dbc13f44cab57039) Importer(815301076,1909f56bfc062723c751e8b465ee728b)  -> (artifact id: '6f62b8ee7e2e248d877c135a73ead868') in 0.006029 seconds 
========================================================================
Received Import Request.
  Time since last request: 0.402180 seconds.
  path: Assets/Imports/Distant Lands/Distant Suite Volume IV/Urban - Low Poly City Ruins/Scenes/Urban Demo.unity
  artifactKey: Guid(136ba2c9de05a414c8beee1e0ac37f2d) Importer(815301076,1909f56bfc062723c751e8b465ee728b)
Start importing Assets/Imports/Distant Lands/Distant Suite Volume IV/Urban - Low Poly City Ruins/Scenes/Urban Demo.unity using Guid(136ba2c9de05a414c8beee1e0ac37f2d) Importer(815301076,1909f56bfc062723c751e8b465ee728b)  -> (artifact id: '24f211025e5486d097ddc33e6d703438') in 0.006322 seconds 
========================================================================
Received Import Request.
  Time since last request: 81.509669 seconds.
  path: Assets/Imports/Distant Lands/Distant Suite Volume I/Rupture - Low Poly Volcano
  artifactKey: Guid(2bdedeceef610744a98134b7d3282027) Importer(815301076,1909f56bfc062723c751e8b465ee728b)
Start importing Assets/Imports/Distant Lands/Distant Suite Volume I/Rupture - Low Poly Volcano using Guid(2bdedeceef610744a98134b7d3282027) Importer(815301076,1909f56bfc062723c751e8b465ee728b)  -> (artifact id: 'eb6dd94195e53ddb70f8ecf1f2bc596c') in 0.005079 seconds 
========================================================================
Received Import Request.
  Time since last request: 1.172931 seconds.
  path: Assets/Imports/Distant Lands/Distant Suite Volume I/Rupture - Low Poly Volcano/Scenes
  artifactKey: Guid(2e8b8fe6bc6f27e43beb379fd06097cd) Importer(815301076,1909f56bfc062723c751e8b465ee728b)
Start importing Assets/Imports/Distant Lands/Distant Suite Volume I/Rupture - Low Poly Volcano/Scenes using Guid(2e8b8fe6bc6f27e43beb379fd06097cd) Importer(815301076,1909f56bfc062723c751e8b465ee728b)  -> (artifact id: '1b6499613410a06bf9ed9d973f2dccdd') in 0.001942 seconds 
========================================================================
Received Import Request.
  Time since last request: 0.955147 seconds.
  path: Assets/Imports/Distant Lands/Distant Suite Volume I/Rupture - Low Poly Volcano/Scenes/Rupture Demo.unity
  artifactKey: Guid(d946e4a4584de7b43b764b1c953aaf28) Importer(815301076,1909f56bfc062723c751e8b465ee728b)
Start importing Assets/Imports/Distant Lands/Distant Suite Volume I/Rupture - Low Poly Volcano/Scenes/Rupture Demo.unity using Guid(d946e4a4584de7b43b764b1c953aaf28) Importer(815301076,1909f56bfc062723c751e8b465ee728b)  -> (artifact id: 'ceb57423a0cfef9a48cc7dabc6f4acd4') in 0.005073 seconds 
========================================================================
Received Import Request.
  Time since last request: 38.718229 seconds.
  path: Assets/Imports/Distant Lands/Distant Suite Volume III/Fissure - Low Poly Caverns
  artifactKey: Guid(fe872fb88c12dcb40ab5e0d2ce805d11) Importer(815301076,1909f56bfc062723c751e8b465ee728b)
Start importing Assets/Imports/Distant Lands/Distant Suite Volume III/Fissure - Low Poly Caverns using Guid(fe872fb88c12dcb40ab5e0d2ce805d11) Importer(815301076,1909f56bfc062723c751e8b465ee728b)  -> (artifact id: 'b3dcf3e452696973aa0e23cc3a5092a6') in 0.006233 seconds 
========================================================================
Received Import Request.
  Time since last request: 1.056243 seconds.
  path: Assets/Imports/Distant Lands/Distant Suite Volume III/Fissure - Low Poly Caverns/Scenes
  artifactKey: Guid(65669315a57c6f44697b2d41711725bc) Importer(815301076,1909f56bfc062723c751e8b465ee728b)
Start importing Assets/Imports/Distant Lands/Distant Suite Volume III/Fissure - Low Poly Caverns/Scenes using Guid(65669315a57c6f44697b2d41711725bc) Importer(815301076,1909f56bfc062723c751e8b465ee728b)  -> (artifact id: '071d68bf14c165baf9be48bd266dfe6f') in 0.002294 seconds 
========================================================================
Received Import Request.
  Time since last request: 46.675487 seconds.
  path: Assets/Imports/Distant Lands/Distant Suite Volume IV/Java - Low Poly Islands
  artifactKey: Guid(c3d5c144affe32346880abad170d6238) Importer(815301076,1909f56bfc062723c751e8b465ee728b)
Start importing Assets/Imports/Distant Lands/Distant Suite Volume IV/Java - Low Poly Islands using Guid(c3d5c144affe32346880abad170d6238) Importer(815301076,1909f56bfc062723c751e8b465ee728b)  -> (artifact id: '446431e02f44abf5fa34baf41446c449') in 0.005404 seconds 
========================================================================
Received Import Request.
  Time since last request: 0.952199 seconds.
  path: Assets/Imports/Distant Lands/Distant Suite Volume IV/Java - Low Poly Islands/Scenes
  artifactKey: Guid(18acdf415450d8243bc6de3cfb86e86a) Importer(815301076,1909f56bfc062723c751e8b465ee728b)
Start importing Assets/Imports/Distant Lands/Distant Suite Volume IV/Java - Low Poly Islands/Scenes using Guid(18acdf415450d8243bc6de3cfb86e86a) Importer(815301076,1909f56bfc062723c751e8b465ee728b)  -> (artifact id: 'd3499a5df3721a880e0adef3d08edb4a') in 0.002771 seconds 
========================================================================
Received Import Request.
  Time since last request: 2.652995 seconds.
  path: Assets/Imports/Distant Lands/Distant Suite Volume IV/Java - Low Poly Islands/Scenes/Active Volcano.unity
  artifactKey: Guid(4857c468f7eb7c24185bb85c6a2f2d25) Importer(815301076,1909f56bfc062723c751e8b465ee728b)
Start importing Assets/Imports/Distant Lands/Distant Suite Volume IV/Java - Low Poly Islands/Scenes/Active Volcano.unity using Guid(4857c468f7eb7c24185bb85c6a2f2d25) Importer(815301076,1909f56bfc062723c751e8b465ee728b)  -> (artifact id: 'eb0d85eb0a7c7ba45f5183e075ebcbc7') in 0.004956 seconds 
========================================================================
Received Import Request.
  Time since last request: 20.639495 seconds.
  path: Assets/Imports/Distant Lands/Distant Suite Volume IV/Java - Low Poly Islands/Scenes/Tropical Village (Night).unity
  artifactKey: Guid(8d0d0f308c4ecbc40a36e37dc95a267d) Importer(815301076,1909f56bfc062723c751e8b465ee728b)
Start importing Assets/Imports/Distant Lands/Distant Suite Volume IV/Java - Low Poly Islands/Scenes/Tropical Village (Night).unity using Guid(8d0d0f308c4ecbc40a36e37dc95a267d) Importer(815301076,1909f56bfc062723c751e8b465ee728b)  -> (artifact id: '0229bebe31734b822a714d35c2b0b016') in 0.005736 seconds 
========================================================================
Received Import Request.
  Time since last request: 91.766522 seconds.
  path: Assets/Imports/Distant Lands/Distant Suite Volume IV/Zenith - Low Poly Floating Islands/Scenes
  artifactKey: Guid(89beb3b2a386d9c44935723231d601b2) Importer(815301076,1909f56bfc062723c751e8b465ee728b)
Start importing Assets/Imports/Distant Lands/Distant Suite Volume IV/Zenith - Low Poly Floating Islands/Scenes using Guid(89beb3b2a386d9c44935723231d601b2) Importer(815301076,1909f56bfc062723c751e8b465ee728b)  -> (artifact id: 'be245b3a700024e432f78dc046d9a502') in 0.002783 seconds 
========================================================================
Received Import Request.
  Time since last request: 9.672054 seconds.
  path: Assets/Imports/Distant Lands/Distant Suite Volume IV/Zenith - Low Poly Floating Islands/Scenes/Sunset Islands.unity
  artifactKey: Guid(59f1f2bf67013a94da5e80207c441a53) Importer(815301076,1909f56bfc062723c751e8b465ee728b)
Start importing Assets/Imports/Distant Lands/Distant Suite Volume IV/Zenith - Low Poly Floating Islands/Scenes/Sunset Islands.unity using Guid(59f1f2bf67013a94da5e80207c441a53) Importer(815301076,1909f56bfc062723c751e8b465ee728b)  -> (artifact id: '5551806c9b4daed279522412c4095bd1') in 0.005483 seconds 
========================================================================
Received Import Request.
  Time since last request: 42.738456 seconds.
  path: Assets/Imports/Distant Lands/Distant Suite Volume IV/Zenith - Low Poly Floating Islands/Scenes/Abandoned Airship.unity
  artifactKey: Guid(c5778e1c4fa61d24a9eadb2c941004fd) Importer(815301076,1909f56bfc062723c751e8b465ee728b)
Start importing Assets/Imports/Distant Lands/Distant Suite Volume IV/Zenith - Low Poly Floating Islands/Scenes/Abandoned Airship.unity using Guid(c5778e1c4fa61d24a9eadb2c941004fd) Importer(815301076,1909f56bfc062723c751e8b465ee728b)  -> (artifact id: '655a80f11bd286e9b998be9fce1f82b7') in 0.005915 seconds 
========================================================================
Received Import Request.
  Time since last request: 26.834371 seconds.
  path: Assets/Imports/Distant Lands/Distant Suite Volume IV/Zenith - Low Poly Floating Islands/Scenes/Floating Islands.unity
  artifactKey: Guid(87211ded00ab3034da316fed29630796) Importer(815301076,1909f56bfc062723c751e8b465ee728b)
Start importing Assets/Imports/Distant Lands/Distant Suite Volume IV/Zenith - Low Poly Floating Islands/Scenes/Floating Islands.unity using Guid(87211ded00ab3034da316fed29630796) Importer(815301076,1909f56bfc062723c751e8b465ee728b)  -> (artifact id: '624081884d13550ad34eb311597da35d') in 0.005240 seconds 
========================================================================
Received Import Request.
  Time since last request: 1.062088 seconds.
  path: Assets/Imports/Distant Lands/Distant Suite Volume IV/Zenith - Low Poly Floating Islands/Scenes/Jellyfish Flock.unity
  artifactKey: Guid(2d5b0c70e5c62ec4d933894344815324) Importer(815301076,1909f56bfc062723c751e8b465ee728b)
Start importing Assets/Imports/Distant Lands/Distant Suite Volume IV/Zenith - Low Poly Floating Islands/Scenes/Jellyfish Flock.unity using Guid(2d5b0c70e5c62ec4d933894344815324) Importer(815301076,1909f56bfc062723c751e8b465ee728b)  -> (artifact id: 'bc49a33b1b6c8515cbaf4d0200e6813c') in 0.004625 seconds 
========================================================================
Received Import Request.
  Time since last request: 15.452808 seconds.
  path: Assets/Imports/Distant Lands/Distant Suite Volume IV/Zenith - Low Poly Floating Islands/Scenes/Sky Raid.unity
  artifactKey: Guid(708ab5d4be0a25f42b977e31ff471f6c) Importer(815301076,1909f56bfc062723c751e8b465ee728b)
Start importing Assets/Imports/Distant Lands/Distant Suite Volume IV/Zenith - Low Poly Floating Islands/Scenes/Sky Raid.unity using Guid(708ab5d4be0a25f42b977e31ff471f6c) Importer(815301076,1909f56bfc062723c751e8b465ee728b)  -> (artifact id: 'a6eb57203d32fc41a32cc42d8659dc35') in 0.005062 seconds 
========================================================================
Received Import Request.
  Time since last request: 32.749460 seconds.
  path: Assets/Imports/Distant Lands/Distant Suite Volume IV/Zenith - Low Poly Floating Islands/Scenes/Showroom.unity
  artifactKey: Guid(5b2d7924ebf4c3a45af42d676c822e81) Importer(815301076,1909f56bfc062723c751e8b465ee728b)
Start importing Assets/Imports/Distant Lands/Distant Suite Volume IV/Zenith - Low Poly Floating Islands/Scenes/Showroom.unity using Guid(5b2d7924ebf4c3a45af42d676c822e81) Importer(815301076,1909f56bfc062723c751e8b465ee728b)  -> (artifact id: '7fb4822e72f0ea181b610c06abf5e559') in 0.002155 seconds 
========================================================================
Received Import Request.
  Time since last request: 4.649695 seconds.
  path: Assets/Imports/Distant Lands/Distant Suite Volume IV/Zenith - Low Poly Floating Islands/Scenes/Thunder Storm.unity
  artifactKey: Guid(ee350f0b83708a6459d73d3eab861ffc) Importer(815301076,1909f56bfc062723c751e8b465ee728b)
Start importing Assets/Imports/Distant Lands/Distant Suite Volume IV/Zenith - Low Poly Floating Islands/Scenes/Thunder Storm.unity using Guid(ee350f0b83708a6459d73d3eab861ffc) Importer(815301076,1909f56bfc062723c751e8b465ee728b)  -> (artifact id: '2ef220dfcad70617084834da497f6a56') in 0.004859 seconds 
========================================================================
Received Import Request.
  Time since last request: 10.095004 seconds.
  path: Assets/Imports/Distant Lands/Distant Suite Volume IV/Zenith - Low Poly Floating Islands/Scenes/Weighed Anchor at Dusk.unity
  artifactKey: Guid(b5f55d00e54352c4997990ea64610790) Importer(815301076,1909f56bfc062723c751e8b465ee728b)
Start importing Assets/Imports/Distant Lands/Distant Suite Volume IV/Zenith - Low Poly Floating Islands/Scenes/Weighed Anchor at Dusk.unity using Guid(b5f55d00e54352c4997990ea64610790) Importer(815301076,1909f56bfc062723c751e8b465ee728b)  -> (artifact id: 'd889668ab2d4948539f7eb18a3c4807f') in 0.005011 seconds 
========================================================================
Received Import Request.
  Time since last request: 14.260328 seconds.
  path: Assets/Imports/Distant Lands/Distant Suite Volume IV/Zenith - Low Poly Floating Islands/Scenes/Winter Isle.unity
  artifactKey: Guid(addff84c215d5694bac9365d26b5dbfb) Importer(815301076,1909f56bfc062723c751e8b465ee728b)
Start importing Assets/Imports/Distant Lands/Distant Suite Volume IV/Zenith - Low Poly Floating Islands/Scenes/Winter Isle.unity using Guid(addff84c215d5694bac9365d26b5dbfb) Importer(815301076,1909f56bfc062723c751e8b465ee728b)  -> (artifact id: '8d0243ad87dd2ee496160a9f870b9ee6') in 0.004813 seconds 
========================================================================
Received Import Request.
  Time since last request: 39.827587 seconds.
  path: Assets/Imports/Distant Lands/Distant Suite Volume III/Mercenary - Low Poly Assassin
  artifactKey: Guid(74960476356c85742a8bb9be8a125f8c) Importer(815301076,1909f56bfc062723c751e8b465ee728b)
Start importing Assets/Imports/Distant Lands/Distant Suite Volume III/Mercenary - Low Poly Assassin using Guid(74960476356c85742a8bb9be8a125f8c) Importer(815301076,1909f56bfc062723c751e8b465ee728b)  -> (artifact id: '8d70a2f5e4ba068afd8ca1f1409235d8') in 0.005216 seconds 
========================================================================
Received Prepare
Registering precompiled user dll's ...
Registered in 0.003170 seconds.
Begin MonoManager ReloadAssembly
Native extension for WindowsStandalone target not found
Refreshing native plugins compatible for Editor in 1.70 ms, found 0 plugins.
Preloading 0 native plugins for Editor in 0.00 ms.
Mono: successfully reloaded assembly
- Completed reload, in  0.787 seconds
Platform modules already initialized, skipping
Shader 'Nature/Terrain/StylizedTerrain': dependency 'BaseMapShader' shader 'ASESampleShaders/SimpleTerrainBase' not found
Shader 'Nature/Terrain/StylizedTerrain': dependency 'AddPassShader' shader 'ASESampleShaders/Terrain/SimpleTerrainAddPass' not found
Refreshing native plugins compatible for Editor in 1.66 ms, found 0 plugins.
Preloading 0 native plugins for Editor in 0.00 ms.
Unloading 2909 Unused Serialized files (Serialized files now loaded: 0)
System memory in use before: 239.9 MB.
System memory in use after: 240.2 MB.

Unloading 34 unused Assets to reduce memory usage. Loaded Objects now: 3790.
Total: 5.351800 ms (FindLiveObjects: 0.282300 ms CreateObjectMapping: 0.083600 ms MarkObjects: 4.938100 ms  DeleteObjects: 0.046700 ms)

AssetImportWorkerClient::OnTransportError - code=2 error=End of file
=======
Unloading 42 unused Assets to reduce memory usage. Loaded Objects now: 3745.
Total: 6.273900 ms (FindLiveObjects: 0.309700 ms CreateObjectMapping: 0.167900 ms MarkObjects: 5.383200 ms  DeleteObjects: 0.411600 ms)

========================================================================
Received Import Request.
  path: Assets/Scenes/Chapter1/Chapter1.unity
  artifactKey: Guid(03101730be62f04498188de78d04149f) Importer(815301076,1909f56bfc062723c751e8b465ee728b)
Start importing Assets/Scenes/Chapter1/Chapter1.unity using Guid(03101730be62f04498188de78d04149f) Importer(815301076,1909f56bfc062723c751e8b465ee728b)  -> (artifact id: '1547eef19591ab22db9f115ff770bbbd') in 0.017386 seconds 
========================================================================
Received Import Request.
  Time since last request: 270.441073 seconds.
  path: Assets/Sounds
  artifactKey: Guid(2f95c336470d93048bd2a8d356e1daf1) Importer(815301076,1909f56bfc062723c751e8b465ee728b)
Start importing Assets/Sounds using Guid(2f95c336470d93048bd2a8d356e1daf1) Importer(815301076,1909f56bfc062723c751e8b465ee728b)  -> (artifact id: '4b0eea71acaa66d037793960049865ce') in 0.005999 seconds 
========================================================================
Received Import Request.
  Time since last request: 0.056405 seconds.
  path: Assets/Sounds/Audio_Click.wav
  artifactKey: Guid(6bb2130d030e9ae4e816a0887341d766) Importer(815301076,1909f56bfc062723c751e8b465ee728b)
Start importing Assets/Sounds/Audio_Click.wav using Guid(6bb2130d030e9ae4e816a0887341d766) Importer(815301076,1909f56bfc062723c751e8b465ee728b)  -> (artifact id: '51fe323791fe20edf34c44c790b06640') in 0.071145 seconds 
========================================================================
Received Import Request.
  Time since last request: 0.000198 seconds.
  path: Assets/Sounds/Rotate FX.wav
  artifactKey: Guid(bd59145ad1f8876449639bdbf2389d36) Importer(815301076,1909f56bfc062723c751e8b465ee728b)
Start importing Assets/Sounds/Rotate FX.wav using Guid(bd59145ad1f8876449639bdbf2389d36) Importer(815301076,1909f56bfc062723c751e8b465ee728b)  -> (artifact id: '85d038987c2d28deb5e7872e46036f0a') in 0.011956 seconds 
========================================================================
Received Import Request.
  Time since last request: 0.000273 seconds.
  path: Assets/Sounds/Audio_Footstep_02.wav
  artifactKey: Guid(3efdd4c11a4bdc54a9087ab115c1de9e) Importer(815301076,1909f56bfc062723c751e8b465ee728b)
Start importing Assets/Sounds/Audio_Footstep_02.wav using Guid(3efdd4c11a4bdc54a9087ab115c1de9e) Importer(815301076,1909f56bfc062723c751e8b465ee728b)  -> (artifact id: '98618a0dabf0e906df067c8708ec6a6d') in 0.008008 seconds 
========================================================================
Received Import Request.
  Time since last request: 0.000370 seconds.
  path: Assets/Sounds/Audio_Footstep.wav
  artifactKey: Guid(7341ba07f02fa6941b16a463ddd73f99) Importer(815301076,1909f56bfc062723c751e8b465ee728b)
Start importing Assets/Sounds/Audio_Footstep.wav using Guid(7341ba07f02fa6941b16a463ddd73f99) Importer(815301076,1909f56bfc062723c751e8b465ee728b)  -> (artifact id: 'c23f3ca260cc3b5cfc4466d60c310871') in 0.008438 seconds 
========================================================================
Received Import Request.
  Time since last request: 0.000264 seconds.
  path: Assets/Sounds/Cube Respawn.wav
  artifactKey: Guid(45be8fc79da128343a167d0e5c5c8bb2) Importer(815301076,1909f56bfc062723c751e8b465ee728b)
Start importing Assets/Sounds/Cube Respawn.wav using Guid(45be8fc79da128343a167d0e5c5c8bb2) Importer(815301076,1909f56bfc062723c751e8b465ee728b)  -> (artifact id: 'b8570f34da5b17f5570c2e17d530d163') in 0.016116 seconds 
========================================================================
Received Import Request.
  Time since last request: 0.000265 seconds.
  path: Assets/Sounds/CubeGun1.wav
  artifactKey: Guid(df33a8a2acd843e45820174bff302129) Importer(815301076,1909f56bfc062723c751e8b465ee728b)
Start importing Assets/Sounds/CubeGun1.wav using Guid(df33a8a2acd843e45820174bff302129) Importer(815301076,1909f56bfc062723c751e8b465ee728b)  -> (artifact id: '3618699230207fbdd383108d7f433a9b') in 0.013786 seconds 
========================================================================
Received Import Request.
  Time since last request: 0.000139 seconds.
  path: Assets/Sounds/Prototype Music.wav
  artifactKey: Guid(96c71e063fbd8c14ca557702c6c57ccf) Importer(815301076,1909f56bfc062723c751e8b465ee728b)
Start importing Assets/Sounds/Prototype Music.wav using Guid(96c71e063fbd8c14ca557702c6c57ccf) Importer(815301076,1909f56bfc062723c751e8b465ee728b)  -> (artifact id: '3ceec25a5c8174aa27ddc4428a37df5e') in 0.012359 seconds 
========================================================================
Received Import Request.
  Time since last request: 0.000156 seconds.
  path: Assets/Sounds/Pressure Pad Desactive.wav
  artifactKey: Guid(60f164e8c6e0b5b4aa2c0b26fe89c2b1) Importer(815301076,1909f56bfc062723c751e8b465ee728b)
Start importing Assets/Sounds/Pressure Pad Desactive.wav using Guid(60f164e8c6e0b5b4aa2c0b26fe89c2b1) Importer(815301076,1909f56bfc062723c751e8b465ee728b)  -> (artifact id: 'ecfdfdb82cca320c85457e433038aa66') in 0.012462 seconds 
========================================================================
Received Import Request.
  Time since last request: 0.000141 seconds.
  path: Assets/Sounds/TelekinsisOff FX.wav
  artifactKey: Guid(3f053d22b6325dd478118df4af1710e5) Importer(815301076,1909f56bfc062723c751e8b465ee728b)
Start importing Assets/Sounds/TelekinsisOff FX.wav using Guid(3f053d22b6325dd478118df4af1710e5) Importer(815301076,1909f56bfc062723c751e8b465ee728b)  -> (artifact id: 'd1cf73a1200f452397ccaa80873319fd') in 0.008167 seconds 
========================================================================
Received Import Request.
  Time since last request: 0.000179 seconds.
  path: Assets/Sounds/Audio_Land.wav
  artifactKey: Guid(c212aa2d646dfe248b7c96b4f0e4cb27) Importer(815301076,1909f56bfc062723c751e8b465ee728b)
Start importing Assets/Sounds/Audio_Land.wav using Guid(c212aa2d646dfe248b7c96b4f0e4cb27) Importer(815301076,1909f56bfc062723c751e8b465ee728b)  -> (artifact id: 'a90928ced23c62064b3cb5ac2498c9ad') in 0.007462 seconds 
========================================================================
Received Import Request.
  Time since last request: 0.000223 seconds.
  path: Assets/Sounds/Audio_Jump.wav
  artifactKey: Guid(99ab8a4503de1f448ad764a5c4cdf9cc) Importer(815301076,1909f56bfc062723c751e8b465ee728b)
Start importing Assets/Sounds/Audio_Jump.wav using Guid(99ab8a4503de1f448ad764a5c4cdf9cc) Importer(815301076,1909f56bfc062723c751e8b465ee728b)  -> (artifact id: 'a0790634f9065ffaf77c98d7081158dd') in 0.007697 seconds 
========================================================================
Received Import Request.
  Time since last request: 0.000225 seconds.
  path: Assets/Sounds/TelekinsisOn FX 1.wav
  artifactKey: Guid(5d6b5d11c8db921428eac318242fc300) Importer(815301076,1909f56bfc062723c751e8b465ee728b)
Start importing Assets/Sounds/TelekinsisOn FX 1.wav using Guid(5d6b5d11c8db921428eac318242fc300) Importer(815301076,1909f56bfc062723c751e8b465ee728b)  -> (artifact id: '75092234e581f6e166ea53092841c5b0') in 0.008165 seconds 
========================================================================
Received Import Request.
  Time since last request: 0.000189 seconds.
  path: Assets/Sounds/Pressure Pad Active.wav
  artifactKey: Guid(c18abe486d211b741bfbe7734c9bd837) Importer(815301076,1909f56bfc062723c751e8b465ee728b)
Start importing Assets/Sounds/Pressure Pad Active.wav using Guid(c18abe486d211b741bfbe7734c9bd837) Importer(815301076,1909f56bfc062723c751e8b465ee728b)  -> (artifact id: '4f078b172e3657067d9114ae3b1ca794') in 0.013871 seconds 
========================================================================
Received Import Request.
  Time since last request: 0.000225 seconds.
  path: Assets/Sounds/Cube Destroy.wav
  artifactKey: Guid(f7a1483428d8e15469bc150f399f2bc6) Importer(815301076,1909f56bfc062723c751e8b465ee728b)
Start importing Assets/Sounds/Cube Destroy.wav using Guid(f7a1483428d8e15469bc150f399f2bc6) Importer(815301076,1909f56bfc062723c751e8b465ee728b)  -> (artifact id: '0952f7f3e921cbc70e9e93ff65ef70ca') in 0.011187 seconds 
========================================================================
Received Import Request.
  Time since last request: 0.000264 seconds.
  path: Assets/Sounds/Telekinesis Fx.wav
  artifactKey: Guid(a54285a83b073574e9b970457089904f) Importer(815301076,1909f56bfc062723c751e8b465ee728b)
Start importing Assets/Sounds/Telekinesis Fx.wav using Guid(a54285a83b073574e9b970457089904f) Importer(815301076,1909f56bfc062723c751e8b465ee728b)  -> (artifact id: 'eb99a7990660c32376a005d4bd32e644') in 0.011611 seconds 
========================================================================
Received Import Request.
  Time since last request: 0.953901 seconds.
  path: Assets/Sounds/Quotes
  artifactKey: Guid(2ca75cf5ee5e4ee4cb16b17def4136b9) Importer(815301076,1909f56bfc062723c751e8b465ee728b)
Start importing Assets/Sounds/Quotes using Guid(2ca75cf5ee5e4ee4cb16b17def4136b9) Importer(815301076,1909f56bfc062723c751e8b465ee728b)  -> (artifact id: 'b3acb244802142e3e15f05d8458ed8de') in 0.005838 seconds 
========================================================================
Received Import Request.
  Time since last request: 0.028192 seconds.
  path: Assets/Sounds/Quotes/Ai Dev Quote .wav
  artifactKey: Guid(295ea4b6f62628e4a8eeaeb1ea6a595f) Importer(815301076,1909f56bfc062723c751e8b465ee728b)
Start importing Assets/Sounds/Quotes/Ai Dev Quote .wav using Guid(295ea4b6f62628e4a8eeaeb1ea6a595f) Importer(815301076,1909f56bfc062723c751e8b465ee728b)  -> (artifact id: 'd85cdba0ad55c7094a5fe7fc12aae615') in 0.012543 seconds 
========================================================================
Received Import Request.
  Time since last request: 1.465391 seconds.
  path: Assets/Sounds/Quotes/Chapter 1
  artifactKey: Guid(1d8a23825cf0e4441ab04bc9203c2746) Importer(815301076,1909f56bfc062723c751e8b465ee728b)
Start importing Assets/Sounds/Quotes/Chapter 1 using Guid(1d8a23825cf0e4441ab04bc9203c2746) Importer(815301076,1909f56bfc062723c751e8b465ee728b)  -> (artifact id: '3aa04d2fc8815738b4633eb39dc679e4') in 0.007613 seconds 
========================================================================
Received Import Request.
  Time since last request: 102.427577 seconds.
  path: Assets/Sounds/Quotes/Chapter 1/Kissa
  artifactKey: Guid(e50a6830243bbe1499151178b7d93bf3) Importer(815301076,1909f56bfc062723c751e8b465ee728b)
Start importing Assets/Sounds/Quotes/Chapter 1/Kissa using Guid(e50a6830243bbe1499151178b7d93bf3) Importer(815301076,1909f56bfc062723c751e8b465ee728b)  -> (artifact id: '6e0cb1e483dd54475bbeb2047cbfa08a') in 0.006342 seconds 
========================================================================
Received Import Request.
  Time since last request: 0.058333 seconds.
  path: Assets/Sounds/Quotes/Chapter 1/Kissa/1_controlRoom.wav
  artifactKey: Guid(6e9daf1f1ee90bb4aa9d38dd439ddb41) Importer(815301076,1909f56bfc062723c751e8b465ee728b)
Start importing Assets/Sounds/Quotes/Chapter 1/Kissa/1_controlRoom.wav using Guid(6e9daf1f1ee90bb4aa9d38dd439ddb41) Importer(815301076,1909f56bfc062723c751e8b465ee728b)  -> (artifact id: '2d2b2c82fa0356a490206615e2095f4a') in 0.008417 seconds 
========================================================================
Received Import Request.
  Time since last request: 0.000232 seconds.
  path: Assets/Sounds/Quotes/Chapter 1/Kissa/Kissa_CP1_1.wav
  artifactKey: Guid(fbff2589faf8b6f42bc8bff81eef32c8) Importer(815301076,1909f56bfc062723c751e8b465ee728b)
Start importing Assets/Sounds/Quotes/Chapter 1/Kissa/Kissa_CP1_1.wav using Guid(fbff2589faf8b6f42bc8bff81eef32c8) Importer(815301076,1909f56bfc062723c751e8b465ee728b)  -> (artifact id: '57993e46f3d59bca75fb3c49fbcd2622') in 0.014423 seconds 
========================================================================
Received Import Request.
  Time since last request: 62.796358 seconds.
  path: Assets/Sounds/Quotes/Chapter 1/Olive
  artifactKey: Guid(e8dff35bc547ca4439b9c199a3dbc609) Importer(815301076,1909f56bfc062723c751e8b465ee728b)
Start importing Assets/Sounds/Quotes/Chapter 1/Olive using Guid(e8dff35bc547ca4439b9c199a3dbc609) Importer(815301076,1909f56bfc062723c751e8b465ee728b)  -> (artifact id: '47d3a0b3d4a47a04ad4111c938f8a0e0') in 0.004583 seconds 
========================================================================
Received Import Request.
  Time since last request: 11.865064 seconds.
  path: Assets/Sounds/Quotes/Chapter 1/Olive/2_evacRoomRelleno.wav
  artifactKey: Guid(55eb8ce2d31189c489daf288b0dc2e49) Importer(815301076,1909f56bfc062723c751e8b465ee728b)
Start importing Assets/Sounds/Quotes/Chapter 1/Olive/2_evacRoomRelleno.wav using Guid(55eb8ce2d31189c489daf288b0dc2e49) Importer(815301076,1909f56bfc062723c751e8b465ee728b)  -> (artifact id: 'cc24de34b5cd3e42a90779299720e9ee') in 0.018032 seconds 
========================================================================
Received Import Request.
  Time since last request: 0.000180 seconds.
  path: Assets/Sounds/Quotes/Chapter 1/Olive/3_evacRoomRellenoOLIVE.wav
  artifactKey: Guid(c048fb045ff7023488588bbaad42187e) Importer(815301076,1909f56bfc062723c751e8b465ee728b)
Start importing Assets/Sounds/Quotes/Chapter 1/Olive/3_evacRoomRellenoOLIVE.wav using Guid(c048fb045ff7023488588bbaad42187e) Importer(815301076,1909f56bfc062723c751e8b465ee728b)  -> (artifact id: 'ed0e65f77edd73bebe7c8550a127f3d4') in 0.009803 seconds 
========================================================================
Received Import Request.
  Time since last request: 11.085709 seconds.
  path: Assets/Sounds/Quotes/Chapter 1/Olive/4_storageRoomOLIVE.wav
  artifactKey: Guid(b942812d42a906b44b30322c81d51c14) Importer(815301076,1909f56bfc062723c751e8b465ee728b)
Start importing Assets/Sounds/Quotes/Chapter 1/Olive/4_storageRoomOLIVE.wav using Guid(b942812d42a906b44b30322c81d51c14) Importer(815301076,1909f56bfc062723c751e8b465ee728b)  -> (artifact id: '8bdcd073daa2229ef6bdb8cd640cc0fd') in 0.008962 seconds 
========================================================================
Received Import Request.
  Time since last request: 40.475871 seconds.
  path: Assets/Sounds/Quotes/Chapter 1/Kissa/5_storageRoomKISSA.wav
  artifactKey: Guid(bb96e64308d28e54eb4d544e1f7aa1d3) Importer(815301076,1909f56bfc062723c751e8b465ee728b)
Start importing Assets/Sounds/Quotes/Chapter 1/Kissa/5_storageRoomKISSA.wav using Guid(bb96e64308d28e54eb4d544e1f7aa1d3) Importer(815301076,1909f56bfc062723c751e8b465ee728b)  -> (artifact id: 'fe23aae2218ca84632d013ad0be1e352') in 0.016274 seconds 
========================================================================
Received Import Request.
  Time since last request: 0.000185 seconds.
  path: Assets/Sounds/Quotes/Chapter 1/Kissa/6_dialogoRellenoAntesReactorKISSA.wav
  artifactKey: Guid(cd1dde84288e3ed4fa8be5f679c77e0e) Importer(815301076,1909f56bfc062723c751e8b465ee728b)
Start importing Assets/Sounds/Quotes/Chapter 1/Kissa/6_dialogoRellenoAntesReactorKISSA.wav using Guid(cd1dde84288e3ed4fa8be5f679c77e0e) Importer(815301076,1909f56bfc062723c751e8b465ee728b)  -> (artifact id: 'c792499feab898d3c9fcf2e81866f77c') in 0.012282 seconds 
========================================================================
Received Import Request.
  Time since last request: 26.775226 seconds.
  path: Assets/Sounds/Quotes/Chapter 1/Kissa/7_dialogoRellenoAntesReactorKISSA2.wav
  artifactKey: Guid(0907b470584dd0347b28a38d5168f5ec) Importer(815301076,1909f56bfc062723c751e8b465ee728b)
Start importing Assets/Sounds/Quotes/Chapter 1/Kissa/7_dialogoRellenoAntesReactorKISSA2.wav using Guid(0907b470584dd0347b28a38d5168f5ec) Importer(815301076,1909f56bfc062723c751e8b465ee728b)  -> (artifact id: '36c25f274a36b663d3c4aa2a6f67cdb2') in 0.010722 seconds 
========================================================================
Received Import Request.
  Time since last request: 21.537509 seconds.
  path: Assets/Sounds/Quotes/Chapter 1/Olive/8_ReactorRoomOLIVE.wav
  artifactKey: Guid(5e119bceeae01334eba5d74e23edb777) Importer(815301076,1909f56bfc062723c751e8b465ee728b)
Start importing Assets/Sounds/Quotes/Chapter 1/Olive/8_ReactorRoomOLIVE.wav using Guid(5e119bceeae01334eba5d74e23edb777) Importer(815301076,1909f56bfc062723c751e8b465ee728b)  -> (artifact id: '1d551ee9b4ff176612330c036f357e77') in 0.011530 seconds 
========================================================================
Received Import Request.
  Time since last request: 0.000200 seconds.
  path: Assets/Sounds/Quotes/Chapter 1/Olive/11_PresalaPuzzle1OLIVE.wav
  artifactKey: Guid(aa82f84a7d12ff444bebed9c3c08ada9) Importer(815301076,1909f56bfc062723c751e8b465ee728b)
Start importing Assets/Sounds/Quotes/Chapter 1/Olive/11_PresalaPuzzle1OLIVE.wav using Guid(aa82f84a7d12ff444bebed9c3c08ada9) Importer(815301076,1909f56bfc062723c751e8b465ee728b)  -> (artifact id: 'b6eec41d64204f217faa07dfca3cf16c') in 0.032277 seconds 
========================================================================
Received Import Request.
  Time since last request: 0.000221 seconds.
  path: Assets/Sounds/Quotes/Chapter 1/Olive/12_Puzzle1oPresalaPuzzle2OLIVE.wav
  artifactKey: Guid(3a6f169f61717854ebd8351ab9d1808b) Importer(815301076,1909f56bfc062723c751e8b465ee728b)
Start importing Assets/Sounds/Quotes/Chapter 1/Olive/12_Puzzle1oPresalaPuzzle2OLIVE.wav using Guid(3a6f169f61717854ebd8351ab9d1808b) Importer(815301076,1909f56bfc062723c751e8b465ee728b)  -> (artifact id: '1c1ced46d19470ee2b18798a236120f5') in 0.010450 seconds 
========================================================================
Received Import Request.
  Time since last request: 0.000280 seconds.
  path: Assets/Sounds/Quotes/Chapter 1/Olive/15_IntroPortalesOLIVE.wav
  artifactKey: Guid(879b237671c936b4d8beb433fd220f9a) Importer(815301076,1909f56bfc062723c751e8b465ee728b)
Start importing Assets/Sounds/Quotes/Chapter 1/Olive/15_IntroPortalesOLIVE.wav using Guid(879b237671c936b4d8beb433fd220f9a) Importer(815301076,1909f56bfc062723c751e8b465ee728b)  -> (artifact id: '6b0beb9bcd80c27c10fc19280c57cf28') in 0.011853 seconds 
========================================================================
Received Import Request.
  Time since last request: 0.000177 seconds.
  path: Assets/Sounds/Quotes/Chapter 1/Olive/13_Puzzle2OLIVE.wav
  artifactKey: Guid(f132ec7130106a64aa68136bcca3c6e2) Importer(815301076,1909f56bfc062723c751e8b465ee728b)
Start importing Assets/Sounds/Quotes/Chapter 1/Olive/13_Puzzle2OLIVE.wav using Guid(f132ec7130106a64aa68136bcca3c6e2) Importer(815301076,1909f56bfc062723c751e8b465ee728b)  -> (artifact id: '80556f458f1993d8034a2b1b2162ac8e') in 0.016615 seconds 
========================================================================
Received Import Request.
  Time since last request: 0.000247 seconds.
  path: Assets/Sounds/Quotes/Chapter 1/Olive/14_RellenoOLIVE.wav
  artifactKey: Guid(0a8e3d91a25fc5f4abc18c16c299cca9) Importer(815301076,1909f56bfc062723c751e8b465ee728b)
Start importing Assets/Sounds/Quotes/Chapter 1/Olive/14_RellenoOLIVE.wav using Guid(0a8e3d91a25fc5f4abc18c16c299cca9) Importer(815301076,1909f56bfc062723c751e8b465ee728b)  -> (artifact id: '33f77e86a0428c4ecc6537768f7e772c') in 0.018867 seconds 
========================================================================
Received Import Request.
  Time since last request: 0.000391 seconds.
  path: Assets/Sounds/Quotes/Chapter 1/Olive/9_cambioPasilloOLIVE.wav
  artifactKey: Guid(8470e07803bcc1347b0ce7508abe6e82) Importer(815301076,1909f56bfc062723c751e8b465ee728b)
Start importing Assets/Sounds/Quotes/Chapter 1/Olive/9_cambioPasilloOLIVE.wav using Guid(8470e07803bcc1347b0ce7508abe6e82) Importer(815301076,1909f56bfc062723c751e8b465ee728b)  -> (artifact id: 'e8c546a75a65b1c659f9dfb8278e1d32') in 0.012952 seconds 
========================================================================
Received Import Request.
  Time since last request: 0.000254 seconds.
  path: Assets/Sounds/Quotes/Chapter 1/Olive/10_Puzzle1OLIVE.wav
  artifactKey: Guid(0872302dcb5e2f54aaf0b6a3aaa71e92) Importer(815301076,1909f56bfc062723c751e8b465ee728b)
Start importing Assets/Sounds/Quotes/Chapter 1/Olive/10_Puzzle1OLIVE.wav using Guid(0872302dcb5e2f54aaf0b6a3aaa71e92) Importer(815301076,1909f56bfc062723c751e8b465ee728b)  -> (artifact id: 'e9b4696e834376c24cd29d2f1a431c1a') in 0.013304 seconds 
========================================================================
Received Import Request.
  Time since last request: 23.152519 seconds.
  path: Assets/Sounds/Quotes/Chapter 1/Olive/16_RellenoPortalesOLIVE.wav
  artifactKey: Guid(6247b8319da8a104e8a5b3b9823103ee) Importer(815301076,1909f56bfc062723c751e8b465ee728b)
Start importing Assets/Sounds/Quotes/Chapter 1/Olive/16_RellenoPortalesOLIVE.wav using Guid(6247b8319da8a104e8a5b3b9823103ee) Importer(815301076,1909f56bfc062723c751e8b465ee728b)  -> (artifact id: '8ecb2c8444ff69152454609b075fc3a4') in 0.011488 seconds 
========================================================================
Received Import Request.
  Time since last request: 0.000222 seconds.
  path: Assets/Sounds/Quotes/Chapter 1/Olive/19_PresalaPuzzle3OLIVE.wav
  artifactKey: Guid(08901f76d0e5121438150f6317da4dba) Importer(815301076,1909f56bfc062723c751e8b465ee728b)
Start importing Assets/Sounds/Quotes/Chapter 1/Olive/19_PresalaPuzzle3OLIVE.wav using Guid(08901f76d0e5121438150f6317da4dba) Importer(815301076,1909f56bfc062723c751e8b465ee728b)  -> (artifact id: 'ab1e42854b876f2218b2e59ea76cbe11') in 0.009990 seconds 
========================================================================
Received Import Request.
  Time since last request: 0.000167 seconds.
  path: Assets/Sounds/Quotes/Chapter 1/Olive/20_IntroRotacionesOLIVE.wav
  artifactKey: Guid(2d9aa83d4ce790743ae6c3360c9d4cff) Importer(815301076,1909f56bfc062723c751e8b465ee728b)
Start importing Assets/Sounds/Quotes/Chapter 1/Olive/20_IntroRotacionesOLIVE.wav using Guid(2d9aa83d4ce790743ae6c3360c9d4cff) Importer(815301076,1909f56bfc062723c751e8b465ee728b)  -> (artifact id: 'f2d7358990bd5792fc5c813c4e19cc77') in 0.019969 seconds 
========================================================================
Received Import Request.
  Time since last request: 0.000246 seconds.
  path: Assets/Sounds/Quotes/Chapter 1/Olive/18_respuestaaudioCodOLIVE.wav
  artifactKey: Guid(6274d6a918f2917449f9ef7c410d4722) Importer(815301076,1909f56bfc062723c751e8b465ee728b)
Start importing Assets/Sounds/Quotes/Chapter 1/Olive/18_respuestaaudioCodOLIVE.wav using Guid(6274d6a918f2917449f9ef7c410d4722) Importer(815301076,1909f56bfc062723c751e8b465ee728b)  -> (artifact id: '1b3c28776222276059ad6f2f69c5c03a') in 0.013122 seconds 
========================================================================
Received Import Request.
  Time since last request: 7.656600 seconds.
  path: Assets/Sounds/Quotes/Chapter 1/Kissa/17_audioCodificadoKISSA.wav
  artifactKey: Guid(4e7bf30d67938964faa22e180abe53fe) Importer(815301076,1909f56bfc062723c751e8b465ee728b)
Start importing Assets/Sounds/Quotes/Chapter 1/Kissa/17_audioCodificadoKISSA.wav using Guid(4e7bf30d67938964faa22e180abe53fe) Importer(815301076,1909f56bfc062723c751e8b465ee728b)  -> (artifact id: 'f758c8550f237745ff8e8504219c5bb0') in 0.013333 seconds 
========================================================================
Received Import Request.
  Time since last request: 1830.595237 seconds.
  path: Assets/Sounds/Quotes/Chapter 1/Olive/4_storageRoomOLIVEKISSA.wav
  artifactKey: Guid(cd74c864a4411ce43a01e39a143a92d5) Importer(815301076,1909f56bfc062723c751e8b465ee728b)
Start importing Assets/Sounds/Quotes/Chapter 1/Olive/4_storageRoomOLIVEKISSA.wav using Guid(cd74c864a4411ce43a01e39a143a92d5) Importer(815301076,1909f56bfc062723c751e8b465ee728b)  -> (artifact id: 'bfb2394069187f170674ba630ee4a39e') in 0.032685 seconds 
>>>>>>> LevelDesign
