Using pre-set license
Built from '2021.1/release' branch; Version is '2021.1.4f1 (4cd64a618c1b) revision 5035594'; Using compiler version '192528614'; Build Type 'Release'
OS: 'Windows 10 Home; OS build 22000.376; Version 2009; 64bit' Language: 'es' Physical Memory: 16260 MB
BatchMode: 1, IsHumanControllingUs: 0, StartBugReporterOnCrash: 0, Is64bit: 1, IsPro: 0

 COMMAND LINE ARGUMENTS:
D:\Unity Editor\2021.1.4f1\Editor\Unity.exe
-adb2
-batchMode
-noUpm
-name
AssetImportWorker1
-projectPath
D:/Proyectos/Juegos/Proyecto3Prototype2
-logFile
Logs/AssetImportWorker1.log
-srvPort
54376
Successfully changed project path to: D:/Proyectos/Juegos/Proyecto3Prototype2
D:/Proyectos/Juegos/Proyecto3Prototype2
Using Asset Import Pipeline V2.
Refreshing native plugins compatible for Editor in 240.53 ms, found 0 plugins.
Preloading 0 native plugins for Editor in 0.00 ms.
Initialize engine version: 2021.1.4f1 (4cd64a618c1b)
[Subsystems] Discovering subsystems at path D:/Unity Editor/2021.1.4f1/Editor/Data/Resources/UnitySubsystems
[Subsystems] Discovering subsystems at path D:/Proyectos/Juegos/Proyecto3Prototype2/Assets
GfxDevice: creating device client; threaded=0; jobified=0
Direct3D:
    Version:  Direct3D 11.0 [level 11.1]
    Renderer: NVIDIA GeForce GTX 1060 (ID=0x1c20)
    Vendor:   NVIDIA
    VRAM:     6052 MB
    Driver:   27.21.14.6611
Shader 'Nature/Terrain/StylizedTerrain': dependency 'BaseMapShader' shader 'ASESampleShaders/SimpleTerrainBase' not found
Shader 'Nature/Terrain/StylizedTerrain': dependency 'AddPassShader' shader 'ASESampleShaders/Terrain/SimpleTerrainAddPass' not found
Initialize mono
Mono path[0] = 'D:/Unity Editor/2021.1.4f1/Editor/Data/Managed'
Mono path[1] = 'D:/Unity Editor/2021.1.4f1/Editor/Data/MonoBleedingEdge/lib/mono/unityjit'
Mono config path = 'D:/Unity Editor/2021.1.4f1/Editor/Data/MonoBleedingEdge/etc'
Using monoOptions --debugger-agent=transport=dt_socket,embedding=1,server=y,suspend=n,address=127.0.0.1:56908
Begin MonoManager ReloadAssembly
Registering precompiled unity dll's ...
Register platform support module: D:/Unity Editor/2021.1.4f1/Editor/Data/PlaybackEngines/WindowsStandaloneSupport/UnityEditor.WindowsStandalone.Extensions.dll
Registered in 0.001219 seconds.
Native extension for WindowsStandalone target not found
Refreshing native plugins compatible for Editor in 156.20 ms, found 0 plugins.
Preloading 0 native plugins for Editor in 0.00 ms.
Mono: successfully reloaded assembly
- Completed reload, in  1.677 seconds
Platform modules already initialized, skipping
Registering precompiled user dll's ...
Registered in 0.002555 seconds.
Begin MonoManager ReloadAssembly
Native extension for WindowsStandalone target not found
Refreshing native plugins compatible for Editor in 261.27 ms, found 0 plugins.
Preloading 0 native plugins for Editor in 0.00 ms.
Mono: successfully reloaded assembly
- Completed reload, in  2.059 seconds
Platform modules already initialized, skipping
========================================================================
Worker process is ready to serve import requests
Shader 'Nature/Terrain/StylizedTerrain': dependency 'BaseMapShader' shader 'ASESampleShaders/SimpleTerrainBase' not found
Shader 'Nature/Terrain/StylizedTerrain': dependency 'AddPassShader' shader 'ASESampleShaders/Terrain/SimpleTerrainAddPass' not found
Launched and connected shader compiler UnityShaderCompiler.exe after 0.26 seconds
Refreshing native plugins compatible for Editor in 1.85 ms, found 0 plugins.
Preloading 0 native plugins for Editor in 0.00 ms.
Unloading 3279 Unused Serialized files (Serialized files now loaded: 0)
System memory in use before: 290.1 MB.
System memory in use after: 290.3 MB.

Unloading 42 unused Assets to reduce memory usage. Loaded Objects now: 3762.
Total: 6.669200 ms (FindLiveObjects: 0.267200 ms CreateObjectMapping: 0.147400 ms MarkObjects: 5.884400 ms  DeleteObjects: 0.369100 ms)

========================================================================
Received Import Request.
  path: Assets/Prefabs/Mechanisms/Lvl1 Door (Switch).prefab
  artifactKey: Guid(cf23cda2b8d44f140aa7a18e8097f882) Importer(815301076,1909f56bfc062723c751e8b465ee728b)
Start importing Assets/Prefabs/Mechanisms/Lvl1 Door (Switch).prefab using Guid(cf23cda2b8d44f140aa7a18e8097f882) Importer(815301076,1909f56bfc062723c751e8b465ee728b)  -> (artifact id: 'd278cade5b90d04bfcb99a6e47265ab7') in 1.006535 seconds 
========================================================================
Received Import Request.
  Time since last request: 0.016025 seconds.
  path: Assets/Prefabs/Mechanisms/PressurePad.prefab
  artifactKey: Guid(6f5623750be0502458a172a837b5e677) Importer(815301076,1909f56bfc062723c751e8b465ee728b)
Start importing Assets/Prefabs/Mechanisms/PressurePad.prefab using Guid(6f5623750be0502458a172a837b5e677) Importer(815301076,1909f56bfc062723c751e8b465ee728b)  -> (artifact id: 'd78e10bf538014b1748b7988658bc9ea') in 0.112219 seconds 
========================================================================
Received Import Request.
  Time since last request: 0.000319 seconds.
  path: Assets/Prefabs/Mechanisms/Switch.prefab
  artifactKey: Guid(218803e45402f904aa5e604f6eb438d7) Importer(815301076,1909f56bfc062723c751e8b465ee728b)
Start importing Assets/Prefabs/Mechanisms/Switch.prefab using Guid(218803e45402f904aa5e604f6eb438d7) Importer(815301076,1909f56bfc062723c751e8b465ee728b)  -> (artifact id: '74db13b16e534f69bb633fa7624b96ca') in 0.105423 seconds 
========================================================================
Received Prepare
Registering precompiled user dll's ...
Registered in 0.002355 seconds.
Begin MonoManager ReloadAssembly
Native extension for WindowsStandalone target not found
Refreshing native plugins compatible for Editor in 1.88 ms, found 0 plugins.
Preloading 0 native plugins for Editor in 0.00 ms.
Mono: successfully reloaded assembly
- Completed reload, in  1.017 seconds
Platform modules already initialized, skipping
Shader 'Nature/Terrain/StylizedTerrain': dependency 'BaseMapShader' shader 'ASESampleShaders/SimpleTerrainBase' not found
Shader 'Nature/Terrain/StylizedTerrain': dependency 'AddPassShader' shader 'ASESampleShaders/Terrain/SimpleTerrainAddPass' not found
Refreshing native plugins compatible for Editor in 1.74 ms, found 0 plugins.
Preloading 0 native plugins for Editor in 0.00 ms.
Unloading 2906 Unused Serialized files (Serialized files now loaded: 0)
System memory in use before: 257.3 MB.
System memory in use after: 257.6 MB.

Unloading 33 unused Assets to reduce memory usage. Loaded Objects now: 3772.
Total: 6.976900 ms (FindLiveObjects: 0.273400 ms CreateObjectMapping: 0.172200 ms MarkObjects: 6.501800 ms  DeleteObjects: 0.028600 ms)

========================================================================
Received Prepare
Registering precompiled user dll's ...
Registered in 0.003746 seconds.
Begin MonoManager ReloadAssembly
Native extension for WindowsStandalone target not found
Refreshing native plugins compatible for Editor in 2.18 ms, found 0 plugins.
Preloading 0 native plugins for Editor in 0.00 ms.
Mono: successfully reloaded assembly
- Completed reload, in  1.211 seconds
Platform modules already initialized, skipping
Shader 'Nature/Terrain/StylizedTerrain': dependency 'BaseMapShader' shader 'ASESampleShaders/SimpleTerrainBase' not found
Shader 'Nature/Terrain/StylizedTerrain': dependency 'AddPassShader' shader 'ASESampleShaders/Terrain/SimpleTerrainAddPass' not found
Refreshing native plugins compatible for Editor in 1.76 ms, found 0 plugins.
Preloading 0 native plugins for Editor in 0.00 ms.
Unloading 2906 Unused Serialized files (Serialized files now loaded: 0)
System memory in use before: 257.4 MB.
System memory in use after: 257.6 MB.

Unloading 33 unused Assets to reduce memory usage. Loaded Objects now: 3775.
Total: 6.548900 ms (FindLiveObjects: 0.290700 ms CreateObjectMapping: 0.203600 ms MarkObjects: 6.028700 ms  DeleteObjects: 0.024900 ms)

========================================================================
Received Prepare
Registering precompiled user dll's ...
Registered in 0.002550 seconds.
Begin MonoManager ReloadAssembly
Native extension for WindowsStandalone target not found
Refreshing native plugins compatible for Editor in 1.96 ms, found 0 plugins.
Preloading 0 native plugins for Editor in 0.00 ms.
Mono: successfully reloaded assembly
- Completed reload, in  0.953 seconds
Platform modules already initialized, skipping
Shader 'Nature/Terrain/StylizedTerrain': dependency 'BaseMapShader' shader 'ASESampleShaders/SimpleTerrainBase' not found
Shader 'Nature/Terrain/StylizedTerrain': dependency 'AddPassShader' shader 'ASESampleShaders/Terrain/SimpleTerrainAddPass' not found
Refreshing native plugins compatible for Editor in 2.65 ms, found 0 plugins.
Preloading 0 native plugins for Editor in 0.00 ms.
Unloading 2906 Unused Serialized files (Serialized files now loaded: 0)
System memory in use before: 257.4 MB.
System memory in use after: 257.7 MB.

Unloading 33 unused Assets to reduce memory usage. Loaded Objects now: 3778.
Total: 6.428700 ms (FindLiveObjects: 0.298600 ms CreateObjectMapping: 0.211600 ms MarkObjects: 5.895400 ms  DeleteObjects: 0.022200 ms)

========================================================================
Received Prepare
Registering precompiled user dll's ...
Registered in 0.003726 seconds.
Begin MonoManager ReloadAssembly
Native extension for WindowsStandalone target not found
Refreshing native plugins compatible for Editor in 2.75 ms, found 0 plugins.
Preloading 0 native plugins for Editor in 0.00 ms.
Mono: successfully reloaded assembly
- Completed reload, in  1.433 seconds
Platform modules already initialized, skipping
Shader 'Nature/Terrain/StylizedTerrain': dependency 'BaseMapShader' shader 'ASESampleShaders/SimpleTerrainBase' not found
Shader 'Nature/Terrain/StylizedTerrain': dependency 'AddPassShader' shader 'ASESampleShaders/Terrain/SimpleTerrainAddPass' not found
Refreshing native plugins compatible for Editor in 1.56 ms, found 0 plugins.
Preloading 0 native plugins for Editor in 0.00 ms.
Unloading 2906 Unused Serialized files (Serialized files now loaded: 0)
System memory in use before: 257.4 MB.
System memory in use after: 257.7 MB.

Unloading 33 unused Assets to reduce memory usage. Loaded Objects now: 3781.
Total: 6.156600 ms (FindLiveObjects: 0.242900 ms CreateObjectMapping: 0.139400 ms MarkObjects: 5.752900 ms  DeleteObjects: 0.020500 ms)

========================================================================
Received Prepare
Registering precompiled user dll's ...
Registered in 0.003014 seconds.
Begin MonoManager ReloadAssembly
Native extension for WindowsStandalone target not found
Refreshing native plugins compatible for Editor in 1.56 ms, found 0 plugins.
Preloading 0 native plugins for Editor in 0.00 ms.
Mono: successfully reloaded assembly
- Completed reload, in  1.041 seconds
Platform modules already initialized, skipping
Shader 'Nature/Terrain/StylizedTerrain': dependency 'BaseMapShader' shader 'ASESampleShaders/SimpleTerrainBase' not found
Shader 'Nature/Terrain/StylizedTerrain': dependency 'AddPassShader' shader 'ASESampleShaders/Terrain/SimpleTerrainAddPass' not found
Refreshing native plugins compatible for Editor in 3.20 ms, found 0 plugins.
Preloading 0 native plugins for Editor in 0.00 ms.
Unloading 2906 Unused Serialized files (Serialized files now loaded: 0)
System memory in use before: 257.5 MB.
System memory in use after: 257.7 MB.

Unloading 33 unused Assets to reduce memory usage. Loaded Objects now: 3784.
Total: 7.689900 ms (FindLiveObjects: 0.331900 ms CreateObjectMapping: 0.187600 ms MarkObjects: 7.143400 ms  DeleteObjects: 0.025700 ms)

========================================================================
Received Import Request.
  Time since last request: 682.759201 seconds.
  path: Assets/Imports/Sci-Fi Styled Modular Pack/Materials/lattice floor.mat
  artifactKey: Guid(62dcf96e239eb0d4db44cbe622abf152) Importer(815301076,1909f56bfc062723c751e8b465ee728b)
Start importing Assets/Imports/Sci-Fi Styled Modular Pack/Materials/lattice floor.mat using Guid(62dcf96e239eb0d4db44cbe622abf152) Importer(815301076,1909f56bfc062723c751e8b465ee728b)  -> (artifact id: 'd11abd93cb0a4f4161e1c7920ebf511e') in 1.744236 seconds 
========================================================================
Received Import Request.
  Time since last request: 205.390303 seconds.
  path: Assets/Prefabs/Mechanisms/Switch.prefab
  artifactKey: Guid(218803e45402f904aa5e604f6eb438d7) Importer(815301076,1909f56bfc062723c751e8b465ee728b)
Start importing Assets/Prefabs/Mechanisms/Switch.prefab using Guid(218803e45402f904aa5e604f6eb438d7) Importer(815301076,1909f56bfc062723c751e8b465ee728b)  -> (artifact id: '8d6f95692e1054b086c0f25ebdc3b0ff') in 0.028043 seconds 
========================================================================
Received Prepare
Registering precompiled user dll's ...
Registered in 0.003143 seconds.
Begin MonoManager ReloadAssembly
Native extension for WindowsStandalone target not found
Refreshing native plugins compatible for Editor in 1.57 ms, found 0 plugins.
Preloading 0 native plugins for Editor in 0.00 ms.
Mono: successfully reloaded assembly
- Completed reload, in  0.962 seconds
Platform modules already initialized, skipping
Shader 'Nature/Terrain/StylizedTerrain': dependency 'BaseMapShader' shader 'ASESampleShaders/SimpleTerrainBase' not found
Shader 'Nature/Terrain/StylizedTerrain': dependency 'AddPassShader' shader 'ASESampleShaders/Terrain/SimpleTerrainAddPass' not found
Refreshing native plugins compatible for Editor in 1.76 ms, found 0 plugins.
Preloading 0 native plugins for Editor in 0.00 ms.
Unloading 2906 Unused Serialized files (Serialized files now loaded: 0)
System memory in use before: 257.7 MB.
System memory in use after: 257.9 MB.

Unloading 33 unused Assets to reduce memory usage. Loaded Objects now: 3821.
Total: 7.017300 ms (FindLiveObjects: 0.291100 ms CreateObjectMapping: 0.171100 ms MarkObjects: 6.525100 ms  DeleteObjects: 0.028900 ms)

========================================================================
Received Import Request.
  Time since last request: 8.374268 seconds.
  path: Assets/Prefabs/Mechanisms/Disable Portal 1.prefab
  artifactKey: Guid(55ac31bfe6545c54da142f0f42e875c4) Importer(815301076,1909f56bfc062723c751e8b465ee728b)
Start importing Assets/Prefabs/Mechanisms/Disable Portal 1.prefab using Guid(55ac31bfe6545c54da142f0f42e875c4) Importer(815301076,1909f56bfc062723c751e8b465ee728b)  -> (artifact id: 'f5df346542a6e940f342024e7f568590') in 1.204243 seconds 
========================================================================
Received Import Request.
  Time since last request: 0.900771 seconds.
  path: Assets/Prefabs/Mechanisms/Disable Portal.prefab
  artifactKey: Guid(55ac31bfe6545c54da142f0f42e875c4) Importer(815301076,1909f56bfc062723c751e8b465ee728b)
Start importing Assets/Prefabs/Mechanisms/Disable Portal.prefab using Guid(55ac31bfe6545c54da142f0f42e875c4) Importer(815301076,1909f56bfc062723c751e8b465ee728b)  -> (artifact id: '53a4d64290437261b08636f36c34d135') in 0.050526 seconds 
========================================================================
Received Prepare
Registering precompiled user dll's ...
Registered in 0.003827 seconds.
Begin MonoManager ReloadAssembly
Native extension for WindowsStandalone target not found
Refreshing native plugins compatible for Editor in 1.83 ms, found 0 plugins.
Preloading 0 native plugins for Editor in 0.00 ms.
Mono: successfully reloaded assembly
- Completed reload, in  1.067 seconds
Platform modules already initialized, skipping
Shader 'Nature/Terrain/StylizedTerrain': dependency 'BaseMapShader' shader 'ASESampleShaders/SimpleTerrainBase' not found
Shader 'Nature/Terrain/StylizedTerrain': dependency 'AddPassShader' shader 'ASESampleShaders/Terrain/SimpleTerrainAddPass' not found
Refreshing native plugins compatible for Editor in 3.32 ms, found 0 plugins.
Preloading 0 native plugins for Editor in 0.00 ms.
Unloading 2906 Unused Serialized files (Serialized files now loaded: 0)
System memory in use before: 257.7 MB.
System memory in use after: 258.0 MB.

Unloading 33 unused Assets to reduce memory usage. Loaded Objects now: 3825.
Total: 12.880800 ms (FindLiveObjects: 0.303900 ms CreateObjectMapping: 0.204500 ms MarkObjects: 12.320000 ms  DeleteObjects: 0.050600 ms)

